2022-09-30 13:01:39,238 [Thread-43] INFO  org.springframework.boot.web.embedded.tomcat.GracefulShutdown(shutDownGracefully:53) - Commencing graceful shutdown. Waiting for active requests to complete
2022-09-30 13:01:40,494 [tomcat-shutdown] INFO  org.springframework.boot.web.embedded.tomcat.GracefulShutdown(doShutdown:78) - Graceful shutdown complete
2022-09-30 13:01:41,042 [restartedMain] INFO  org.springframework.boot.web.embedded.tomcat.TomcatWebServer(initialize:108) - Tomcat initialized with port(s): 8080 (http)
2022-09-30 13:01:41,084 [restartedMain] INFO  org.springframework.boot.web.servlet.context.ServletWebServerApplicationContext(prepareWebApplicationContext:292) - Root WebApplicationContext: initialization completed in 457 ms
2022-09-30 13:01:41,282 [restartedMain] INFO  org.springframework.boot.autoconfigure.web.servlet.WelcomePageHandlerMapping(<init>:57) - Adding welcome page template: index
2022-09-30 13:01:41,381 [restartedMain] INFO  org.springframework.boot.devtools.autoconfigure.OptionalLiveReloadServer(startServer:58) - LiveReload server is running on port 35729
2022-09-30 13:01:41,401 [restartedMain] INFO  org.springframework.boot.web.embedded.tomcat.TomcatWebServer(start:220) - Tomcat started on port(s): 8080 (http) with context path ''
2022-09-30 13:01:41,413 [restartedMain] INFO  org.springframework.boot.devtools.autoconfigure.ConditionEvaluationDeltaLoggingListener(onApplicationEvent:63) - Condition evaluation unchanged
2022-09-30 13:02:47,661 [Thread-47] INFO  org.springframework.boot.web.embedded.tomcat.GracefulShutdown(shutDownGracefully:53) - Commencing graceful shutdown. Waiting for active requests to complete
2022-09-30 13:02:48,985 [tomcat-shutdown] INFO  org.springframework.boot.web.embedded.tomcat.GracefulShutdown(doShutdown:78) - Graceful shutdown complete
2022-09-30 13:02:49,361 [restartedMain] INFO  org.springframework.boot.web.embedded.tomcat.TomcatWebServer(initialize:108) - Tomcat initialized with port(s): 8080 (http)
2022-09-30 13:02:49,377 [restartedMain] INFO  org.springframework.boot.web.servlet.context.ServletWebServerApplicationContext(prepareWebApplicationContext:292) - Root WebApplicationContext: initialization completed in 263 ms
2022-09-30 13:02:49,458 [restartedMain] INFO  org.springframework.boot.autoconfigure.web.servlet.WelcomePageHandlerMapping(<init>:57) - Adding welcome page template: index
2022-09-30 13:02:49,489 [restartedMain] INFO  org.springframework.boot.devtools.autoconfigure.OptionalLiveReloadServer(startServer:58) - LiveReload server is running on port 35729
2022-09-30 13:02:49,497 [restartedMain] INFO  org.springframework.boot.web.embedded.tomcat.TomcatWebServer(start:220) - Tomcat started on port(s): 8080 (http) with context path ''
2022-09-30 13:02:49,501 [restartedMain] INFO  org.springframework.boot.devtools.autoconfigure.ConditionEvaluationDeltaLoggingListener(onApplicationEvent:63) - Condition evaluation unchanged
2022-09-30 13:06:26,005 [Thread-51] INFO  org.springframework.boot.web.embedded.tomcat.GracefulShutdown(shutDownGracefully:53) - Commencing graceful shutdown. Waiting for active requests to complete
2022-09-30 13:06:27,430 [tomcat-shutdown] INFO  org.springframework.boot.web.embedded.tomcat.GracefulShutdown(doShutdown:78) - Graceful shutdown complete
2022-09-30 13:06:27,751 [restartedMain] INFO  org.springframework.boot.web.embedded.tomcat.TomcatWebServer(initialize:108) - Tomcat initialized with port(s): 8080 (http)
2022-09-30 13:06:27,767 [restartedMain] INFO  org.springframework.boot.web.servlet.context.ServletWebServerApplicationContext(prepareWebApplicationContext:292) - Root WebApplicationContext: initialization completed in 234 ms
2022-09-30 13:06:27,949 [restartedMain] INFO  org.springframework.boot.autoconfigure.web.servlet.WelcomePageHandlerMapping(<init>:57) - Adding welcome page template: index
2022-09-30 13:06:28,024 [restartedMain] INFO  org.springframework.boot.devtools.autoconfigure.OptionalLiveReloadServer(startServer:58) - LiveReload server is running on port 35729
2022-09-30 13:06:28,038 [restartedMain] INFO  org.springframework.boot.web.embedded.tomcat.TomcatWebServer(start:220) - Tomcat started on port(s): 8080 (http) with context path ''
2022-09-30 13:06:28,042 [restartedMain] INFO  org.springframework.boot.devtools.autoconfigure.ConditionEvaluationDeltaLoggingListener(onApplicationEvent:63) - Condition evaluation unchanged
2022-09-30 13:06:31,830 [SpringApplicationShutdownHook] INFO  org.springframework.boot.web.embedded.tomcat.GracefulShutdown(shutDownGracefully:53) - Commencing graceful shutdown. Waiting for active requests to complete
2022-09-30 13:06:32,816 [tomcat-shutdown] INFO  org.springframework.boot.web.embedded.tomcat.GracefulShutdown(doShutdown:78) - Graceful shutdown complete
2022-09-30 13:13:40,992 [restartedMain] INFO  org.springframework.boot.devtools.restart.ChangeableUrls(logTo:255) - The Class-Path manifest attribute in C:\Users\LAB_01\.gradle\caches\modules-2\files-2.1\com.oracle.database.nls\orai18n\21.5.0.0\a073ce669c94e444c45036c0e528eb03fb30a46e\orai18n-21.5.0.0.jar referenced one or more files that do not exist: file:/C:/Users/LAB_01/.gradle/caches/modules-2/files-2.1/com.oracle.database.nls/orai18n/21.5.0.0/a073ce669c94e444c45036c0e528eb03fb30a46e/orai18n-mapping.jar,file:/C:/Users/LAB_01/.gradle/caches/modules-2/files-2.1/com.oracle.database.nls/orai18n/21.5.0.0/a073ce669c94e444c45036c0e528eb03fb30a46e/orai18n-utility.jar,file:/C:/Users/LAB_01/.gradle/caches/modules-2/files-2.1/com.oracle.database.nls/orai18n/21.5.0.0/a073ce669c94e444c45036c0e528eb03fb30a46e/orai18n-collation.jar,file:/C:/Users/LAB_01/.gradle/caches/modules-2/files-2.1/com.oracle.database.nls/orai18n/21.5.0.0/a073ce669c94e444c45036c0e528eb03fb30a46e/orai18n-translation.jar,file:/C:/Users/LAB_01/.gradle/caches/modules-2/files-2.1/com.oracle.database.nls/orai18n/21.5.0.0/a073ce669c94e444c45036c0e528eb03fb30a46e/orai18n-net.jar,file:/C:/Users/LAB_01/.gradle/caches/modules-2/files-2.1/com.oracle.database.nls/orai18n/21.5.0.0/a073ce669c94e444c45036c0e528eb03fb30a46e/orai18n-servlet.jar,file:/C:/Users/LAB_01/.gradle/caches/modules-2/files-2.1/com.oracle.database.nls/orai18n/21.5.0.0/a073ce669c94e444c45036c0e528eb03fb30a46e/orai18n-lcsd.jar,file:/C:/Users/LAB_01/.gradle/caches/modules-2/files-2.1/com.oracle.database.nls/orai18n/21.5.0.0/a073ce669c94e444c45036c0e528eb03fb30a46e/orai18n-tools.jar,file:/C:/Users/LAB_01/.gradle/caches/modules-2/files-2.1/com.oracle.database.nls/orai18n/21.5.0.0/a073ce669c94e444c45036c0e528eb03fb30a46e/gdk_custom.jar
2022-09-30 13:13:40,992 [restartedMain] INFO  org.springframework.boot.devtools.restart.ChangeableUrls(logTo:255) - The Class-Path manifest attribute in C:\Users\LAB_01\.gradle\caches\modules-2\files-2.1\com.oracle.database.jdbc\ojdbc8\21.5.0.0\eb13f0948ca8675f71d59b5e8a1129d4c6189e7a\ojdbc8-21.5.0.0.jar referenced one or more files that do not exist: file:/C:/Users/LAB_01/.gradle/caches/modules-2/files-2.1/com.oracle.database.jdbc/ojdbc8/21.5.0.0/eb13f0948ca8675f71d59b5e8a1129d4c6189e7a/oraclepki.jar
2022-09-30 13:13:40,993 [restartedMain] INFO  org.springframework.boot.devtools.env.DevToolsPropertyDefaultsPostProcessor(logTo:255) - Devtools property defaults active! Set 'spring.devtools.add-properties' to 'false' to disable
2022-09-30 13:13:40,993 [restartedMain] INFO  org.springframework.boot.devtools.env.DevToolsPropertyDefaultsPostProcessor(logTo:255) - For additional web related logging consider setting the 'logging.level.web' property to 'DEBUG'
2022-09-30 13:13:41,951 [restartedMain] INFO  org.springframework.boot.web.embedded.tomcat.TomcatWebServer(initialize:108) - Tomcat initialized with port(s): 8080 (http)
2022-09-30 13:13:42,040 [restartedMain] INFO  org.springframework.boot.web.servlet.context.ServletWebServerApplicationContext(prepareWebApplicationContext:292) - Root WebApplicationContext: initialization completed in 1047 ms
2022-09-30 13:13:42,491 [restartedMain] INFO  org.springframework.boot.autoconfigure.web.servlet.WelcomePageHandlerMapping(<init>:57) - Adding welcome page template: index
2022-09-30 13:13:42,697 [restartedMain] INFO  org.springframework.boot.devtools.autoconfigure.OptionalLiveReloadServer(startServer:58) - LiveReload server is running on port 35729
2022-09-30 13:13:42,726 [restartedMain] INFO  org.springframework.boot.web.embedded.tomcat.TomcatWebServer(start:220) - Tomcat started on port(s): 8080 (http) with context path ''
2022-09-30 13:13:57,574 [http-nio-8080-exec-1] INFO  org.springframework.web.servlet.DispatcherServlet(initServletBean:525) - Initializing Servlet 'dispatcherServlet'
2022-09-30 13:13:57,575 [http-nio-8080-exec-1] INFO  org.springframework.web.servlet.DispatcherServlet(initServletBean:547) - Completed initialization in 0 ms
2022-09-30 13:14:42,664 [Thread-9] INFO  org.springframework.boot.web.embedded.tomcat.GracefulShutdown(shutDownGracefully:53) - Commencing graceful shutdown. Waiting for active requests to complete
2022-09-30 13:14:43,623 [tomcat-shutdown] INFO  org.springframework.boot.web.embedded.tomcat.GracefulShutdown(doShutdown:78) - Graceful shutdown complete
2022-09-30 13:14:44,043 [restartedMain] INFO  org.springframework.boot.web.embedded.tomcat.TomcatWebServer(initialize:108) - Tomcat initialized with port(s): 8080 (http)
2022-09-30 13:14:44,064 [restartedMain] INFO  org.springframework.boot.web.servlet.context.ServletWebServerApplicationContext(prepareWebApplicationContext:292) - Root WebApplicationContext: initialization completed in 285 ms
2022-09-30 13:14:44,199 [restartedMain] INFO  org.springframework.boot.autoconfigure.web.servlet.WelcomePageHandlerMapping(<init>:57) - Adding welcome page template: index
2022-09-30 13:14:44,250 [restartedMain] INFO  org.springframework.boot.devtools.autoconfigure.OptionalLiveReloadServer(startServer:58) - LiveReload server is running on port 35729
2022-09-30 13:14:44,261 [restartedMain] INFO  org.springframework.boot.web.embedded.tomcat.TomcatWebServer(start:220) - Tomcat started on port(s): 8080 (http) with context path ''
2022-09-30 13:14:44,267 [restartedMain] INFO  org.springframework.boot.devtools.autoconfigure.ConditionEvaluationDeltaLoggingListener(onApplicationEvent:63) - Condition evaluation unchanged
2022-09-30 13:20:55,168 [SpringApplicationShutdownHook] INFO  org.springframework.boot.web.embedded.tomcat.GracefulShutdown(shutDownGracefully:53) - Commencing graceful shutdown. Waiting for active requests to complete
2022-09-30 13:20:56,142 [tomcat-shutdown] INFO  org.springframework.boot.web.embedded.tomcat.GracefulShutdown(doShutdown:78) - Graceful shutdown complete
2022-09-30 13:21:04,194 [restartedMain] INFO  org.springframework.boot.devtools.restart.ChangeableUrls(logTo:255) - The Class-Path manifest attribute in C:\Users\LAB_01\.gradle\caches\modules-2\files-2.1\com.oracle.database.nls\orai18n\21.5.0.0\a073ce669c94e444c45036c0e528eb03fb30a46e\orai18n-21.5.0.0.jar referenced one or more files that do not exist: file:/C:/Users/LAB_01/.gradle/caches/modules-2/files-2.1/com.oracle.database.nls/orai18n/21.5.0.0/a073ce669c94e444c45036c0e528eb03fb30a46e/orai18n-mapping.jar,file:/C:/Users/LAB_01/.gradle/caches/modules-2/files-2.1/com.oracle.database.nls/orai18n/21.5.0.0/a073ce669c94e444c45036c0e528eb03fb30a46e/orai18n-utility.jar,file:/C:/Users/LAB_01/.gradle/caches/modules-2/files-2.1/com.oracle.database.nls/orai18n/21.5.0.0/a073ce669c94e444c45036c0e528eb03fb30a46e/orai18n-collation.jar,file:/C:/Users/LAB_01/.gradle/caches/modules-2/files-2.1/com.oracle.database.nls/orai18n/21.5.0.0/a073ce669c94e444c45036c0e528eb03fb30a46e/orai18n-translation.jar,file:/C:/Users/LAB_01/.gradle/caches/modules-2/files-2.1/com.oracle.database.nls/orai18n/21.5.0.0/a073ce669c94e444c45036c0e528eb03fb30a46e/orai18n-net.jar,file:/C:/Users/LAB_01/.gradle/caches/modules-2/files-2.1/com.oracle.database.nls/orai18n/21.5.0.0/a073ce669c94e444c45036c0e528eb03fb30a46e/orai18n-servlet.jar,file:/C:/Users/LAB_01/.gradle/caches/modules-2/files-2.1/com.oracle.database.nls/orai18n/21.5.0.0/a073ce669c94e444c45036c0e528eb03fb30a46e/orai18n-lcsd.jar,file:/C:/Users/LAB_01/.gradle/caches/modules-2/files-2.1/com.oracle.database.nls/orai18n/21.5.0.0/a073ce669c94e444c45036c0e528eb03fb30a46e/orai18n-tools.jar,file:/C:/Users/LAB_01/.gradle/caches/modules-2/files-2.1/com.oracle.database.nls/orai18n/21.5.0.0/a073ce669c94e444c45036c0e528eb03fb30a46e/gdk_custom.jar
2022-09-30 13:21:04,195 [restartedMain] INFO  org.springframework.boot.devtools.restart.ChangeableUrls(logTo:255) - The Class-Path manifest attribute in C:\Users\LAB_01\.gradle\caches\modules-2\files-2.1\com.oracle.database.jdbc\ojdbc8\21.5.0.0\eb13f0948ca8675f71d59b5e8a1129d4c6189e7a\ojdbc8-21.5.0.0.jar referenced one or more files that do not exist: file:/C:/Users/LAB_01/.gradle/caches/modules-2/files-2.1/com.oracle.database.jdbc/ojdbc8/21.5.0.0/eb13f0948ca8675f71d59b5e8a1129d4c6189e7a/oraclepki.jar
2022-09-30 13:21:04,195 [restartedMain] INFO  org.springframework.boot.devtools.env.DevToolsPropertyDefaultsPostProcessor(logTo:255) - Devtools property defaults active! Set 'spring.devtools.add-properties' to 'false' to disable
2022-09-30 13:21:04,195 [restartedMain] INFO  org.springframework.boot.devtools.env.DevToolsPropertyDefaultsPostProcessor(logTo:255) - For additional web related logging consider setting the 'logging.level.web' property to 'DEBUG'
2022-09-30 13:21:04,989 [restartedMain] INFO  org.springframework.boot.web.embedded.tomcat.TomcatWebServer(initialize:108) - Tomcat initialized with port(s): 8080 (http)
2022-09-30 13:21:05,066 [restartedMain] INFO  org.springframework.boot.web.servlet.context.ServletWebServerApplicationContext(prepareWebApplicationContext:292) - Root WebApplicationContext: initialization completed in 870 ms
2022-09-30 13:21:05,534 [restartedMain] INFO  org.springframework.boot.autoconfigure.web.servlet.WelcomePageHandlerMapping(<init>:57) - Adding welcome page template: index
2022-09-30 13:21:05,775 [restartedMain] INFO  org.springframework.boot.devtools.autoconfigure.OptionalLiveReloadServer(startServer:58) - LiveReload server is running on port 35729
2022-09-30 13:21:05,808 [restartedMain] INFO  org.springframework.boot.web.embedded.tomcat.TomcatWebServer(start:220) - Tomcat started on port(s): 8080 (http) with context path ''
2022-09-30 13:21:11,516 [http-nio-8080-exec-1] INFO  org.springframework.web.servlet.DispatcherServlet(initServletBean:525) - Initializing Servlet 'dispatcherServlet'
2022-09-30 13:21:11,518 [http-nio-8080-exec-1] INFO  org.springframework.web.servlet.DispatcherServlet(initServletBean:547) - Completed initialization in 1 ms
2022-09-30 13:21:51,221 [Thread-9] INFO  org.springframework.boot.web.embedded.tomcat.GracefulShutdown(shutDownGracefully:53) - Commencing graceful shutdown. Waiting for active requests to complete
2022-09-30 13:21:52,502 [tomcat-shutdown] INFO  org.springframework.boot.web.embedded.tomcat.GracefulShutdown(doShutdown:78) - Graceful shutdown complete
2022-09-30 13:21:53,011 [restartedMain] INFO  org.springframework.boot.web.embedded.tomcat.TomcatWebServer(initialize:108) - Tomcat initialized with port(s): 8080 (http)
2022-09-30 13:21:53,030 [restartedMain] INFO  org.springframework.boot.web.servlet.context.ServletWebServerApplicationContext(prepareWebApplicationContext:292) - Root WebApplicationContext: initialization completed in 332 ms
2022-09-30 13:21:53,151 [restartedMain] INFO  org.springframework.boot.autoconfigure.web.servlet.WelcomePageHandlerMapping(<init>:57) - Adding welcome page template: index
2022-09-30 13:21:53,205 [restartedMain] INFO  org.springframework.boot.devtools.autoconfigure.OptionalLiveReloadServer(startServer:58) - LiveReload server is running on port 35729
2022-09-30 13:21:53,216 [restartedMain] INFO  org.springframework.boot.web.embedded.tomcat.TomcatWebServer(start:220) - Tomcat started on port(s): 8080 (http) with context path ''
2022-09-30 13:21:53,222 [restartedMain] INFO  org.springframework.boot.devtools.autoconfigure.ConditionEvaluationDeltaLoggingListener(onApplicationEvent:63) - Condition evaluation unchanged
2022-09-30 13:21:53,394 [http-nio-8080-exec-1] INFO  org.springframework.web.servlet.DispatcherServlet(initServletBean:525) - Initializing Servlet 'dispatcherServlet'
2022-09-30 13:21:53,394 [http-nio-8080-exec-1] INFO  org.springframework.web.servlet.DispatcherServlet(initServletBean:547) - Completed initialization in 0 ms
2022-09-30 13:23:09,225 [Thread-15] INFO  org.springframework.boot.web.embedded.tomcat.GracefulShutdown(shutDownGracefully:53) - Commencing graceful shutdown. Waiting for active requests to complete
2022-09-30 13:23:10,285 [tomcat-shutdown] INFO  org.springframework.boot.web.embedded.tomcat.GracefulShutdown(doShutdown:78) - Graceful shutdown complete
2022-09-30 13:23:10,829 [restartedMain] INFO  org.springframework.boot.web.embedded.tomcat.TomcatWebServer(initialize:108) - Tomcat initialized with port(s): 8080 (http)
2022-09-30 13:23:10,856 [restartedMain] INFO  org.springframework.boot.web.servlet.context.ServletWebServerApplicationContext(prepareWebApplicationContext:292) - Root WebApplicationContext: initialization completed in 360 ms
2022-09-30 13:23:10,969 [restartedMain] INFO  org.springframework.boot.autoconfigure.web.servlet.WelcomePageHandlerMapping(<init>:57) - Adding welcome page template: index
2022-09-30 13:23:11,020 [restartedMain] INFO  org.springframework.boot.devtools.autoconfigure.OptionalLiveReloadServer(startServer:58) - LiveReload server is running on port 35729
2022-09-30 13:23:11,029 [restartedMain] INFO  org.springframework.boot.web.embedded.tomcat.TomcatWebServer(start:220) - Tomcat started on port(s): 8080 (http) with context path ''
2022-09-30 13:23:11,034 [restartedMain] INFO  org.springframework.boot.devtools.autoconfigure.ConditionEvaluationDeltaLoggingListener(onApplicationEvent:63) - Condition evaluation unchanged
2022-09-30 13:23:11,066 [http-nio-8080-exec-1] INFO  org.springframework.web.servlet.DispatcherServlet(initServletBean:525) - Initializing Servlet 'dispatcherServlet'
2022-09-30 13:23:11,067 [http-nio-8080-exec-1] INFO  org.springframework.web.servlet.DispatcherServlet(initServletBean:547) - Completed initialization in 1 ms
2022-09-30 13:28:00,506 [Thread-19] INFO  org.springframework.boot.web.embedded.tomcat.GracefulShutdown(shutDownGracefully:53) - Commencing graceful shutdown. Waiting for active requests to complete
2022-09-30 13:28:01,672 [tomcat-shutdown] INFO  org.springframework.boot.web.embedded.tomcat.GracefulShutdown(doShutdown:78) - Graceful shutdown complete
2022-09-30 13:28:02,059 [restartedMain] INFO  org.springframework.boot.web.embedded.tomcat.TomcatWebServer(initialize:108) - Tomcat initialized with port(s): 8080 (http)
2022-09-30 13:28:02,078 [restartedMain] INFO  org.springframework.boot.web.servlet.context.ServletWebServerApplicationContext(prepareWebApplicationContext:292) - Root WebApplicationContext: initialization completed in 263 ms
2022-09-30 13:28:02,183 [restartedMain] INFO  org.springframework.boot.autoconfigure.web.servlet.WelcomePageHandlerMapping(<init>:57) - Adding welcome page template: index
2022-09-30 13:28:02,229 [restartedMain] INFO  org.springframework.boot.devtools.autoconfigure.OptionalLiveReloadServer(startServer:58) - LiveReload server is running on port 35729
2022-09-30 13:28:02,246 [restartedMain] INFO  org.springframework.boot.web.embedded.tomcat.TomcatWebServer(start:220) - Tomcat started on port(s): 8080 (http) with context path ''
2022-09-30 13:28:02,252 [restartedMain] INFO  org.springframework.boot.devtools.autoconfigure.ConditionEvaluationDeltaLoggingListener(onApplicationEvent:63) - Condition evaluation unchanged
2022-09-30 13:28:23,876 [http-nio-8080-exec-1] INFO  org.springframework.web.servlet.DispatcherServlet(initServletBean:525) - Initializing Servlet 'dispatcherServlet'
2022-09-30 13:28:23,877 [http-nio-8080-exec-1] INFO  org.springframework.web.servlet.DispatcherServlet(initServletBean:547) - Completed initialization in 1 ms
2022-09-30 13:28:26,139 [Thread-23] INFO  org.springframework.boot.web.embedded.tomcat.GracefulShutdown(shutDownGracefully:53) - Commencing graceful shutdown. Waiting for active requests to complete
2022-09-30 13:28:27,533 [tomcat-shutdown] INFO  org.springframework.boot.web.embedded.tomcat.GracefulShutdown(doShutdown:78) - Graceful shutdown complete
2022-09-30 13:28:27,874 [restartedMain] INFO  org.springframework.boot.web.embedded.tomcat.TomcatWebServer(initialize:108) - Tomcat initialized with port(s): 8080 (http)
2022-09-30 13:28:27,896 [restartedMain] INFO  org.springframework.boot.web.servlet.context.ServletWebServerApplicationContext(prepareWebApplicationContext:292) - Root WebApplicationContext: initialization completed in 228 ms
2022-09-30 13:28:27,993 [restartedMain] INFO  org.springframework.boot.autoconfigure.web.servlet.WelcomePageHandlerMapping(<init>:57) - Adding welcome page template: index
2022-09-30 13:28:28,027 [restartedMain] INFO  org.springframework.boot.devtools.autoconfigure.OptionalLiveReloadServer(startServer:58) - LiveReload server is running on port 35729
2022-09-30 13:28:28,034 [restartedMain] INFO  org.springframework.boot.web.embedded.tomcat.TomcatWebServer(start:220) - Tomcat started on port(s): 8080 (http) with context path ''
2022-09-30 13:28:28,039 [restartedMain] INFO  org.springframework.boot.devtools.autoconfigure.ConditionEvaluationDeltaLoggingListener(onApplicationEvent:63) - Condition evaluation unchanged
2022-09-30 13:28:28,100 [http-nio-8080-exec-1] INFO  org.springframework.web.servlet.DispatcherServlet(initServletBean:525) - Initializing Servlet 'dispatcherServlet'
2022-09-30 13:28:28,101 [http-nio-8080-exec-1] INFO  org.springframework.web.servlet.DispatcherServlet(initServletBean:547) - Completed initialization in 0 ms
2022-09-30 13:28:55,957 [Thread-27] INFO  org.springframework.boot.web.embedded.tomcat.GracefulShutdown(shutDownGracefully:53) - Commencing graceful shutdown. Waiting for active requests to complete
2022-09-30 13:28:57,145 [tomcat-shutdown] INFO  org.springframework.boot.web.embedded.tomcat.GracefulShutdown(doShutdown:78) - Graceful shutdown complete
2022-09-30 13:28:57,480 [restartedMain] INFO  org.springframework.boot.web.embedded.tomcat.TomcatWebServer(initialize:108) - Tomcat initialized with port(s): 8080 (http)
2022-09-30 13:28:57,498 [restartedMain] INFO  org.springframework.boot.web.servlet.context.ServletWebServerApplicationContext(prepareWebApplicationContext:292) - Root WebApplicationContext: initialization completed in 243 ms
2022-09-30 13:28:57,607 [restartedMain] INFO  org.springframework.boot.autoconfigure.web.servlet.WelcomePageHandlerMapping(<init>:57) - Adding welcome page template: index
2022-09-30 13:28:57,652 [restartedMain] INFO  org.springframework.boot.devtools.autoconfigure.OptionalLiveReloadServer(startServer:58) - LiveReload server is running on port 35729
2022-09-30 13:28:57,661 [restartedMain] INFO  org.springframework.boot.web.embedded.tomcat.TomcatWebServer(start:220) - Tomcat started on port(s): 8080 (http) with context path ''
2022-09-30 13:28:57,665 [restartedMain] INFO  org.springframework.boot.devtools.autoconfigure.ConditionEvaluationDeltaLoggingListener(onApplicationEvent:63) - Condition evaluation unchanged
2022-09-30 13:30:24,544 [http-nio-8080-exec-1] INFO  org.springframework.web.servlet.DispatcherServlet(initServletBean:525) - Initializing Servlet 'dispatcherServlet'
2022-09-30 13:30:24,545 [http-nio-8080-exec-1] INFO  org.springframework.web.servlet.DispatcherServlet(initServletBean:547) - Completed initialization in 1 ms
2022-09-30 13:30:27,167 [Thread-31] INFO  org.springframework.boot.web.embedded.tomcat.GracefulShutdown(shutDownGracefully:53) - Commencing graceful shutdown. Waiting for active requests to complete
2022-09-30 13:30:28,256 [tomcat-shutdown] INFO  org.springframework.boot.web.embedded.tomcat.GracefulShutdown(doShutdown:78) - Graceful shutdown complete
2022-09-30 13:30:28,570 [restartedMain] INFO  org.springframework.boot.web.embedded.tomcat.TomcatWebServer(initialize:108) - Tomcat initialized with port(s): 8080 (http)
2022-09-30 13:30:28,589 [restartedMain] INFO  org.springframework.boot.web.servlet.context.ServletWebServerApplicationContext(prepareWebApplicationContext:292) - Root WebApplicationContext: initialization completed in 217 ms
2022-09-30 13:30:28,676 [restartedMain] INFO  org.springframework.boot.autoconfigure.web.servlet.WelcomePageHandlerMapping(<init>:57) - Adding welcome page template: index
2022-09-30 13:30:28,710 [restartedMain] INFO  org.springframework.boot.devtools.autoconfigure.OptionalLiveReloadServer(startServer:58) - LiveReload server is running on port 35729
2022-09-30 13:30:28,717 [restartedMain] INFO  org.springframework.boot.web.embedded.tomcat.TomcatWebServer(start:220) - Tomcat started on port(s): 8080 (http) with context path ''
2022-09-30 13:30:28,721 [restartedMain] INFO  org.springframework.boot.devtools.autoconfigure.ConditionEvaluationDeltaLoggingListener(onApplicationEvent:63) - Condition evaluation unchanged
2022-09-30 13:30:56,303 [http-nio-8080-exec-1] INFO  org.springframework.web.servlet.DispatcherServlet(initServletBean:525) - Initializing Servlet 'dispatcherServlet'
2022-09-30 13:30:56,304 [http-nio-8080-exec-1] INFO  org.springframework.web.servlet.DispatcherServlet(initServletBean:547) - Completed initialization in 1 ms
2022-09-30 13:30:58,769 [Thread-35] INFO  org.springframework.boot.web.embedded.tomcat.GracefulShutdown(shutDownGracefully:53) - Commencing graceful shutdown. Waiting for active requests to complete
2022-09-30 13:30:59,896 [tomcat-shutdown] INFO  org.springframework.boot.web.embedded.tomcat.GracefulShutdown(doShutdown:78) - Graceful shutdown complete
2022-09-30 13:31:00,266 [restartedMain] INFO  org.springframework.boot.web.embedded.tomcat.TomcatWebServer(initialize:108) - Tomcat initialized with port(s): 8080 (http)
2022-09-30 13:31:00,287 [restartedMain] INFO  org.springframework.boot.web.servlet.context.ServletWebServerApplicationContext(prepareWebApplicationContext:292) - Root WebApplicationContext: initialization completed in 269 ms
2022-09-30 13:31:00,391 [restartedMain] INFO  org.springframework.boot.autoconfigure.web.servlet.WelcomePageHandlerMapping(<init>:57) - Adding welcome page template: index
2022-09-30 13:31:00,431 [restartedMain] INFO  org.springframework.boot.devtools.autoconfigure.OptionalLiveReloadServer(startServer:58) - LiveReload server is running on port 35729
2022-09-30 13:31:00,440 [restartedMain] INFO  org.springframework.boot.web.embedded.tomcat.TomcatWebServer(start:220) - Tomcat started on port(s): 8080 (http) with context path ''
2022-09-30 13:31:00,444 [restartedMain] INFO  org.springframework.boot.devtools.autoconfigure.ConditionEvaluationDeltaLoggingListener(onApplicationEvent:63) - Condition evaluation unchanged
2022-09-30 13:31:40,291 [Thread-39] INFO  org.springframework.boot.web.embedded.tomcat.GracefulShutdown(shutDownGracefully:53) - Commencing graceful shutdown. Waiting for active requests to complete
2022-09-30 13:31:41,449 [tomcat-shutdown] INFO  org.springframework.boot.web.embedded.tomcat.GracefulShutdown(doShutdown:78) - Graceful shutdown complete
2022-09-30 13:31:41,762 [restartedMain] INFO  org.springframework.boot.web.embedded.tomcat.TomcatWebServer(initialize:108) - Tomcat initialized with port(s): 8080 (http)
2022-09-30 13:31:41,777 [restartedMain] INFO  org.springframework.boot.web.servlet.context.ServletWebServerApplicationContext(prepareWebApplicationContext:292) - Root WebApplicationContext: initialization completed in 212 ms
2022-09-30 13:31:41,856 [restartedMain] INFO  org.springframework.boot.autoconfigure.web.servlet.WelcomePageHandlerMapping(<init>:57) - Adding welcome page template: index
2022-09-30 13:31:41,885 [restartedMain] INFO  org.springframework.boot.devtools.autoconfigure.OptionalLiveReloadServer(startServer:58) - LiveReload server is running on port 35729
2022-09-30 13:31:41,892 [restartedMain] INFO  org.springframework.boot.web.embedded.tomcat.TomcatWebServer(start:220) - Tomcat started on port(s): 8080 (http) with context path ''
2022-09-30 13:31:41,895 [restartedMain] INFO  org.springframework.boot.devtools.autoconfigure.ConditionEvaluationDeltaLoggingListener(onApplicationEvent:63) - Condition evaluation unchanged
2022-09-30 13:31:42,533 [http-nio-8080-exec-1] INFO  org.springframework.web.servlet.DispatcherServlet(initServletBean:525) - Initializing Servlet 'dispatcherServlet'
2022-09-30 13:31:42,535 [http-nio-8080-exec-1] INFO  org.springframework.web.servlet.DispatcherServlet(initServletBean:547) - Completed initialization in 2 ms
2022-09-30 13:31:44,984 [Thread-43] INFO  org.springframework.boot.web.embedded.tomcat.GracefulShutdown(shutDownGracefully:53) - Commencing graceful shutdown. Waiting for active requests to complete
2022-09-30 13:31:46,365 [tomcat-shutdown] INFO  org.springframework.boot.web.embedded.tomcat.GracefulShutdown(doShutdown:78) - Graceful shutdown complete
2022-09-30 13:31:46,669 [restartedMain] INFO  org.springframework.boot.web.embedded.tomcat.TomcatWebServer(initialize:108) - Tomcat initialized with port(s): 8080 (http)
2022-09-30 13:31:46,687 [restartedMain] INFO  org.springframework.boot.web.servlet.context.ServletWebServerApplicationContext(prepareWebApplicationContext:292) - Root WebApplicationContext: initialization completed in 204 ms
2022-09-30 13:31:46,769 [restartedMain] INFO  org.springframework.boot.autoconfigure.web.servlet.WelcomePageHandlerMapping(<init>:57) - Adding welcome page template: index
2022-09-30 13:31:46,802 [restartedMain] INFO  org.springframework.boot.devtools.autoconfigure.OptionalLiveReloadServer(startServer:58) - LiveReload server is running on port 35729
2022-09-30 13:31:46,810 [restartedMain] INFO  org.springframework.boot.web.embedded.tomcat.TomcatWebServer(start:220) - Tomcat started on port(s): 8080 (http) with context path ''
2022-09-30 13:31:46,813 [restartedMain] INFO  org.springframework.boot.devtools.autoconfigure.ConditionEvaluationDeltaLoggingListener(onApplicationEvent:63) - Condition evaluation unchanged
2022-09-30 13:31:46,870 [http-nio-8080-exec-1] INFO  org.springframework.web.servlet.DispatcherServlet(initServletBean:525) - Initializing Servlet 'dispatcherServlet'
2022-09-30 13:31:46,871 [http-nio-8080-exec-1] INFO  org.springframework.web.servlet.DispatcherServlet(initServletBean:547) - Completed initialization in 1 ms
2022-09-30 13:32:38,608 [Thread-47] INFO  org.springframework.boot.web.embedded.tomcat.GracefulShutdown(shutDownGracefully:53) - Commencing graceful shutdown. Waiting for active requests to complete
2022-09-30 13:32:39,733 [tomcat-shutdown] INFO  org.springframework.boot.web.embedded.tomcat.GracefulShutdown(doShutdown:78) - Graceful shutdown complete
2022-09-30 13:32:40,025 [restartedMain] INFO  org.springframework.boot.web.embedded.tomcat.TomcatWebServer(initialize:108) - Tomcat initialized with port(s): 8080 (http)
2022-09-30 13:32:40,040 [restartedMain] INFO  org.springframework.boot.web.servlet.context.ServletWebServerApplicationContext(prepareWebApplicationContext:292) - Root WebApplicationContext: initialization completed in 206 ms
2022-09-30 13:32:40,115 [restartedMain] INFO  org.springframework.boot.autoconfigure.web.servlet.WelcomePageHandlerMapping(<init>:57) - Adding welcome page template: index
2022-09-30 13:32:40,145 [restartedMain] INFO  org.springframework.boot.devtools.autoconfigure.OptionalLiveReloadServer(startServer:58) - LiveReload server is running on port 35729
2022-09-30 13:32:40,153 [restartedMain] INFO  org.springframework.boot.web.embedded.tomcat.TomcatWebServer(start:220) - Tomcat started on port(s): 8080 (http) with context path ''
2022-09-30 13:32:40,156 [restartedMain] INFO  org.springframework.boot.devtools.autoconfigure.ConditionEvaluationDeltaLoggingListener(onApplicationEvent:63) - Condition evaluation unchanged
2022-09-30 13:32:52,658 [http-nio-8080-exec-1] INFO  org.springframework.web.servlet.DispatcherServlet(initServletBean:525) - Initializing Servlet 'dispatcherServlet'
2022-09-30 13:32:52,659 [http-nio-8080-exec-1] INFO  org.springframework.web.servlet.DispatcherServlet(initServletBean:547) - Completed initialization in 0 ms
2022-09-30 13:32:55,098 [Thread-51] INFO  org.springframework.boot.web.embedded.tomcat.GracefulShutdown(shutDownGracefully:53) - Commencing graceful shutdown. Waiting for active requests to complete
2022-09-30 13:32:56,348 [tomcat-shutdown] INFO  org.springframework.boot.web.embedded.tomcat.GracefulShutdown(doShutdown:78) - Graceful shutdown complete
2022-09-30 13:32:56,616 [restartedMain] INFO  org.springframework.boot.web.embedded.tomcat.TomcatWebServer(initialize:108) - Tomcat initialized with port(s): 8080 (http)
2022-09-30 13:32:56,632 [restartedMain] INFO  org.springframework.boot.web.servlet.context.ServletWebServerApplicationContext(prepareWebApplicationContext:292) - Root WebApplicationContext: initialization completed in 179 ms
2022-09-30 13:32:56,714 [restartedMain] INFO  org.springframework.boot.autoconfigure.web.servlet.WelcomePageHandlerMapping(<init>:57) - Adding welcome page template: index
2022-09-30 13:32:56,746 [restartedMain] INFO  org.springframework.boot.devtools.autoconfigure.OptionalLiveReloadServer(startServer:58) - LiveReload server is running on port 35729
2022-09-30 13:32:56,754 [restartedMain] INFO  org.springframework.boot.web.embedded.tomcat.TomcatWebServer(start:220) - Tomcat started on port(s): 8080 (http) with context path ''
2022-09-30 13:32:56,757 [restartedMain] INFO  org.springframework.boot.devtools.autoconfigure.ConditionEvaluationDeltaLoggingListener(onApplicationEvent:63) - Condition evaluation unchanged
2022-09-30 13:32:56,886 [http-nio-8080-exec-1] INFO  org.springframework.web.servlet.DispatcherServlet(initServletBean:525) - Initializing Servlet 'dispatcherServlet'
2022-09-30 13:32:56,887 [http-nio-8080-exec-1] INFO  org.springframework.web.servlet.DispatcherServlet(initServletBean:547) - Completed initialization in 1 ms
2022-09-30 13:33:26,930 [Thread-55] INFO  org.springframework.boot.web.embedded.tomcat.GracefulShutdown(shutDownGracefully:53) - Commencing graceful shutdown. Waiting for active requests to complete
2022-09-30 13:33:28,142 [tomcat-shutdown] INFO  org.springframework.boot.web.embedded.tomcat.GracefulShutdown(doShutdown:78) - Graceful shutdown complete
2022-09-30 13:33:28,481 [restartedMain] INFO  org.springframework.boot.web.embedded.tomcat.TomcatWebServer(initialize:108) - Tomcat initialized with port(s): 8080 (http)
2022-09-30 13:33:28,498 [restartedMain] INFO  org.springframework.boot.web.servlet.context.ServletWebServerApplicationContext(prepareWebApplicationContext:292) - Root WebApplicationContext: initialization completed in 232 ms
2022-09-30 13:33:28,592 [restartedMain] INFO  org.springframework.boot.autoconfigure.web.servlet.WelcomePageHandlerMapping(<init>:57) - Adding welcome page template: index
2022-09-30 13:33:28,632 [restartedMain] INFO  org.springframework.boot.devtools.autoconfigure.OptionalLiveReloadServer(startServer:58) - LiveReload server is running on port 35729
2022-09-30 13:33:28,640 [restartedMain] INFO  org.springframework.boot.web.embedded.tomcat.TomcatWebServer(start:220) - Tomcat started on port(s): 8080 (http) with context path ''
2022-09-30 13:33:28,643 [restartedMain] INFO  org.springframework.boot.devtools.autoconfigure.ConditionEvaluationDeltaLoggingListener(onApplicationEvent:63) - Condition evaluation unchanged
2022-09-30 13:33:28,801 [http-nio-8080-exec-1] INFO  org.springframework.web.servlet.DispatcherServlet(initServletBean:525) - Initializing Servlet 'dispatcherServlet'
2022-09-30 13:33:28,801 [http-nio-8080-exec-1] INFO  org.springframework.web.servlet.DispatcherServlet(initServletBean:547) - Completed initialization in 0 ms
2022-09-30 13:35:33,586 [Thread-59] INFO  org.springframework.boot.web.embedded.tomcat.GracefulShutdown(shutDownGracefully:53) - Commencing graceful shutdown. Waiting for active requests to complete
2022-09-30 13:35:34,753 [tomcat-shutdown] INFO  org.springframework.boot.web.embedded.tomcat.GracefulShutdown(doShutdown:78) - Graceful shutdown complete
2022-09-30 13:35:35,109 [restartedMain] INFO  org.springframework.boot.web.embedded.tomcat.TomcatWebServer(initialize:108) - Tomcat initialized with port(s): 8080 (http)
2022-09-30 13:35:35,128 [restartedMain] INFO  org.springframework.boot.web.servlet.context.ServletWebServerApplicationContext(prepareWebApplicationContext:292) - Root WebApplicationContext: initialization completed in 261 ms
2022-09-30 13:35:35,219 [restartedMain] INFO  org.springframework.boot.autoconfigure.web.servlet.WelcomePageHandlerMapping(<init>:57) - Adding welcome page template: index
2022-09-30 13:35:35,258 [restartedMain] INFO  org.springframework.boot.devtools.autoconfigure.OptionalLiveReloadServer(startServer:58) - LiveReload server is running on port 35729
2022-09-30 13:35:35,266 [restartedMain] INFO  org.springframework.boot.web.embedded.tomcat.TomcatWebServer(start:220) - Tomcat started on port(s): 8080 (http) with context path ''
2022-09-30 13:35:35,270 [restartedMain] INFO  org.springframework.boot.devtools.autoconfigure.ConditionEvaluationDeltaLoggingListener(onApplicationEvent:63) - Condition evaluation unchanged
2022-09-30 13:35:53,716 [Thread-63] INFO  org.springframework.boot.web.embedded.tomcat.GracefulShutdown(shutDownGracefully:53) - Commencing graceful shutdown. Waiting for active requests to complete
2022-09-30 13:35:54,872 [tomcat-shutdown] INFO  org.springframework.boot.web.embedded.tomcat.GracefulShutdown(doShutdown:78) - Graceful shutdown complete
2022-09-30 13:35:55,157 [restartedMain] INFO  org.springframework.boot.web.embedded.tomcat.TomcatWebServer(initialize:108) - Tomcat initialized with port(s): 8080 (http)
2022-09-30 13:35:55,173 [restartedMain] INFO  org.springframework.boot.web.servlet.context.ServletWebServerApplicationContext(prepareWebApplicationContext:292) - Root WebApplicationContext: initialization completed in 183 ms
2022-09-30 13:35:55,264 [restartedMain] INFO  org.springframework.boot.autoconfigure.web.servlet.WelcomePageHandlerMapping(<init>:57) - Adding welcome page template: index
2022-09-30 13:35:55,301 [restartedMain] INFO  org.springframework.boot.devtools.autoconfigure.OptionalLiveReloadServer(startServer:58) - LiveReload server is running on port 35729
2022-09-30 13:35:55,309 [restartedMain] INFO  org.springframework.boot.web.embedded.tomcat.TomcatWebServer(start:220) - Tomcat started on port(s): 8080 (http) with context path ''
2022-09-30 13:35:55,313 [restartedMain] INFO  org.springframework.boot.devtools.autoconfigure.ConditionEvaluationDeltaLoggingListener(onApplicationEvent:63) - Condition evaluation unchanged
2022-09-30 13:36:40,626 [SpringApplicationShutdownHook] INFO  org.springframework.boot.web.embedded.tomcat.GracefulShutdown(shutDownGracefully:53) - Commencing graceful shutdown. Waiting for active requests to complete
2022-09-30 13:36:41,581 [tomcat-shutdown] INFO  org.springframework.boot.web.embedded.tomcat.GracefulShutdown(doShutdown:78) - Graceful shutdown complete
2022-09-30 13:36:48,259 [restartedMain] INFO  org.springframework.boot.devtools.restart.ChangeableUrls(logTo:255) - The Class-Path manifest attribute in C:\Users\LAB_01\.gradle\caches\modules-2\files-2.1\com.oracle.database.nls\orai18n\21.5.0.0\a073ce669c94e444c45036c0e528eb03fb30a46e\orai18n-21.5.0.0.jar referenced one or more files that do not exist: file:/C:/Users/LAB_01/.gradle/caches/modules-2/files-2.1/com.oracle.database.nls/orai18n/21.5.0.0/a073ce669c94e444c45036c0e528eb03fb30a46e/orai18n-mapping.jar,file:/C:/Users/LAB_01/.gradle/caches/modules-2/files-2.1/com.oracle.database.nls/orai18n/21.5.0.0/a073ce669c94e444c45036c0e528eb03fb30a46e/orai18n-utility.jar,file:/C:/Users/LAB_01/.gradle/caches/modules-2/files-2.1/com.oracle.database.nls/orai18n/21.5.0.0/a073ce669c94e444c45036c0e528eb03fb30a46e/orai18n-collation.jar,file:/C:/Users/LAB_01/.gradle/caches/modules-2/files-2.1/com.oracle.database.nls/orai18n/21.5.0.0/a073ce669c94e444c45036c0e528eb03fb30a46e/orai18n-translation.jar,file:/C:/Users/LAB_01/.gradle/caches/modules-2/files-2.1/com.oracle.database.nls/orai18n/21.5.0.0/a073ce669c94e444c45036c0e528eb03fb30a46e/orai18n-net.jar,file:/C:/Users/LAB_01/.gradle/caches/modules-2/files-2.1/com.oracle.database.nls/orai18n/21.5.0.0/a073ce669c94e444c45036c0e528eb03fb30a46e/orai18n-servlet.jar,file:/C:/Users/LAB_01/.gradle/caches/modules-2/files-2.1/com.oracle.database.nls/orai18n/21.5.0.0/a073ce669c94e444c45036c0e528eb03fb30a46e/orai18n-lcsd.jar,file:/C:/Users/LAB_01/.gradle/caches/modules-2/files-2.1/com.oracle.database.nls/orai18n/21.5.0.0/a073ce669c94e444c45036c0e528eb03fb30a46e/orai18n-tools.jar,file:/C:/Users/LAB_01/.gradle/caches/modules-2/files-2.1/com.oracle.database.nls/orai18n/21.5.0.0/a073ce669c94e444c45036c0e528eb03fb30a46e/gdk_custom.jar
2022-09-30 13:36:48,259 [restartedMain] INFO  org.springframework.boot.devtools.restart.ChangeableUrls(logTo:255) - The Class-Path manifest attribute in C:\Users\LAB_01\.gradle\caches\modules-2\files-2.1\com.oracle.database.jdbc\ojdbc8\21.5.0.0\eb13f0948ca8675f71d59b5e8a1129d4c6189e7a\ojdbc8-21.5.0.0.jar referenced one or more files that do not exist: file:/C:/Users/LAB_01/.gradle/caches/modules-2/files-2.1/com.oracle.database.jdbc/ojdbc8/21.5.0.0/eb13f0948ca8675f71d59b5e8a1129d4c6189e7a/oraclepki.jar
2022-09-30 13:36:48,260 [restartedMain] INFO  org.springframework.boot.devtools.env.DevToolsPropertyDefaultsPostProcessor(logTo:255) - Devtools property defaults active! Set 'spring.devtools.add-properties' to 'false' to disable
2022-09-30 13:36:48,260 [restartedMain] INFO  org.springframework.boot.devtools.env.DevToolsPropertyDefaultsPostProcessor(logTo:255) - For additional web related logging consider setting the 'logging.level.web' property to 'DEBUG'
2022-09-30 13:36:49,218 [restartedMain] INFO  org.springframework.boot.web.embedded.tomcat.TomcatWebServer(initialize:108) - Tomcat initialized with port(s): 8080 (http)
2022-09-30 13:36:49,305 [restartedMain] INFO  org.springframework.boot.web.servlet.context.ServletWebServerApplicationContext(prepareWebApplicationContext:292) - Root WebApplicationContext: initialization completed in 1045 ms
2022-09-30 13:36:49,790 [restartedMain] INFO  org.springframework.boot.autoconfigure.web.servlet.WelcomePageHandlerMapping(<init>:57) - Adding welcome page template: index
2022-09-30 13:37:00,839 [restartedMain] INFO  org.springframework.boot.devtools.restart.ChangeableUrls(logTo:255) - The Class-Path manifest attribute in C:\Users\LAB_01\.gradle\caches\modules-2\files-2.1\com.oracle.database.nls\orai18n\21.5.0.0\a073ce669c94e444c45036c0e528eb03fb30a46e\orai18n-21.5.0.0.jar referenced one or more files that do not exist: file:/C:/Users/LAB_01/.gradle/caches/modules-2/files-2.1/com.oracle.database.nls/orai18n/21.5.0.0/a073ce669c94e444c45036c0e528eb03fb30a46e/orai18n-mapping.jar,file:/C:/Users/LAB_01/.gradle/caches/modules-2/files-2.1/com.oracle.database.nls/orai18n/21.5.0.0/a073ce669c94e444c45036c0e528eb03fb30a46e/orai18n-utility.jar,file:/C:/Users/LAB_01/.gradle/caches/modules-2/files-2.1/com.oracle.database.nls/orai18n/21.5.0.0/a073ce669c94e444c45036c0e528eb03fb30a46e/orai18n-collation.jar,file:/C:/Users/LAB_01/.gradle/caches/modules-2/files-2.1/com.oracle.database.nls/orai18n/21.5.0.0/a073ce669c94e444c45036c0e528eb03fb30a46e/orai18n-translation.jar,file:/C:/Users/LAB_01/.gradle/caches/modules-2/files-2.1/com.oracle.database.nls/orai18n/21.5.0.0/a073ce669c94e444c45036c0e528eb03fb30a46e/orai18n-net.jar,file:/C:/Users/LAB_01/.gradle/caches/modules-2/files-2.1/com.oracle.database.nls/orai18n/21.5.0.0/a073ce669c94e444c45036c0e528eb03fb30a46e/orai18n-servlet.jar,file:/C:/Users/LAB_01/.gradle/caches/modules-2/files-2.1/com.oracle.database.nls/orai18n/21.5.0.0/a073ce669c94e444c45036c0e528eb03fb30a46e/orai18n-lcsd.jar,file:/C:/Users/LAB_01/.gradle/caches/modules-2/files-2.1/com.oracle.database.nls/orai18n/21.5.0.0/a073ce669c94e444c45036c0e528eb03fb30a46e/orai18n-tools.jar,file:/C:/Users/LAB_01/.gradle/caches/modules-2/files-2.1/com.oracle.database.nls/orai18n/21.5.0.0/a073ce669c94e444c45036c0e528eb03fb30a46e/gdk_custom.jar
2022-09-30 13:37:00,840 [restartedMain] INFO  org.springframework.boot.devtools.restart.ChangeableUrls(logTo:255) - The Class-Path manifest attribute in C:\Users\LAB_01\.gradle\caches\modules-2\files-2.1\com.oracle.database.jdbc\ojdbc8\21.5.0.0\eb13f0948ca8675f71d59b5e8a1129d4c6189e7a\ojdbc8-21.5.0.0.jar referenced one or more files that do not exist: file:/C:/Users/LAB_01/.gradle/caches/modules-2/files-2.1/com.oracle.database.jdbc/ojdbc8/21.5.0.0/eb13f0948ca8675f71d59b5e8a1129d4c6189e7a/oraclepki.jar
2022-09-30 13:37:00,840 [restartedMain] INFO  org.springframework.boot.devtools.env.DevToolsPropertyDefaultsPostProcessor(logTo:255) - Devtools property defaults active! Set 'spring.devtools.add-properties' to 'false' to disable
2022-09-30 13:37:00,840 [restartedMain] INFO  org.springframework.boot.devtools.env.DevToolsPropertyDefaultsPostProcessor(logTo:255) - For additional web related logging consider setting the 'logging.level.web' property to 'DEBUG'
2022-09-30 13:37:01,674 [restartedMain] INFO  org.springframework.boot.web.embedded.tomcat.TomcatWebServer(initialize:108) - Tomcat initialized with port(s): 8080 (http)
2022-09-30 13:37:01,758 [restartedMain] INFO  org.springframework.boot.web.servlet.context.ServletWebServerApplicationContext(prepareWebApplicationContext:292) - Root WebApplicationContext: initialization completed in 917 ms
2022-09-30 13:37:02,244 [restartedMain] INFO  org.springframework.boot.autoconfigure.web.servlet.WelcomePageHandlerMapping(<init>:57) - Adding welcome page template: index
2022-09-30 13:37:02,445 [restartedMain] INFO  org.springframework.boot.devtools.autoconfigure.OptionalLiveReloadServer(startServer:58) - LiveReload server is running on port 35729
2022-09-30 13:37:02,470 [restartedMain] INFO  org.springframework.boot.web.embedded.tomcat.TomcatWebServer(start:220) - Tomcat started on port(s): 8080 (http) with context path ''
2022-09-30 13:37:05,148 [http-nio-8080-exec-1] INFO  org.springframework.web.servlet.DispatcherServlet(initServletBean:525) - Initializing Servlet 'dispatcherServlet'
2022-09-30 13:37:05,149 [http-nio-8080-exec-1] INFO  org.springframework.web.servlet.DispatcherServlet(initServletBean:547) - Completed initialization in 1 ms
2022-09-30 13:37:56,189 [Thread-9] INFO  org.springframework.boot.web.embedded.tomcat.GracefulShutdown(shutDownGracefully:53) - Commencing graceful shutdown. Waiting for active requests to complete
2022-09-30 13:37:57,391 [tomcat-shutdown] INFO  org.springframework.boot.web.embedded.tomcat.GracefulShutdown(doShutdown:78) - Graceful shutdown complete
2022-09-30 13:37:57,759 [restartedMain] INFO  org.springframework.boot.web.embedded.tomcat.TomcatWebServer(initialize:108) - Tomcat initialized with port(s): 8080 (http)
2022-09-30 13:37:57,776 [restartedMain] INFO  org.springframework.boot.web.servlet.context.ServletWebServerApplicationContext(prepareWebApplicationContext:292) - Root WebApplicationContext: initialization completed in 241 ms
2022-09-30 13:37:57,881 [restartedMain] INFO  org.springframework.boot.autoconfigure.web.servlet.WelcomePageHandlerMapping(<init>:57) - Adding welcome page template: index
2022-09-30 13:37:57,924 [restartedMain] INFO  org.springframework.boot.devtools.autoconfigure.OptionalLiveReloadServer(startServer:58) - LiveReload server is running on port 35729
2022-09-30 13:37:57,933 [restartedMain] INFO  org.springframework.boot.web.embedded.tomcat.TomcatWebServer(start:220) - Tomcat started on port(s): 8080 (http) with context path ''
2022-09-30 13:37:57,938 [restartedMain] INFO  org.springframework.boot.devtools.autoconfigure.ConditionEvaluationDeltaLoggingListener(onApplicationEvent:63) - Condition evaluation unchanged
2022-09-30 13:38:41,766 [http-nio-8080-exec-1] INFO  org.springframework.web.servlet.DispatcherServlet(initServletBean:525) - Initializing Servlet 'dispatcherServlet'
2022-09-30 13:38:41,767 [http-nio-8080-exec-1] INFO  org.springframework.web.servlet.DispatcherServlet(initServletBean:547) - Completed initialization in 1 ms
2022-09-30 13:39:39,368 [Thread-15] INFO  org.springframework.boot.web.embedded.tomcat.GracefulShutdown(shutDownGracefully:53) - Commencing graceful shutdown. Waiting for active requests to complete
2022-09-30 13:39:40,343 [tomcat-shutdown] INFO  org.springframework.boot.web.embedded.tomcat.GracefulShutdown(doShutdown:78) - Graceful shutdown complete
2022-09-30 13:39:40,740 [restartedMain] INFO  org.springframework.boot.web.embedded.tomcat.TomcatWebServer(initialize:108) - Tomcat initialized with port(s): 8080 (http)
2022-09-30 13:39:40,756 [restartedMain] INFO  org.springframework.boot.web.servlet.context.ServletWebServerApplicationContext(prepareWebApplicationContext:292) - Root WebApplicationContext: initialization completed in 245 ms
2022-09-30 13:39:40,847 [restartedMain] INFO  org.springframework.boot.autoconfigure.web.servlet.WelcomePageHandlerMapping(<init>:57) - Adding welcome page template: index
2022-09-30 13:39:40,882 [restartedMain] INFO  org.springframework.boot.devtools.autoconfigure.OptionalLiveReloadServer(startServer:58) - LiveReload server is running on port 35729
2022-09-30 13:39:40,890 [restartedMain] INFO  org.springframework.boot.web.embedded.tomcat.TomcatWebServer(start:220) - Tomcat started on port(s): 8080 (http) with context path ''
2022-09-30 13:39:40,894 [restartedMain] INFO  org.springframework.boot.devtools.autoconfigure.ConditionEvaluationDeltaLoggingListener(onApplicationEvent:63) - Condition evaluation unchanged
2022-09-30 13:40:22,672 [Thread-19] INFO  org.springframework.boot.web.embedded.tomcat.GracefulShutdown(shutDownGracefully:53) - Commencing graceful shutdown. Waiting for active requests to complete
2022-09-30 13:40:23,689 [tomcat-shutdown] INFO  org.springframework.boot.web.embedded.tomcat.GracefulShutdown(doShutdown:78) - Graceful shutdown complete
2022-09-30 13:40:24,051 [restartedMain] INFO  org.springframework.boot.web.embedded.tomcat.TomcatWebServer(initialize:108) - Tomcat initialized with port(s): 8080 (http)
2022-09-30 13:40:24,067 [restartedMain] INFO  org.springframework.boot.web.servlet.context.ServletWebServerApplicationContext(prepareWebApplicationContext:292) - Root WebApplicationContext: initialization completed in 234 ms
2022-09-30 13:40:24,158 [restartedMain] INFO  org.springframework.boot.autoconfigure.web.servlet.WelcomePageHandlerMapping(<init>:57) - Adding welcome page template: index
2022-09-30 13:40:24,191 [restartedMain] INFO  org.springframework.boot.devtools.autoconfigure.OptionalLiveReloadServer(startServer:58) - LiveReload server is running on port 35729
2022-09-30 13:40:24,199 [restartedMain] INFO  org.springframework.boot.web.embedded.tomcat.TomcatWebServer(start:220) - Tomcat started on port(s): 8080 (http) with context path ''
2022-09-30 13:40:24,203 [restartedMain] INFO  org.springframework.boot.devtools.autoconfigure.ConditionEvaluationDeltaLoggingListener(onApplicationEvent:63) - Condition evaluation unchanged
2022-09-30 13:40:27,051 [http-nio-8080-exec-1] INFO  org.springframework.web.servlet.DispatcherServlet(initServletBean:525) - Initializing Servlet 'dispatcherServlet'
2022-09-30 13:40:27,052 [http-nio-8080-exec-1] INFO  org.springframework.web.servlet.DispatcherServlet(initServletBean:547) - Completed initialization in 1 ms
2022-09-30 13:41:32,817 [Thread-23] INFO  org.springframework.boot.web.embedded.tomcat.GracefulShutdown(shutDownGracefully:53) - Commencing graceful shutdown. Waiting for active requests to complete
2022-09-30 13:41:34,235 [tomcat-shutdown] INFO  org.springframework.boot.web.embedded.tomcat.GracefulShutdown(doShutdown:78) - Graceful shutdown complete
2022-09-30 13:41:34,639 [restartedMain] INFO  org.springframework.boot.web.embedded.tomcat.TomcatWebServer(initialize:108) - Tomcat initialized with port(s): 8080 (http)
2022-09-30 13:41:34,657 [restartedMain] INFO  org.springframework.boot.web.servlet.context.ServletWebServerApplicationContext(prepareWebApplicationContext:292) - Root WebApplicationContext: initialization completed in 283 ms
2022-09-30 13:41:34,783 [restartedMain] INFO  org.springframework.boot.autoconfigure.web.servlet.WelcomePageHandlerMapping(<init>:57) - Adding welcome page template: index
2022-09-30 13:41:34,827 [restartedMain] INFO  org.springframework.boot.devtools.autoconfigure.OptionalLiveReloadServer(startServer:58) - LiveReload server is running on port 35729
2022-09-30 13:41:34,837 [restartedMain] INFO  org.springframework.boot.web.embedded.tomcat.TomcatWebServer(start:220) - Tomcat started on port(s): 8080 (http) with context path ''
2022-09-30 13:41:34,841 [restartedMain] INFO  org.springframework.boot.devtools.autoconfigure.ConditionEvaluationDeltaLoggingListener(onApplicationEvent:63) - Condition evaluation unchanged
2022-09-30 13:41:35,008 [http-nio-8080-exec-1] INFO  org.springframework.web.servlet.DispatcherServlet(initServletBean:525) - Initializing Servlet 'dispatcherServlet'
2022-09-30 13:41:35,008 [http-nio-8080-exec-1] INFO  org.springframework.web.servlet.DispatcherServlet(initServletBean:547) - Completed initialization in 0 ms
2022-09-30 13:42:23,595 [Thread-27] INFO  org.springframework.boot.web.embedded.tomcat.GracefulShutdown(shutDownGracefully:53) - Commencing graceful shutdown. Waiting for active requests to complete
2022-09-30 13:42:24,773 [tomcat-shutdown] INFO  org.springframework.boot.web.embedded.tomcat.GracefulShutdown(doShutdown:78) - Graceful shutdown complete
2022-09-30 13:42:25,250 [restartedMain] INFO  org.springframework.boot.web.embedded.tomcat.TomcatWebServer(initialize:108) - Tomcat initialized with port(s): 8080 (http)
2022-09-30 13:42:25,267 [restartedMain] INFO  org.springframework.boot.web.servlet.context.ServletWebServerApplicationContext(prepareWebApplicationContext:292) - Root WebApplicationContext: initialization completed in 293 ms
2022-09-30 13:42:25,361 [restartedMain] INFO  org.springframework.boot.autoconfigure.web.servlet.WelcomePageHandlerMapping(<init>:57) - Adding welcome page template: index
2022-09-30 13:42:25,401 [restartedMain] INFO  org.springframework.boot.devtools.autoconfigure.OptionalLiveReloadServer(startServer:58) - LiveReload server is running on port 35729
2022-09-30 13:42:25,409 [restartedMain] INFO  org.springframework.boot.web.embedded.tomcat.TomcatWebServer(start:220) - Tomcat started on port(s): 8080 (http) with context path ''
2022-09-30 13:42:25,412 [restartedMain] INFO  org.springframework.boot.devtools.autoconfigure.ConditionEvaluationDeltaLoggingListener(onApplicationEvent:63) - Condition evaluation unchanged
2022-09-30 13:42:25,758 [http-nio-8080-exec-1] INFO  org.springframework.web.servlet.DispatcherServlet(initServletBean:525) - Initializing Servlet 'dispatcherServlet'
2022-09-30 13:42:25,759 [http-nio-8080-exec-1] INFO  org.springframework.web.servlet.DispatcherServlet(initServletBean:547) - Completed initialization in 1 ms
2022-09-30 13:42:49,045 [Thread-31] INFO  org.springframework.boot.web.embedded.tomcat.GracefulShutdown(shutDownGracefully:53) - Commencing graceful shutdown. Waiting for active requests to complete
2022-09-30 13:42:50,117 [tomcat-shutdown] INFO  org.springframework.boot.web.embedded.tomcat.GracefulShutdown(doShutdown:78) - Graceful shutdown complete
2022-09-30 13:42:50,405 [restartedMain] INFO  org.springframework.boot.web.embedded.tomcat.TomcatWebServer(initialize:108) - Tomcat initialized with port(s): 8080 (http)
2022-09-30 13:42:50,421 [restartedMain] INFO  org.springframework.boot.web.servlet.context.ServletWebServerApplicationContext(prepareWebApplicationContext:292) - Root WebApplicationContext: initialization completed in 190 ms
2022-09-30 13:42:50,507 [restartedMain] INFO  org.springframework.boot.autoconfigure.web.servlet.WelcomePageHandlerMapping(<init>:57) - Adding welcome page template: index
2022-09-30 13:42:50,545 [restartedMain] INFO  org.springframework.boot.devtools.autoconfigure.OptionalLiveReloadServer(startServer:58) - LiveReload server is running on port 35729
2022-09-30 13:42:50,553 [restartedMain] INFO  org.springframework.boot.web.embedded.tomcat.TomcatWebServer(start:220) - Tomcat started on port(s): 8080 (http) with context path ''
2022-09-30 13:42:50,557 [restartedMain] INFO  org.springframework.boot.devtools.autoconfigure.ConditionEvaluationDeltaLoggingListener(onApplicationEvent:63) - Condition evaluation unchanged
2022-09-30 13:42:50,631 [http-nio-8080-exec-1] INFO  org.springframework.web.servlet.DispatcherServlet(initServletBean:525) - Initializing Servlet 'dispatcherServlet'
2022-09-30 13:42:50,632 [http-nio-8080-exec-1] INFO  org.springframework.web.servlet.DispatcherServlet(initServletBean:547) - Completed initialization in 1 ms
2022-09-30 13:45:01,640 [Thread-35] INFO  org.springframework.boot.web.embedded.tomcat.GracefulShutdown(shutDownGracefully:53) - Commencing graceful shutdown. Waiting for active requests to complete
2022-09-30 13:45:02,949 [tomcat-shutdown] INFO  org.springframework.boot.web.embedded.tomcat.GracefulShutdown(doShutdown:78) - Graceful shutdown complete
2022-09-30 13:45:03,328 [restartedMain] INFO  org.springframework.boot.web.embedded.tomcat.TomcatWebServer(initialize:108) - Tomcat initialized with port(s): 8080 (http)
2022-09-30 13:45:03,354 [restartedMain] INFO  org.springframework.boot.web.servlet.context.ServletWebServerApplicationContext(prepareWebApplicationContext:292) - Root WebApplicationContext: initialization completed in 285 ms
2022-09-30 13:45:03,463 [restartedMain] INFO  org.springframework.boot.autoconfigure.web.servlet.WelcomePageHandlerMapping(<init>:57) - Adding welcome page template: index
2022-09-30 13:45:03,510 [restartedMain] INFO  org.springframework.boot.devtools.autoconfigure.OptionalLiveReloadServer(startServer:58) - LiveReload server is running on port 35729
2022-09-30 13:45:03,519 [restartedMain] INFO  org.springframework.boot.web.embedded.tomcat.TomcatWebServer(start:220) - Tomcat started on port(s): 8080 (http) with context path ''
2022-09-30 13:45:03,521 [http-nio-8080-exec-1] INFO  org.springframework.web.servlet.DispatcherServlet(initServletBean:525) - Initializing Servlet 'dispatcherServlet'
2022-09-30 13:45:03,521 [http-nio-8080-exec-1] INFO  org.springframework.web.servlet.DispatcherServlet(initServletBean:547) - Completed initialization in 0 ms
2022-09-30 13:45:03,525 [restartedMain] INFO  org.springframework.boot.devtools.autoconfigure.ConditionEvaluationDeltaLoggingListener(onApplicationEvent:63) - Condition evaluation unchanged
2022-09-30 13:45:44,480 [Thread-39] INFO  org.springframework.boot.web.embedded.tomcat.GracefulShutdown(shutDownGracefully:53) - Commencing graceful shutdown. Waiting for active requests to complete
2022-09-30 13:45:45,687 [tomcat-shutdown] INFO  org.springframework.boot.web.embedded.tomcat.GracefulShutdown(doShutdown:78) - Graceful shutdown complete
2022-09-30 13:45:46,048 [restartedMain] INFO  org.springframework.boot.web.embedded.tomcat.TomcatWebServer(initialize:108) - Tomcat initialized with port(s): 8080 (http)
2022-09-30 13:45:46,068 [restartedMain] INFO  org.springframework.boot.web.servlet.context.ServletWebServerApplicationContext(prepareWebApplicationContext:292) - Root WebApplicationContext: initialization completed in 245 ms
2022-09-30 13:45:46,151 [restartedMain] INFO  org.springframework.boot.autoconfigure.web.servlet.WelcomePageHandlerMapping(<init>:57) - Adding welcome page template: index
2022-09-30 13:45:46,183 [restartedMain] INFO  org.springframework.boot.devtools.autoconfigure.OptionalLiveReloadServer(startServer:58) - LiveReload server is running on port 35729
2022-09-30 13:45:46,190 [restartedMain] INFO  org.springframework.boot.web.embedded.tomcat.TomcatWebServer(start:220) - Tomcat started on port(s): 8080 (http) with context path ''
2022-09-30 13:45:46,194 [restartedMain] INFO  org.springframework.boot.devtools.autoconfigure.ConditionEvaluationDeltaLoggingListener(onApplicationEvent:63) - Condition evaluation unchanged
2022-09-30 13:45:46,203 [http-nio-8080-exec-1] INFO  org.springframework.web.servlet.DispatcherServlet(initServletBean:525) - Initializing Servlet 'dispatcherServlet'
2022-09-30 13:45:46,204 [http-nio-8080-exec-1] INFO  org.springframework.web.servlet.DispatcherServlet(initServletBean:547) - Completed initialization in 1 ms
2022-09-30 13:47:27,828 [Thread-43] INFO  org.springframework.boot.web.embedded.tomcat.GracefulShutdown(shutDownGracefully:53) - Commencing graceful shutdown. Waiting for active requests to complete
2022-09-30 13:47:29,120 [tomcat-shutdown] INFO  org.springframework.boot.web.embedded.tomcat.GracefulShutdown(doShutdown:78) - Graceful shutdown complete
2022-09-30 13:47:29,467 [restartedMain] INFO  org.springframework.boot.web.embedded.tomcat.TomcatWebServer(initialize:108) - Tomcat initialized with port(s): 8080 (http)
2022-09-30 13:47:29,484 [restartedMain] INFO  org.springframework.boot.web.servlet.context.ServletWebServerApplicationContext(prepareWebApplicationContext:292) - Root WebApplicationContext: initialization completed in 237 ms
2022-09-30 13:47:29,569 [restartedMain] INFO  org.springframework.boot.autoconfigure.web.servlet.WelcomePageHandlerMapping(<init>:57) - Adding welcome page template: index
2022-09-30 13:47:29,604 [restartedMain] INFO  org.springframework.boot.devtools.autoconfigure.OptionalLiveReloadServer(startServer:58) - LiveReload server is running on port 35729
2022-09-30 13:47:29,613 [restartedMain] INFO  org.springframework.boot.web.embedded.tomcat.TomcatWebServer(start:220) - Tomcat started on port(s): 8080 (http) with context path ''
2022-09-30 13:47:29,619 [restartedMain] INFO  org.springframework.boot.devtools.autoconfigure.ConditionEvaluationDeltaLoggingListener(onApplicationEvent:63) - Condition evaluation unchanged
2022-09-30 13:47:29,627 [http-nio-8080-exec-1] INFO  org.springframework.web.servlet.DispatcherServlet(initServletBean:525) - Initializing Servlet 'dispatcherServlet'
2022-09-30 13:47:29,628 [http-nio-8080-exec-1] INFO  org.springframework.web.servlet.DispatcherServlet(initServletBean:547) - Completed initialization in 1 ms
2022-09-30 13:48:57,493 [Thread-47] INFO  org.springframework.boot.web.embedded.tomcat.GracefulShutdown(shutDownGracefully:53) - Commencing graceful shutdown. Waiting for active requests to complete
2022-09-30 13:48:58,730 [tomcat-shutdown] INFO  org.springframework.boot.web.embedded.tomcat.GracefulShutdown(doShutdown:78) - Graceful shutdown complete
2022-09-30 13:48:59,039 [restartedMain] INFO  org.springframework.boot.web.embedded.tomcat.TomcatWebServer(initialize:108) - Tomcat initialized with port(s): 8080 (http)
2022-09-30 13:48:59,054 [restartedMain] INFO  org.springframework.boot.web.servlet.context.ServletWebServerApplicationContext(prepareWebApplicationContext:292) - Root WebApplicationContext: initialization completed in 219 ms
2022-09-30 13:48:59,139 [restartedMain] INFO  org.springframework.boot.autoconfigure.web.servlet.WelcomePageHandlerMapping(<init>:57) - Adding welcome page template: index
2022-09-30 13:48:59,170 [restartedMain] INFO  org.springframework.boot.devtools.autoconfigure.OptionalLiveReloadServer(startServer:58) - LiveReload server is running on port 35729
2022-09-30 13:48:59,178 [restartedMain] INFO  org.springframework.boot.web.embedded.tomcat.TomcatWebServer(start:220) - Tomcat started on port(s): 8080 (http) with context path ''
2022-09-30 13:48:59,182 [restartedMain] INFO  org.springframework.boot.devtools.autoconfigure.ConditionEvaluationDeltaLoggingListener(onApplicationEvent:63) - Condition evaluation unchanged
2022-09-30 13:48:59,244 [http-nio-8080-exec-3] INFO  org.springframework.web.servlet.DispatcherServlet(initServletBean:525) - Initializing Servlet 'dispatcherServlet'
2022-09-30 13:48:59,245 [http-nio-8080-exec-3] INFO  org.springframework.web.servlet.DispatcherServlet(initServletBean:547) - Completed initialization in 1 ms
2022-09-30 13:51:01,808 [Thread-51] INFO  org.springframework.boot.web.embedded.tomcat.GracefulShutdown(shutDownGracefully:53) - Commencing graceful shutdown. Waiting for active requests to complete
2022-09-30 13:51:03,034 [tomcat-shutdown] INFO  org.springframework.boot.web.embedded.tomcat.GracefulShutdown(doShutdown:78) - Graceful shutdown complete
2022-09-30 13:51:03,334 [restartedMain] INFO  org.springframework.boot.web.embedded.tomcat.TomcatWebServer(initialize:108) - Tomcat initialized with port(s): 8080 (http)
2022-09-30 13:51:03,350 [restartedMain] INFO  org.springframework.boot.web.servlet.context.ServletWebServerApplicationContext(prepareWebApplicationContext:292) - Root WebApplicationContext: initialization completed in 221 ms
2022-09-30 13:51:03,427 [restartedMain] INFO  org.springframework.boot.autoconfigure.web.servlet.WelcomePageHandlerMapping(<init>:57) - Adding welcome page template: index
2022-09-30 13:51:03,458 [restartedMain] INFO  org.springframework.boot.devtools.autoconfigure.OptionalLiveReloadServer(startServer:58) - LiveReload server is running on port 35729
2022-09-30 13:51:03,465 [restartedMain] INFO  org.springframework.boot.web.embedded.tomcat.TomcatWebServer(start:220) - Tomcat started on port(s): 8080 (http) with context path ''
2022-09-30 13:51:03,468 [restartedMain] INFO  org.springframework.boot.devtools.autoconfigure.ConditionEvaluationDeltaLoggingListener(onApplicationEvent:63) - Condition evaluation unchanged
2022-09-30 13:51:03,542 [http-nio-8080-exec-1] INFO  org.springframework.web.servlet.DispatcherServlet(initServletBean:525) - Initializing Servlet 'dispatcherServlet'
2022-09-30 13:51:03,543 [http-nio-8080-exec-1] INFO  org.springframework.web.servlet.DispatcherServlet(initServletBean:547) - Completed initialization in 0 ms
2022-09-30 13:52:31,356 [Thread-55] INFO  org.springframework.boot.web.embedded.tomcat.GracefulShutdown(shutDownGracefully:53) - Commencing graceful shutdown. Waiting for active requests to complete
2022-09-30 13:52:32,569 [tomcat-shutdown] INFO  org.springframework.boot.web.embedded.tomcat.GracefulShutdown(doShutdown:78) - Graceful shutdown complete
2022-09-30 13:52:32,950 [restartedMain] INFO  org.springframework.boot.web.embedded.tomcat.TomcatWebServer(initialize:108) - Tomcat initialized with port(s): 8080 (http)
2022-09-30 13:52:32,971 [restartedMain] INFO  org.springframework.boot.web.servlet.context.ServletWebServerApplicationContext(prepareWebApplicationContext:292) - Root WebApplicationContext: initialization completed in 262 ms
2022-09-30 13:52:33,058 [restartedMain] INFO  org.springframework.boot.autoconfigure.web.servlet.WelcomePageHandlerMapping(<init>:57) - Adding welcome page template: index
2022-09-30 13:52:33,094 [restartedMain] INFO  org.springframework.boot.devtools.autoconfigure.OptionalLiveReloadServer(startServer:58) - LiveReload server is running on port 35729
2022-09-30 13:52:33,102 [restartedMain] INFO  org.springframework.boot.web.embedded.tomcat.TomcatWebServer(start:220) - Tomcat started on port(s): 8080 (http) with context path ''
2022-09-30 13:52:33,105 [restartedMain] INFO  org.springframework.boot.devtools.autoconfigure.ConditionEvaluationDeltaLoggingListener(onApplicationEvent:63) - Condition evaluation unchanged
2022-09-30 13:52:33,152 [http-nio-8080-exec-1] INFO  org.springframework.web.servlet.DispatcherServlet(initServletBean:525) - Initializing Servlet 'dispatcherServlet'
2022-09-30 13:52:33,153 [http-nio-8080-exec-1] INFO  org.springframework.web.servlet.DispatcherServlet(initServletBean:547) - Completed initialization in 1 ms
2022-09-30 13:52:52,662 [Thread-59] INFO  org.springframework.boot.web.embedded.tomcat.GracefulShutdown(shutDownGracefully:53) - Commencing graceful shutdown. Waiting for active requests to complete
2022-09-30 13:52:53,800 [tomcat-shutdown] INFO  org.springframework.boot.web.embedded.tomcat.GracefulShutdown(doShutdown:78) - Graceful shutdown complete
2022-09-30 13:52:54,066 [restartedMain] INFO  org.springframework.boot.web.embedded.tomcat.TomcatWebServer(initialize:108) - Tomcat initialized with port(s): 8080 (http)
2022-09-30 13:52:54,081 [restartedMain] INFO  org.springframework.boot.web.servlet.context.ServletWebServerApplicationContext(prepareWebApplicationContext:292) - Root WebApplicationContext: initialization completed in 170 ms
2022-09-30 13:52:54,179 [restartedMain] INFO  org.springframework.boot.autoconfigure.web.servlet.WelcomePageHandlerMapping(<init>:57) - Adding welcome page template: index
2022-09-30 13:52:54,230 [restartedMain] INFO  org.springframework.boot.devtools.autoconfigure.OptionalLiveReloadServer(startServer:58) - LiveReload server is running on port 35729
2022-09-30 13:52:54,240 [restartedMain] INFO  org.springframework.boot.web.embedded.tomcat.TomcatWebServer(start:220) - Tomcat started on port(s): 8080 (http) with context path ''
2022-09-30 13:52:54,245 [restartedMain] INFO  org.springframework.boot.devtools.autoconfigure.ConditionEvaluationDeltaLoggingListener(onApplicationEvent:63) - Condition evaluation unchanged
2022-09-30 13:57:00,699 [http-nio-8080-exec-1] INFO  org.springframework.web.servlet.DispatcherServlet(initServletBean:525) - Initializing Servlet 'dispatcherServlet'
2022-09-30 13:57:00,701 [http-nio-8080-exec-1] INFO  org.springframework.web.servlet.DispatcherServlet(initServletBean:547) - Completed initialization in 2 ms
2022-09-30 13:57:02,746 [Thread-63] INFO  org.springframework.boot.web.embedded.tomcat.GracefulShutdown(shutDownGracefully:53) - Commencing graceful shutdown. Waiting for active requests to complete
2022-09-30 13:57:03,888 [tomcat-shutdown] INFO  org.springframework.boot.web.embedded.tomcat.GracefulShutdown(doShutdown:78) - Graceful shutdown complete
2022-09-30 13:57:04,368 [restartedMain] INFO  org.springframework.boot.web.embedded.tomcat.TomcatWebServer(initialize:108) - Tomcat initialized with port(s): 8080 (http)
2022-09-30 13:57:04,390 [restartedMain] INFO  org.springframework.boot.web.servlet.context.ServletWebServerApplicationContext(prepareWebApplicationContext:292) - Root WebApplicationContext: initialization completed in 347 ms
2022-09-30 13:57:04,512 [restartedMain] INFO  org.springframework.boot.autoconfigure.web.servlet.WelcomePageHandlerMapping(<init>:57) - Adding welcome page template: index
2022-09-30 13:57:04,549 [restartedMain] INFO  org.springframework.boot.devtools.autoconfigure.OptionalLiveReloadServer(startServer:58) - LiveReload server is running on port 35729
2022-09-30 13:57:04,557 [restartedMain] INFO  org.springframework.boot.web.embedded.tomcat.TomcatWebServer(start:220) - Tomcat started on port(s): 8080 (http) with context path ''
2022-09-30 13:57:04,560 [restartedMain] INFO  org.springframework.boot.devtools.autoconfigure.ConditionEvaluationDeltaLoggingListener(onApplicationEvent:63) - Condition evaluation unchanged
2022-09-30 13:57:04,668 [http-nio-8080-exec-1] INFO  org.springframework.web.servlet.DispatcherServlet(initServletBean:525) - Initializing Servlet 'dispatcherServlet'
2022-09-30 13:57:04,669 [http-nio-8080-exec-1] INFO  org.springframework.web.servlet.DispatcherServlet(initServletBean:547) - Completed initialization in 1 ms
2022-09-30 13:57:23,588 [Thread-67] INFO  org.springframework.boot.web.embedded.tomcat.GracefulShutdown(shutDownGracefully:53) - Commencing graceful shutdown. Waiting for active requests to complete
2022-09-30 13:57:24,768 [tomcat-shutdown] INFO  org.springframework.boot.web.embedded.tomcat.GracefulShutdown(doShutdown:78) - Graceful shutdown complete
2022-09-30 13:57:25,083 [restartedMain] INFO  org.springframework.boot.web.embedded.tomcat.TomcatWebServer(initialize:108) - Tomcat initialized with port(s): 8080 (http)
2022-09-30 13:57:25,101 [restartedMain] INFO  org.springframework.boot.web.servlet.context.ServletWebServerApplicationContext(prepareWebApplicationContext:292) - Root WebApplicationContext: initialization completed in 193 ms
2022-09-30 13:57:25,188 [restartedMain] INFO  org.springframework.boot.autoconfigure.web.servlet.WelcomePageHandlerMapping(<init>:57) - Adding welcome page template: index
2022-09-30 13:57:25,231 [restartedMain] INFO  org.springframework.boot.devtools.autoconfigure.OptionalLiveReloadServer(startServer:58) - LiveReload server is running on port 35729
2022-09-30 13:57:25,239 [restartedMain] INFO  org.springframework.boot.web.embedded.tomcat.TomcatWebServer(start:220) - Tomcat started on port(s): 8080 (http) with context path ''
2022-09-30 13:57:25,242 [restartedMain] INFO  org.springframework.boot.devtools.autoconfigure.ConditionEvaluationDeltaLoggingListener(onApplicationEvent:63) - Condition evaluation unchanged
2022-09-30 13:57:25,279 [http-nio-8080-exec-3] INFO  org.springframework.web.servlet.DispatcherServlet(initServletBean:525) - Initializing Servlet 'dispatcherServlet'
2022-09-30 13:57:25,279 [http-nio-8080-exec-3] INFO  org.springframework.web.servlet.DispatcherServlet(initServletBean:547) - Completed initialization in 0 ms
2022-09-30 13:58:00,308 [Thread-71] INFO  org.springframework.boot.web.embedded.tomcat.GracefulShutdown(shutDownGracefully:53) - Commencing graceful shutdown. Waiting for active requests to complete
2022-09-30 13:58:01,565 [tomcat-shutdown] INFO  org.springframework.boot.web.embedded.tomcat.GracefulShutdown(doShutdown:78) - Graceful shutdown complete
2022-09-30 13:58:01,933 [restartedMain] INFO  org.springframework.boot.web.embedded.tomcat.TomcatWebServer(initialize:108) - Tomcat initialized with port(s): 8080 (http)
2022-09-30 13:58:01,949 [restartedMain] INFO  org.springframework.boot.web.servlet.context.ServletWebServerApplicationContext(prepareWebApplicationContext:292) - Root WebApplicationContext: initialization completed in 225 ms
2022-09-30 13:58:02,027 [restartedMain] INFO  org.springframework.boot.autoconfigure.web.servlet.WelcomePageHandlerMapping(<init>:57) - Adding welcome page template: index
2022-09-30 13:58:02,060 [restartedMain] INFO  org.springframework.boot.devtools.autoconfigure.OptionalLiveReloadServer(startServer:58) - LiveReload server is running on port 35729
2022-09-30 13:58:02,067 [restartedMain] INFO  org.springframework.boot.web.embedded.tomcat.TomcatWebServer(start:220) - Tomcat started on port(s): 8080 (http) with context path ''
2022-09-30 13:58:02,070 [restartedMain] INFO  org.springframework.boot.devtools.autoconfigure.ConditionEvaluationDeltaLoggingListener(onApplicationEvent:63) - Condition evaluation unchanged
2022-09-30 13:58:15,584 [http-nio-8080-exec-1] INFO  org.springframework.web.servlet.DispatcherServlet(initServletBean:525) - Initializing Servlet 'dispatcherServlet'
2022-09-30 13:58:15,585 [http-nio-8080-exec-1] INFO  org.springframework.web.servlet.DispatcherServlet(initServletBean:547) - Completed initialization in 1 ms
2022-09-30 13:58:18,042 [Thread-75] INFO  org.springframework.boot.web.embedded.tomcat.GracefulShutdown(shutDownGracefully:53) - Commencing graceful shutdown. Waiting for active requests to complete
2022-09-30 13:58:19,297 [tomcat-shutdown] INFO  org.springframework.boot.web.embedded.tomcat.GracefulShutdown(doShutdown:78) - Graceful shutdown complete
2022-09-30 13:58:19,574 [restartedMain] INFO  org.springframework.boot.web.embedded.tomcat.TomcatWebServer(initialize:108) - Tomcat initialized with port(s): 8080 (http)
2022-09-30 13:58:19,590 [restartedMain] INFO  org.springframework.boot.web.servlet.context.ServletWebServerApplicationContext(prepareWebApplicationContext:292) - Root WebApplicationContext: initialization completed in 176 ms
2022-09-30 13:58:19,679 [restartedMain] INFO  org.springframework.boot.autoconfigure.web.servlet.WelcomePageHandlerMapping(<init>:57) - Adding welcome page template: index
2022-09-30 13:58:19,714 [restartedMain] INFO  org.springframework.boot.devtools.autoconfigure.OptionalLiveReloadServer(startServer:58) - LiveReload server is running on port 35729
2022-09-30 13:58:19,723 [restartedMain] INFO  org.springframework.boot.web.embedded.tomcat.TomcatWebServer(start:220) - Tomcat started on port(s): 8080 (http) with context path ''
2022-09-30 13:58:19,727 [restartedMain] INFO  org.springframework.boot.devtools.autoconfigure.ConditionEvaluationDeltaLoggingListener(onApplicationEvent:63) - Condition evaluation unchanged
2022-09-30 13:58:35,270 [http-nio-8080-exec-1] INFO  org.springframework.web.servlet.DispatcherServlet(initServletBean:525) - Initializing Servlet 'dispatcherServlet'
2022-09-30 13:58:35,271 [http-nio-8080-exec-1] INFO  org.springframework.web.servlet.DispatcherServlet(initServletBean:547) - Completed initialization in 0 ms
2022-09-30 13:58:50,329 [Thread-79] INFO  org.springframework.boot.web.embedded.tomcat.GracefulShutdown(shutDownGracefully:53) - Commencing graceful shutdown. Waiting for active requests to complete
2022-09-30 13:58:51,527 [tomcat-shutdown] INFO  org.springframework.boot.web.embedded.tomcat.GracefulShutdown(doShutdown:78) - Graceful shutdown complete
2022-09-30 13:58:51,867 [restartedMain] INFO  org.springframework.boot.web.embedded.tomcat.TomcatWebServer(initialize:108) - Tomcat initialized with port(s): 8080 (http)
2022-09-30 13:58:51,883 [restartedMain] INFO  org.springframework.boot.web.servlet.context.ServletWebServerApplicationContext(prepareWebApplicationContext:292) - Root WebApplicationContext: initialization completed in 256 ms
2022-09-30 13:58:51,962 [restartedMain] INFO  org.springframework.boot.autoconfigure.web.servlet.WelcomePageHandlerMapping(<init>:57) - Adding welcome page template: index
2022-09-30 13:58:51,994 [restartedMain] INFO  org.springframework.boot.devtools.autoconfigure.OptionalLiveReloadServer(startServer:58) - LiveReload server is running on port 35729
2022-09-30 13:58:52,001 [restartedMain] INFO  org.springframework.boot.web.embedded.tomcat.TomcatWebServer(start:220) - Tomcat started on port(s): 8080 (http) with context path ''
2022-09-30 13:58:52,005 [restartedMain] INFO  org.springframework.boot.devtools.autoconfigure.ConditionEvaluationDeltaLoggingListener(onApplicationEvent:63) - Condition evaluation unchanged
2022-09-30 13:59:32,363 [http-nio-8080-exec-1] INFO  org.springframework.web.servlet.DispatcherServlet(initServletBean:525) - Initializing Servlet 'dispatcherServlet'
2022-09-30 13:59:32,364 [http-nio-8080-exec-1] INFO  org.springframework.web.servlet.DispatcherServlet(initServletBean:547) - Completed initialization in 1 ms
2022-09-30 13:59:34,712 [Thread-83] INFO  org.springframework.boot.web.embedded.tomcat.GracefulShutdown(shutDownGracefully:53) - Commencing graceful shutdown. Waiting for active requests to complete
2022-09-30 13:59:35,864 [tomcat-shutdown] INFO  org.springframework.boot.web.embedded.tomcat.GracefulShutdown(doShutdown:78) - Graceful shutdown complete
2022-09-30 13:59:36,222 [restartedMain] INFO  org.springframework.boot.web.embedded.tomcat.TomcatWebServer(initialize:108) - Tomcat initialized with port(s): 8080 (http)
2022-09-30 13:59:36,239 [restartedMain] INFO  org.springframework.boot.web.servlet.context.ServletWebServerApplicationContext(prepareWebApplicationContext:292) - Root WebApplicationContext: initialization completed in 246 ms
2022-09-30 13:59:36,321 [restartedMain] INFO  org.springframework.boot.autoconfigure.web.servlet.WelcomePageHandlerMapping(<init>:57) - Adding welcome page template: index
2022-09-30 13:59:36,351 [restartedMain] INFO  org.springframework.boot.devtools.autoconfigure.OptionalLiveReloadServer(startServer:58) - LiveReload server is running on port 35729
2022-09-30 13:59:36,358 [restartedMain] INFO  org.springframework.boot.web.embedded.tomcat.TomcatWebServer(start:220) - Tomcat started on port(s): 8080 (http) with context path ''
2022-09-30 13:59:36,362 [restartedMain] INFO  org.springframework.boot.devtools.autoconfigure.ConditionEvaluationDeltaLoggingListener(onApplicationEvent:63) - Condition evaluation unchanged
