2022-09-30 11:00:12,982 [Thread-22] INFO  org.springframework.boot.web.embedded.tomcat.GracefulShutdown(shutDownGracefully:53) - Commencing graceful shutdown. Waiting for active requests to complete
2022-09-30 11:00:14,250 [tomcat-shutdown] INFO  org.springframework.boot.web.embedded.tomcat.GracefulShutdown(doShutdown:78) - Graceful shutdown complete
2022-09-30 11:00:14,918 [restartedMain] INFO  org.springframework.boot.web.embedded.tomcat.TomcatWebServer(initialize:108) - Tomcat initialized with port(s): 8080 (http)
2022-09-30 11:00:14,939 [restartedMain] INFO  org.springframework.boot.web.servlet.context.ServletWebServerApplicationContext(prepareWebApplicationContext:292) - Root WebApplicationContext: initialization completed in 415 ms
2022-09-30 11:00:15,085 [restartedMain] INFO  org.springframework.boot.autoconfigure.web.servlet.WelcomePageHandlerMapping(<init>:57) - Adding welcome page template: index
2022-09-30 11:00:15,197 [restartedMain] INFO  org.springframework.boot.devtools.autoconfigure.OptionalLiveReloadServer(startServer:58) - LiveReload server is running on port 35729
2022-09-30 11:00:15,212 [restartedMain] INFO  org.springframework.boot.web.embedded.tomcat.TomcatWebServer(start:220) - Tomcat started on port(s): 8080 (http) with context path ''
2022-09-30 11:00:15,222 [restartedMain] INFO  org.springframework.boot.devtools.autoconfigure.ConditionEvaluationDeltaLoggingListener(onApplicationEvent:63) - Condition evaluation unchanged
2022-09-30 11:00:18,972 [http-nio-8080-exec-1] INFO  org.springframework.web.servlet.DispatcherServlet(initServletBean:525) - Initializing Servlet 'dispatcherServlet'
2022-09-30 11:00:18,973 [http-nio-8080-exec-1] INFO  org.springframework.web.servlet.DispatcherServlet(initServletBean:547) - Completed initialization in 1 ms
2022-09-30 11:00:22,145 [Thread-26] INFO  org.springframework.boot.web.embedded.tomcat.GracefulShutdown(shutDownGracefully:53) - Commencing graceful shutdown. Waiting for active requests to complete
2022-09-30 11:00:23,403 [tomcat-shutdown] INFO  org.springframework.boot.web.embedded.tomcat.GracefulShutdown(doShutdown:78) - Graceful shutdown complete
2022-09-30 11:00:23,842 [restartedMain] INFO  org.springframework.boot.web.embedded.tomcat.TomcatWebServer(initialize:108) - Tomcat initialized with port(s): 8080 (http)
2022-09-30 11:00:23,861 [restartedMain] INFO  org.springframework.boot.web.servlet.context.ServletWebServerApplicationContext(prepareWebApplicationContext:292) - Root WebApplicationContext: initialization completed in 292 ms
2022-09-30 11:00:24,022 [restartedMain] INFO  org.springframework.boot.autoconfigure.web.servlet.WelcomePageHandlerMapping(<init>:57) - Adding welcome page template: index
2022-09-30 11:00:24,089 [restartedMain] INFO  org.springframework.boot.devtools.autoconfigure.OptionalLiveReloadServer(startServer:58) - LiveReload server is running on port 35729
2022-09-30 11:00:24,099 [restartedMain] INFO  org.springframework.boot.web.embedded.tomcat.TomcatWebServer(start:220) - Tomcat started on port(s): 8080 (http) with context path ''
2022-09-30 11:00:24,104 [restartedMain] INFO  org.springframework.boot.devtools.autoconfigure.ConditionEvaluationDeltaLoggingListener(onApplicationEvent:63) - Condition evaluation unchanged
2022-09-30 11:00:40,462 [http-nio-8080-exec-1] INFO  org.springframework.web.servlet.DispatcherServlet(initServletBean:525) - Initializing Servlet 'dispatcherServlet'
2022-09-30 11:00:40,463 [http-nio-8080-exec-1] INFO  org.springframework.web.servlet.DispatcherServlet(initServletBean:547) - Completed initialization in 1 ms
2022-09-30 11:00:42,662 [Thread-30] INFO  org.springframework.boot.web.embedded.tomcat.GracefulShutdown(shutDownGracefully:53) - Commencing graceful shutdown. Waiting for active requests to complete
2022-09-30 11:00:43,765 [tomcat-shutdown] INFO  org.springframework.boot.web.embedded.tomcat.GracefulShutdown(doShutdown:78) - Graceful shutdown complete
2022-09-30 11:00:44,037 [restartedMain] INFO  org.springframework.boot.web.embedded.tomcat.TomcatWebServer(initialize:108) - Tomcat initialized with port(s): 8080 (http)
2022-09-30 11:00:44,053 [restartedMain] INFO  org.springframework.boot.web.servlet.context.ServletWebServerApplicationContext(prepareWebApplicationContext:292) - Root WebApplicationContext: initialization completed in 172 ms
2022-09-30 11:00:44,144 [restartedMain] INFO  org.springframework.boot.autoconfigure.web.servlet.WelcomePageHandlerMapping(<init>:57) - Adding welcome page template: index
2022-09-30 11:00:44,178 [restartedMain] INFO  org.springframework.boot.devtools.autoconfigure.OptionalLiveReloadServer(startServer:58) - LiveReload server is running on port 35729
2022-09-30 11:00:44,185 [restartedMain] INFO  org.springframework.boot.web.embedded.tomcat.TomcatWebServer(start:220) - Tomcat started on port(s): 8080 (http) with context path ''
2022-09-30 11:00:44,190 [restartedMain] INFO  org.springframework.boot.devtools.autoconfigure.ConditionEvaluationDeltaLoggingListener(onApplicationEvent:63) - Condition evaluation unchanged
2022-09-30 11:01:14,980 [http-nio-8080-exec-1] INFO  org.springframework.web.servlet.DispatcherServlet(initServletBean:525) - Initializing Servlet 'dispatcherServlet'
2022-09-30 11:01:14,981 [http-nio-8080-exec-1] INFO  org.springframework.web.servlet.DispatcherServlet(initServletBean:547) - Completed initialization in 1 ms
2022-09-30 11:01:16,980 [Thread-34] INFO  org.springframework.boot.web.embedded.tomcat.GracefulShutdown(shutDownGracefully:53) - Commencing graceful shutdown. Waiting for active requests to complete
2022-09-30 11:01:18,193 [tomcat-shutdown] INFO  org.springframework.boot.web.embedded.tomcat.GracefulShutdown(doShutdown:78) - Graceful shutdown complete
2022-09-30 11:01:18,524 [restartedMain] INFO  org.springframework.boot.web.embedded.tomcat.TomcatWebServer(initialize:108) - Tomcat initialized with port(s): 8080 (http)
2022-09-30 11:01:18,540 [restartedMain] INFO  org.springframework.boot.web.servlet.context.ServletWebServerApplicationContext(prepareWebApplicationContext:292) - Root WebApplicationContext: initialization completed in 222 ms
2022-09-30 11:01:18,633 [restartedMain] INFO  org.springframework.boot.autoconfigure.web.servlet.WelcomePageHandlerMapping(<init>:57) - Adding welcome page template: index
2022-09-30 11:01:18,667 [restartedMain] INFO  org.springframework.boot.devtools.autoconfigure.OptionalLiveReloadServer(startServer:58) - LiveReload server is running on port 35729
2022-09-30 11:01:18,675 [restartedMain] INFO  org.springframework.boot.web.embedded.tomcat.TomcatWebServer(start:220) - Tomcat started on port(s): 8080 (http) with context path ''
2022-09-30 11:01:18,680 [restartedMain] INFO  org.springframework.boot.devtools.autoconfigure.ConditionEvaluationDeltaLoggingListener(onApplicationEvent:63) - Condition evaluation unchanged
2022-09-30 11:01:18,702 [http-nio-8080-exec-1] INFO  org.springframework.web.servlet.DispatcherServlet(initServletBean:525) - Initializing Servlet 'dispatcherServlet'
2022-09-30 11:01:18,702 [http-nio-8080-exec-1] INFO  org.springframework.web.servlet.DispatcherServlet(initServletBean:547) - Completed initialization in 0 ms
2022-09-30 11:02:09,010 [Thread-38] INFO  org.springframework.boot.web.embedded.tomcat.GracefulShutdown(shutDownGracefully:53) - Commencing graceful shutdown. Waiting for active requests to complete
2022-09-30 11:02:10,235 [tomcat-shutdown] INFO  org.springframework.boot.web.embedded.tomcat.GracefulShutdown(doShutdown:78) - Graceful shutdown complete
2022-09-30 11:02:10,577 [restartedMain] INFO  org.springframework.boot.web.embedded.tomcat.TomcatWebServer(initialize:108) - Tomcat initialized with port(s): 8080 (http)
2022-09-30 11:02:10,591 [restartedMain] INFO  org.springframework.boot.web.servlet.context.ServletWebServerApplicationContext(prepareWebApplicationContext:292) - Root WebApplicationContext: initialization completed in 217 ms
2022-09-30 11:02:10,663 [restartedMain] INFO  org.springframework.boot.autoconfigure.web.servlet.WelcomePageHandlerMapping(<init>:57) - Adding welcome page template: index
2022-09-30 11:02:10,693 [restartedMain] INFO  org.springframework.boot.devtools.autoconfigure.OptionalLiveReloadServer(startServer:58) - LiveReload server is running on port 35729
2022-09-30 11:02:10,700 [restartedMain] INFO  org.springframework.boot.web.embedded.tomcat.TomcatWebServer(start:220) - Tomcat started on port(s): 8080 (http) with context path ''
2022-09-30 11:02:10,703 [restartedMain] INFO  org.springframework.boot.devtools.autoconfigure.ConditionEvaluationDeltaLoggingListener(onApplicationEvent:63) - Condition evaluation unchanged
2022-09-30 11:03:02,510 [http-nio-8080-exec-1] INFO  org.springframework.web.servlet.DispatcherServlet(initServletBean:525) - Initializing Servlet 'dispatcherServlet'
2022-09-30 11:03:02,511 [http-nio-8080-exec-1] INFO  org.springframework.web.servlet.DispatcherServlet(initServletBean:547) - Completed initialization in 1 ms
2022-09-30 11:03:03,737 [Thread-42] INFO  org.springframework.boot.web.embedded.tomcat.GracefulShutdown(shutDownGracefully:53) - Commencing graceful shutdown. Waiting for active requests to complete
2022-09-30 11:03:04,986 [tomcat-shutdown] INFO  org.springframework.boot.web.embedded.tomcat.GracefulShutdown(doShutdown:78) - Graceful shutdown complete
2022-09-30 11:03:05,386 [restartedMain] INFO  org.springframework.boot.web.embedded.tomcat.TomcatWebServer(initialize:108) - Tomcat initialized with port(s): 8080 (http)
2022-09-30 11:03:05,407 [restartedMain] INFO  org.springframework.boot.web.servlet.context.ServletWebServerApplicationContext(prepareWebApplicationContext:292) - Root WebApplicationContext: initialization completed in 292 ms
2022-09-30 11:03:05,503 [restartedMain] INFO  org.springframework.boot.autoconfigure.web.servlet.WelcomePageHandlerMapping(<init>:57) - Adding welcome page template: index
2022-09-30 11:03:05,550 [restartedMain] INFO  org.springframework.boot.devtools.autoconfigure.OptionalLiveReloadServer(startServer:58) - LiveReload server is running on port 35729
2022-09-30 11:03:05,561 [restartedMain] INFO  org.springframework.boot.web.embedded.tomcat.TomcatWebServer(start:220) - Tomcat started on port(s): 8080 (http) with context path ''
2022-09-30 11:03:05,566 [restartedMain] INFO  org.springframework.boot.devtools.autoconfigure.ConditionEvaluationDeltaLoggingListener(onApplicationEvent:63) - Condition evaluation unchanged
2022-09-30 11:03:09,485 [http-nio-8080-exec-1] INFO  org.springframework.web.servlet.DispatcherServlet(initServletBean:525) - Initializing Servlet 'dispatcherServlet'
2022-09-30 11:03:09,486 [http-nio-8080-exec-1] INFO  org.springframework.web.servlet.DispatcherServlet(initServletBean:547) - Completed initialization in 1 ms
2022-09-30 11:03:11,836 [Thread-46] INFO  org.springframework.boot.web.embedded.tomcat.GracefulShutdown(shutDownGracefully:53) - Commencing graceful shutdown. Waiting for active requests to complete
2022-09-30 11:03:13,006 [tomcat-shutdown] INFO  org.springframework.boot.web.embedded.tomcat.GracefulShutdown(doShutdown:78) - Graceful shutdown complete
2022-09-30 11:03:13,272 [restartedMain] INFO  org.springframework.boot.web.embedded.tomcat.TomcatWebServer(initialize:108) - Tomcat initialized with port(s): 8080 (http)
2022-09-30 11:03:13,289 [restartedMain] INFO  org.springframework.boot.web.servlet.context.ServletWebServerApplicationContext(prepareWebApplicationContext:292) - Root WebApplicationContext: initialization completed in 178 ms
2022-09-30 11:03:13,374 [restartedMain] INFO  org.springframework.boot.autoconfigure.web.servlet.WelcomePageHandlerMapping(<init>:57) - Adding welcome page template: index
2022-09-30 11:03:13,414 [restartedMain] INFO  org.springframework.boot.devtools.autoconfigure.OptionalLiveReloadServer(startServer:58) - LiveReload server is running on port 35729
2022-09-30 11:03:13,424 [restartedMain] INFO  org.springframework.boot.web.embedded.tomcat.TomcatWebServer(start:220) - Tomcat started on port(s): 8080 (http) with context path ''
2022-09-30 11:03:13,428 [restartedMain] INFO  org.springframework.boot.devtools.autoconfigure.ConditionEvaluationDeltaLoggingListener(onApplicationEvent:63) - Condition evaluation unchanged
2022-09-30 11:03:33,722 [http-nio-8080-exec-1] INFO  org.springframework.web.servlet.DispatcherServlet(initServletBean:525) - Initializing Servlet 'dispatcherServlet'
2022-09-30 11:03:33,723 [http-nio-8080-exec-1] INFO  org.springframework.web.servlet.DispatcherServlet(initServletBean:547) - Completed initialization in 1 ms
2022-09-30 11:03:36,064 [Thread-50] INFO  org.springframework.boot.web.embedded.tomcat.GracefulShutdown(shutDownGracefully:53) - Commencing graceful shutdown. Waiting for active requests to complete
2022-09-30 11:03:37,170 [tomcat-shutdown] INFO  org.springframework.boot.web.embedded.tomcat.GracefulShutdown(doShutdown:78) - Graceful shutdown complete
2022-09-30 11:03:37,493 [restartedMain] INFO  org.springframework.boot.web.embedded.tomcat.TomcatWebServer(initialize:108) - Tomcat initialized with port(s): 8080 (http)
2022-09-30 11:03:37,512 [restartedMain] INFO  org.springframework.boot.web.servlet.context.ServletWebServerApplicationContext(prepareWebApplicationContext:292) - Root WebApplicationContext: initialization completed in 226 ms
2022-09-30 11:03:37,600 [restartedMain] INFO  org.springframework.boot.autoconfigure.web.servlet.WelcomePageHandlerMapping(<init>:57) - Adding welcome page template: index
2022-09-30 11:03:37,632 [restartedMain] INFO  org.springframework.boot.devtools.autoconfigure.OptionalLiveReloadServer(startServer:58) - LiveReload server is running on port 35729
2022-09-30 11:03:37,640 [restartedMain] INFO  org.springframework.boot.web.embedded.tomcat.TomcatWebServer(start:220) - Tomcat started on port(s): 8080 (http) with context path ''
2022-09-30 11:03:37,643 [restartedMain] INFO  org.springframework.boot.devtools.autoconfigure.ConditionEvaluationDeltaLoggingListener(onApplicationEvent:63) - Condition evaluation unchanged
2022-09-30 11:04:31,146 [Thread-54] INFO  org.springframework.boot.web.embedded.tomcat.GracefulShutdown(shutDownGracefully:53) - Commencing graceful shutdown. Waiting for active requests to complete
2022-09-30 11:04:32,179 [tomcat-shutdown] INFO  org.springframework.boot.web.embedded.tomcat.GracefulShutdown(doShutdown:78) - Graceful shutdown complete
2022-09-30 11:04:32,498 [restartedMain] INFO  org.springframework.boot.web.embedded.tomcat.TomcatWebServer(initialize:108) - Tomcat initialized with port(s): 8080 (http)
2022-09-30 11:04:32,515 [restartedMain] INFO  org.springframework.boot.web.servlet.context.ServletWebServerApplicationContext(prepareWebApplicationContext:292) - Root WebApplicationContext: initialization completed in 214 ms
2022-09-30 11:04:32,600 [restartedMain] INFO  org.springframework.boot.autoconfigure.web.servlet.WelcomePageHandlerMapping(<init>:57) - Adding welcome page template: index
2022-09-30 11:04:32,633 [restartedMain] INFO  org.springframework.boot.devtools.autoconfigure.OptionalLiveReloadServer(startServer:58) - LiveReload server is running on port 35729
2022-09-30 11:04:32,641 [restartedMain] INFO  org.springframework.boot.web.embedded.tomcat.TomcatWebServer(start:220) - Tomcat started on port(s): 8080 (http) with context path ''
2022-09-30 11:04:32,646 [restartedMain] INFO  org.springframework.boot.devtools.autoconfigure.ConditionEvaluationDeltaLoggingListener(onApplicationEvent:63) - Condition evaluation unchanged
2022-09-30 11:07:41,962 [http-nio-8080-exec-1] INFO  org.springframework.web.servlet.DispatcherServlet(initServletBean:525) - Initializing Servlet 'dispatcherServlet'
2022-09-30 11:07:41,963 [http-nio-8080-exec-1] INFO  org.springframework.web.servlet.DispatcherServlet(initServletBean:547) - Completed initialization in 1 ms
2022-09-30 11:07:43,901 [Thread-58] INFO  org.springframework.boot.web.embedded.tomcat.GracefulShutdown(shutDownGracefully:53) - Commencing graceful shutdown. Waiting for active requests to complete
2022-09-30 11:07:44,948 [tomcat-shutdown] INFO  org.springframework.boot.web.embedded.tomcat.GracefulShutdown(doShutdown:78) - Graceful shutdown complete
2022-09-30 11:07:45,287 [restartedMain] INFO  org.springframework.boot.web.embedded.tomcat.TomcatWebServer(initialize:108) - Tomcat initialized with port(s): 8080 (http)
2022-09-30 11:07:45,306 [restartedMain] INFO  org.springframework.boot.web.servlet.context.ServletWebServerApplicationContext(prepareWebApplicationContext:292) - Root WebApplicationContext: initialization completed in 245 ms
2022-09-30 11:07:45,386 [restartedMain] INFO  org.springframework.boot.autoconfigure.web.servlet.WelcomePageHandlerMapping(<init>:57) - Adding welcome page template: index
2022-09-30 11:07:45,417 [restartedMain] INFO  org.springframework.boot.devtools.autoconfigure.OptionalLiveReloadServer(startServer:58) - LiveReload server is running on port 35729
2022-09-30 11:07:45,425 [restartedMain] INFO  org.springframework.boot.web.embedded.tomcat.TomcatWebServer(start:220) - Tomcat started on port(s): 8080 (http) with context path ''
2022-09-30 11:07:45,429 [restartedMain] INFO  org.springframework.boot.devtools.autoconfigure.ConditionEvaluationDeltaLoggingListener(onApplicationEvent:63) - Condition evaluation unchanged
2022-09-30 11:07:45,565 [http-nio-8080-exec-1] INFO  org.springframework.web.servlet.DispatcherServlet(initServletBean:525) - Initializing Servlet 'dispatcherServlet'
2022-09-30 11:07:45,565 [http-nio-8080-exec-1] INFO  org.springframework.web.servlet.DispatcherServlet(initServletBean:547) - Completed initialization in 0 ms
2022-09-30 11:07:55,487 [Thread-62] INFO  org.springframework.boot.web.embedded.tomcat.GracefulShutdown(shutDownGracefully:53) - Commencing graceful shutdown. Waiting for active requests to complete
2022-09-30 11:07:56,764 [tomcat-shutdown] INFO  org.springframework.boot.web.embedded.tomcat.GracefulShutdown(doShutdown:78) - Graceful shutdown complete
2022-09-30 11:07:57,046 [restartedMain] INFO  org.springframework.boot.web.embedded.tomcat.TomcatWebServer(initialize:108) - Tomcat initialized with port(s): 8080 (http)
2022-09-30 11:07:57,064 [restartedMain] INFO  org.springframework.boot.web.servlet.context.ServletWebServerApplicationContext(prepareWebApplicationContext:292) - Root WebApplicationContext: initialization completed in 184 ms
2022-09-30 11:07:57,153 [restartedMain] INFO  org.springframework.boot.autoconfigure.web.servlet.WelcomePageHandlerMapping(<init>:57) - Adding welcome page template: index
2022-09-30 11:07:57,189 [restartedMain] INFO  org.springframework.boot.devtools.autoconfigure.OptionalLiveReloadServer(startServer:58) - LiveReload server is running on port 35729
2022-09-30 11:07:57,196 [restartedMain] INFO  org.springframework.boot.web.embedded.tomcat.TomcatWebServer(start:220) - Tomcat started on port(s): 8080 (http) with context path ''
2022-09-30 11:07:57,200 [restartedMain] INFO  org.springframework.boot.devtools.autoconfigure.ConditionEvaluationDeltaLoggingListener(onApplicationEvent:63) - Condition evaluation unchanged
2022-09-30 11:07:57,793 [http-nio-8080-exec-1] INFO  org.springframework.web.servlet.DispatcherServlet(initServletBean:525) - Initializing Servlet 'dispatcherServlet'
2022-09-30 11:07:57,795 [http-nio-8080-exec-1] INFO  org.springframework.web.servlet.DispatcherServlet(initServletBean:547) - Completed initialization in 1 ms
2022-09-30 11:08:15,701 [Thread-66] INFO  org.springframework.boot.web.embedded.tomcat.GracefulShutdown(shutDownGracefully:53) - Commencing graceful shutdown. Waiting for active requests to complete
2022-09-30 11:08:16,833 [tomcat-shutdown] INFO  org.springframework.boot.web.embedded.tomcat.GracefulShutdown(doShutdown:78) - Graceful shutdown complete
2022-09-30 11:08:17,180 [restartedMain] INFO  org.springframework.boot.web.embedded.tomcat.TomcatWebServer(initialize:108) - Tomcat initialized with port(s): 8080 (http)
2022-09-30 11:08:17,196 [restartedMain] INFO  org.springframework.boot.web.servlet.context.ServletWebServerApplicationContext(prepareWebApplicationContext:292) - Root WebApplicationContext: initialization completed in 237 ms
2022-09-30 11:08:17,297 [restartedMain] INFO  org.springframework.boot.autoconfigure.web.servlet.WelcomePageHandlerMapping(<init>:57) - Adding welcome page template: index
2022-09-30 11:08:17,345 [restartedMain] INFO  org.springframework.boot.devtools.autoconfigure.OptionalLiveReloadServer(startServer:58) - LiveReload server is running on port 35729
2022-09-30 11:08:17,353 [restartedMain] INFO  org.springframework.boot.web.embedded.tomcat.TomcatWebServer(start:220) - Tomcat started on port(s): 8080 (http) with context path ''
2022-09-30 11:08:17,357 [restartedMain] INFO  org.springframework.boot.devtools.autoconfigure.ConditionEvaluationDeltaLoggingListener(onApplicationEvent:63) - Condition evaluation unchanged
2022-09-30 11:08:36,720 [http-nio-8080-exec-1] INFO  org.springframework.web.servlet.DispatcherServlet(initServletBean:525) - Initializing Servlet 'dispatcherServlet'
2022-09-30 11:08:36,721 [http-nio-8080-exec-1] INFO  org.springframework.web.servlet.DispatcherServlet(initServletBean:547) - Completed initialization in 1 ms
2022-09-30 11:08:38,985 [Thread-70] INFO  org.springframework.boot.web.embedded.tomcat.GracefulShutdown(shutDownGracefully:53) - Commencing graceful shutdown. Waiting for active requests to complete
2022-09-30 11:08:40,096 [tomcat-shutdown] INFO  org.springframework.boot.web.embedded.tomcat.GracefulShutdown(doShutdown:78) - Graceful shutdown complete
2022-09-30 11:08:40,417 [restartedMain] INFO  org.springframework.boot.web.embedded.tomcat.TomcatWebServer(initialize:108) - Tomcat initialized with port(s): 8080 (http)
2022-09-30 11:08:40,436 [restartedMain] INFO  org.springframework.boot.web.servlet.context.ServletWebServerApplicationContext(prepareWebApplicationContext:292) - Root WebApplicationContext: initialization completed in 189 ms
2022-09-30 11:08:40,518 [restartedMain] INFO  org.springframework.boot.autoconfigure.web.servlet.WelcomePageHandlerMapping(<init>:57) - Adding welcome page template: index
2022-09-30 11:08:40,553 [restartedMain] INFO  org.springframework.boot.devtools.autoconfigure.OptionalLiveReloadServer(startServer:58) - LiveReload server is running on port 35729
2022-09-30 11:08:40,561 [restartedMain] INFO  org.springframework.boot.web.embedded.tomcat.TomcatWebServer(start:220) - Tomcat started on port(s): 8080 (http) with context path ''
2022-09-30 11:08:40,565 [restartedMain] INFO  org.springframework.boot.devtools.autoconfigure.ConditionEvaluationDeltaLoggingListener(onApplicationEvent:63) - Condition evaluation unchanged
2022-09-30 11:08:43,323 [http-nio-8080-exec-1] INFO  org.springframework.web.servlet.DispatcherServlet(initServletBean:525) - Initializing Servlet 'dispatcherServlet'
2022-09-30 11:08:43,324 [http-nio-8080-exec-1] INFO  org.springframework.web.servlet.DispatcherServlet(initServletBean:547) - Completed initialization in 1 ms
2022-09-30 11:08:45,775 [Thread-74] INFO  org.springframework.boot.web.embedded.tomcat.GracefulShutdown(shutDownGracefully:53) - Commencing graceful shutdown. Waiting for active requests to complete
2022-09-30 11:08:47,074 [tomcat-shutdown] INFO  org.springframework.boot.web.embedded.tomcat.GracefulShutdown(doShutdown:78) - Graceful shutdown complete
2022-09-30 11:08:47,390 [restartedMain] INFO  org.springframework.boot.web.embedded.tomcat.TomcatWebServer(initialize:108) - Tomcat initialized with port(s): 8080 (http)
2022-09-30 11:08:47,407 [restartedMain] INFO  org.springframework.boot.web.servlet.context.ServletWebServerApplicationContext(prepareWebApplicationContext:292) - Root WebApplicationContext: initialization completed in 220 ms
2022-09-30 11:08:47,492 [restartedMain] INFO  org.springframework.boot.autoconfigure.web.servlet.WelcomePageHandlerMapping(<init>:57) - Adding welcome page template: index
2022-09-30 11:08:47,527 [restartedMain] INFO  org.springframework.boot.devtools.autoconfigure.OptionalLiveReloadServer(startServer:58) - LiveReload server is running on port 35729
2022-09-30 11:08:47,535 [restartedMain] INFO  org.springframework.boot.web.embedded.tomcat.TomcatWebServer(start:220) - Tomcat started on port(s): 8080 (http) with context path ''
2022-09-30 11:08:47,538 [restartedMain] INFO  org.springframework.boot.devtools.autoconfigure.ConditionEvaluationDeltaLoggingListener(onApplicationEvent:63) - Condition evaluation unchanged
2022-09-30 11:08:47,586 [http-nio-8080-exec-1] INFO  org.springframework.web.servlet.DispatcherServlet(initServletBean:525) - Initializing Servlet 'dispatcherServlet'
2022-09-30 11:08:47,587 [http-nio-8080-exec-1] INFO  org.springframework.web.servlet.DispatcherServlet(initServletBean:547) - Completed initialization in 1 ms
2022-09-30 11:09:02,266 [Thread-78] INFO  org.springframework.boot.web.embedded.tomcat.GracefulShutdown(shutDownGracefully:53) - Commencing graceful shutdown. Waiting for active requests to complete
2022-09-30 11:09:03,371 [tomcat-shutdown] INFO  org.springframework.boot.web.embedded.tomcat.GracefulShutdown(doShutdown:78) - Graceful shutdown complete
2022-09-30 11:09:03,618 [restartedMain] INFO  org.springframework.boot.web.embedded.tomcat.TomcatWebServer(initialize:108) - Tomcat initialized with port(s): 8080 (http)
2022-09-30 11:09:03,633 [restartedMain] INFO  org.springframework.boot.web.servlet.context.ServletWebServerApplicationContext(prepareWebApplicationContext:292) - Root WebApplicationContext: initialization completed in 164 ms
2022-09-30 11:09:03,709 [restartedMain] INFO  org.springframework.boot.autoconfigure.web.servlet.WelcomePageHandlerMapping(<init>:57) - Adding welcome page template: index
2022-09-30 11:09:03,736 [restartedMain] INFO  org.springframework.boot.devtools.autoconfigure.OptionalLiveReloadServer(startServer:58) - LiveReload server is running on port 35729
2022-09-30 11:09:03,743 [restartedMain] INFO  org.springframework.boot.web.embedded.tomcat.TomcatWebServer(start:220) - Tomcat started on port(s): 8080 (http) with context path ''
2022-09-30 11:09:03,747 [restartedMain] INFO  org.springframework.boot.devtools.autoconfigure.ConditionEvaluationDeltaLoggingListener(onApplicationEvent:63) - Condition evaluation unchanged
2022-09-30 11:09:14,300 [http-nio-8080-exec-1] INFO  org.springframework.web.servlet.DispatcherServlet(initServletBean:525) - Initializing Servlet 'dispatcherServlet'
2022-09-30 11:09:14,301 [http-nio-8080-exec-1] INFO  org.springframework.web.servlet.DispatcherServlet(initServletBean:547) - Completed initialization in 1 ms
2022-09-30 11:09:17,015 [Thread-82] INFO  org.springframework.boot.web.embedded.tomcat.GracefulShutdown(shutDownGracefully:53) - Commencing graceful shutdown. Waiting for active requests to complete
2022-09-30 11:09:18,218 [tomcat-shutdown] INFO  org.springframework.boot.web.embedded.tomcat.GracefulShutdown(doShutdown:78) - Graceful shutdown complete
2022-09-30 11:09:18,517 [restartedMain] INFO  org.springframework.boot.web.embedded.tomcat.TomcatWebServer(initialize:108) - Tomcat initialized with port(s): 8080 (http)
2022-09-30 11:09:18,534 [restartedMain] INFO  org.springframework.boot.web.servlet.context.ServletWebServerApplicationContext(prepareWebApplicationContext:292) - Root WebApplicationContext: initialization completed in 220 ms
2022-09-30 11:09:18,614 [restartedMain] INFO  org.springframework.boot.autoconfigure.web.servlet.WelcomePageHandlerMapping(<init>:57) - Adding welcome page template: index
2022-09-30 11:09:18,645 [restartedMain] INFO  org.springframework.boot.devtools.autoconfigure.OptionalLiveReloadServer(startServer:58) - LiveReload server is running on port 35729
2022-09-30 11:09:18,653 [restartedMain] INFO  org.springframework.boot.web.embedded.tomcat.TomcatWebServer(start:220) - Tomcat started on port(s): 8080 (http) with context path ''
2022-09-30 11:09:18,657 [restartedMain] INFO  org.springframework.boot.devtools.autoconfigure.ConditionEvaluationDeltaLoggingListener(onApplicationEvent:63) - Condition evaluation unchanged
2022-09-30 11:09:42,087 [http-nio-8080-exec-1] INFO  org.springframework.web.servlet.DispatcherServlet(initServletBean:525) - Initializing Servlet 'dispatcherServlet'
2022-09-30 11:09:42,088 [http-nio-8080-exec-1] INFO  org.springframework.web.servlet.DispatcherServlet(initServletBean:547) - Completed initialization in 1 ms
2022-09-30 11:09:44,452 [Thread-86] INFO  org.springframework.boot.web.embedded.tomcat.GracefulShutdown(shutDownGracefully:53) - Commencing graceful shutdown. Waiting for active requests to complete
2022-09-30 11:09:45,572 [tomcat-shutdown] INFO  org.springframework.boot.web.embedded.tomcat.GracefulShutdown(doShutdown:78) - Graceful shutdown complete
2022-09-30 11:09:45,817 [restartedMain] INFO  org.springframework.boot.web.embedded.tomcat.TomcatWebServer(initialize:108) - Tomcat initialized with port(s): 8080 (http)
2022-09-30 11:09:45,832 [restartedMain] INFO  org.springframework.boot.web.servlet.context.ServletWebServerApplicationContext(prepareWebApplicationContext:292) - Root WebApplicationContext: initialization completed in 168 ms
2022-09-30 11:09:45,909 [restartedMain] INFO  org.springframework.boot.autoconfigure.web.servlet.WelcomePageHandlerMapping(<init>:57) - Adding welcome page template: index
2022-09-30 11:09:45,937 [restartedMain] INFO  org.springframework.boot.devtools.autoconfigure.OptionalLiveReloadServer(startServer:58) - LiveReload server is running on port 35729
2022-09-30 11:09:45,944 [restartedMain] INFO  org.springframework.boot.web.embedded.tomcat.TomcatWebServer(start:220) - Tomcat started on port(s): 8080 (http) with context path ''
2022-09-30 11:09:45,949 [restartedMain] INFO  org.springframework.boot.devtools.autoconfigure.ConditionEvaluationDeltaLoggingListener(onApplicationEvent:63) - Condition evaluation unchanged
2022-09-30 11:09:46,081 [http-nio-8080-exec-1] INFO  org.springframework.web.servlet.DispatcherServlet(initServletBean:525) - Initializing Servlet 'dispatcherServlet'
2022-09-30 11:09:46,082 [http-nio-8080-exec-1] INFO  org.springframework.web.servlet.DispatcherServlet(initServletBean:547) - Completed initialization in 1 ms
2022-09-30 11:09:54,898 [Thread-90] INFO  org.springframework.boot.web.embedded.tomcat.GracefulShutdown(shutDownGracefully:53) - Commencing graceful shutdown. Waiting for active requests to complete
2022-09-30 11:09:56,199 [tomcat-shutdown] INFO  org.springframework.boot.web.embedded.tomcat.GracefulShutdown(doShutdown:78) - Graceful shutdown complete
2022-09-30 11:09:56,553 [restartedMain] INFO  org.springframework.boot.web.embedded.tomcat.TomcatWebServer(initialize:108) - Tomcat initialized with port(s): 8080 (http)
2022-09-30 11:09:56,570 [restartedMain] INFO  org.springframework.boot.web.servlet.context.ServletWebServerApplicationContext(prepareWebApplicationContext:292) - Root WebApplicationContext: initialization completed in 254 ms
2022-09-30 11:09:56,657 [restartedMain] INFO  org.springframework.boot.autoconfigure.web.servlet.WelcomePageHandlerMapping(<init>:57) - Adding welcome page template: index
2022-09-30 11:09:56,691 [restartedMain] INFO  org.springframework.boot.devtools.autoconfigure.OptionalLiveReloadServer(startServer:58) - LiveReload server is running on port 35729
2022-09-30 11:09:56,700 [restartedMain] INFO  org.springframework.boot.web.embedded.tomcat.TomcatWebServer(start:220) - Tomcat started on port(s): 8080 (http) with context path ''
2022-09-30 11:09:56,703 [restartedMain] INFO  org.springframework.boot.devtools.autoconfigure.ConditionEvaluationDeltaLoggingListener(onApplicationEvent:63) - Condition evaluation unchanged
2022-09-30 11:09:56,723 [http-nio-8080-exec-1] INFO  org.springframework.web.servlet.DispatcherServlet(initServletBean:525) - Initializing Servlet 'dispatcherServlet'
2022-09-30 11:09:56,724 [http-nio-8080-exec-1] INFO  org.springframework.web.servlet.DispatcherServlet(initServletBean:547) - Completed initialization in 1 ms
2022-09-30 11:10:19,491 [Thread-94] INFO  org.springframework.boot.web.embedded.tomcat.GracefulShutdown(shutDownGracefully:53) - Commencing graceful shutdown. Waiting for active requests to complete
2022-09-30 11:10:21,001 [tomcat-shutdown] INFO  org.springframework.boot.web.embedded.tomcat.GracefulShutdown(doShutdown:78) - Graceful shutdown complete
2022-09-30 11:10:21,371 [restartedMain] INFO  org.springframework.boot.web.embedded.tomcat.TomcatWebServer(initialize:108) - Tomcat initialized with port(s): 8080 (http)
2022-09-30 11:10:21,393 [restartedMain] INFO  org.springframework.boot.web.servlet.context.ServletWebServerApplicationContext(prepareWebApplicationContext:292) - Root WebApplicationContext: initialization completed in 251 ms
2022-09-30 11:10:21,484 [restartedMain] INFO  org.springframework.boot.autoconfigure.web.servlet.WelcomePageHandlerMapping(<init>:57) - Adding welcome page template: index
2022-09-30 11:10:21,519 [restartedMain] INFO  org.springframework.boot.devtools.autoconfigure.OptionalLiveReloadServer(startServer:58) - LiveReload server is running on port 35729
2022-09-30 11:10:21,527 [restartedMain] INFO  org.springframework.boot.web.embedded.tomcat.TomcatWebServer(start:220) - Tomcat started on port(s): 8080 (http) with context path ''
2022-09-30 11:10:21,531 [restartedMain] INFO  org.springframework.boot.devtools.autoconfigure.ConditionEvaluationDeltaLoggingListener(onApplicationEvent:63) - Condition evaluation unchanged
2022-09-30 11:13:25,009 [http-nio-8080-exec-1] INFO  org.springframework.web.servlet.DispatcherServlet(initServletBean:525) - Initializing Servlet 'dispatcherServlet'
2022-09-30 11:13:25,011 [http-nio-8080-exec-1] INFO  org.springframework.web.servlet.DispatcherServlet(initServletBean:547) - Completed initialization in 2 ms
2022-09-30 11:13:27,091 [Thread-98] INFO  org.springframework.boot.web.embedded.tomcat.GracefulShutdown(shutDownGracefully:53) - Commencing graceful shutdown. Waiting for active requests to complete
2022-09-30 11:13:28,183 [tomcat-shutdown] INFO  org.springframework.boot.web.embedded.tomcat.GracefulShutdown(doShutdown:78) - Graceful shutdown complete
2022-09-30 11:13:28,517 [restartedMain] INFO  org.springframework.boot.web.embedded.tomcat.TomcatWebServer(initialize:108) - Tomcat initialized with port(s): 8080 (http)
2022-09-30 11:13:28,531 [restartedMain] INFO  org.springframework.boot.web.servlet.context.ServletWebServerApplicationContext(prepareWebApplicationContext:292) - Root WebApplicationContext: initialization completed in 220 ms
2022-09-30 11:13:28,606 [restartedMain] INFO  org.springframework.boot.autoconfigure.web.servlet.WelcomePageHandlerMapping(<init>:57) - Adding welcome page template: index
2022-09-30 11:13:28,634 [restartedMain] INFO  org.springframework.boot.devtools.autoconfigure.OptionalLiveReloadServer(startServer:58) - LiveReload server is running on port 35729
2022-09-30 11:13:28,642 [restartedMain] INFO  org.springframework.boot.web.embedded.tomcat.TomcatWebServer(start:220) - Tomcat started on port(s): 8080 (http) with context path ''
2022-09-30 11:13:28,646 [restartedMain] INFO  org.springframework.boot.devtools.autoconfigure.ConditionEvaluationDeltaLoggingListener(onApplicationEvent:63) - Condition evaluation unchanged
2022-09-30 11:13:32,391 [http-nio-8080-exec-1] INFO  org.springframework.web.servlet.DispatcherServlet(initServletBean:525) - Initializing Servlet 'dispatcherServlet'
2022-09-30 11:13:32,393 [http-nio-8080-exec-1] INFO  org.springframework.web.servlet.DispatcherServlet(initServletBean:547) - Completed initialization in 2 ms
2022-09-30 11:13:34,912 [Thread-102] INFO  org.springframework.boot.web.embedded.tomcat.GracefulShutdown(shutDownGracefully:53) - Commencing graceful shutdown. Waiting for active requests to complete
2022-09-30 11:13:36,091 [tomcat-shutdown] INFO  org.springframework.boot.web.embedded.tomcat.GracefulShutdown(doShutdown:78) - Graceful shutdown complete
2022-09-30 11:13:36,369 [restartedMain] INFO  org.springframework.boot.web.embedded.tomcat.TomcatWebServer(initialize:108) - Tomcat initialized with port(s): 8080 (http)
2022-09-30 11:13:36,387 [restartedMain] INFO  org.springframework.boot.web.servlet.context.ServletWebServerApplicationContext(prepareWebApplicationContext:292) - Root WebApplicationContext: initialization completed in 187 ms
2022-09-30 11:13:36,477 [restartedMain] INFO  org.springframework.boot.autoconfigure.web.servlet.WelcomePageHandlerMapping(<init>:57) - Adding welcome page template: index
2022-09-30 11:13:36,510 [restartedMain] INFO  org.springframework.boot.devtools.autoconfigure.OptionalLiveReloadServer(startServer:58) - LiveReload server is running on port 35729
2022-09-30 11:13:36,517 [restartedMain] INFO  org.springframework.boot.web.embedded.tomcat.TomcatWebServer(start:220) - Tomcat started on port(s): 8080 (http) with context path ''
2022-09-30 11:13:36,521 [restartedMain] INFO  org.springframework.boot.devtools.autoconfigure.ConditionEvaluationDeltaLoggingListener(onApplicationEvent:63) - Condition evaluation unchanged
2022-09-30 11:15:18,315 [Thread-106] INFO  org.springframework.boot.web.embedded.tomcat.GracefulShutdown(shutDownGracefully:53) - Commencing graceful shutdown. Waiting for active requests to complete
2022-09-30 11:15:19,516 [tomcat-shutdown] INFO  org.springframework.boot.web.embedded.tomcat.GracefulShutdown(doShutdown:78) - Graceful shutdown complete
2022-09-30 11:15:19,888 [restartedMain] INFO  org.springframework.boot.web.embedded.tomcat.TomcatWebServer(initialize:108) - Tomcat initialized with port(s): 8080 (http)
2022-09-30 11:15:19,903 [restartedMain] INFO  org.springframework.boot.web.servlet.context.ServletWebServerApplicationContext(prepareWebApplicationContext:292) - Root WebApplicationContext: initialization completed in 248 ms
2022-09-30 11:15:19,985 [restartedMain] INFO  org.springframework.boot.autoconfigure.web.servlet.WelcomePageHandlerMapping(<init>:57) - Adding welcome page template: index
2022-09-30 11:15:20,015 [restartedMain] INFO  org.springframework.boot.devtools.autoconfigure.OptionalLiveReloadServer(startServer:58) - LiveReload server is running on port 35729
2022-09-30 11:15:20,023 [restartedMain] INFO  org.springframework.boot.web.embedded.tomcat.TomcatWebServer(start:220) - Tomcat started on port(s): 8080 (http) with context path ''
2022-09-30 11:15:20,028 [restartedMain] INFO  org.springframework.boot.devtools.autoconfigure.ConditionEvaluationDeltaLoggingListener(onApplicationEvent:63) - Condition evaluation unchanged
2022-09-30 11:15:34,964 [http-nio-8080-exec-1] INFO  org.springframework.web.servlet.DispatcherServlet(initServletBean:525) - Initializing Servlet 'dispatcherServlet'
2022-09-30 11:15:34,966 [http-nio-8080-exec-1] INFO  org.springframework.web.servlet.DispatcherServlet(initServletBean:547) - Completed initialization in 2 ms
2022-09-30 11:15:37,303 [Thread-110] INFO  org.springframework.boot.web.embedded.tomcat.GracefulShutdown(shutDownGracefully:53) - Commencing graceful shutdown. Waiting for active requests to complete
2022-09-30 11:15:38,422 [tomcat-shutdown] INFO  org.springframework.boot.web.embedded.tomcat.GracefulShutdown(doShutdown:78) - Graceful shutdown complete
2022-09-30 11:15:38,711 [restartedMain] INFO  org.springframework.boot.web.embedded.tomcat.TomcatWebServer(initialize:108) - Tomcat initialized with port(s): 8080 (http)
2022-09-30 11:15:38,727 [restartedMain] INFO  org.springframework.boot.web.servlet.context.ServletWebServerApplicationContext(prepareWebApplicationContext:292) - Root WebApplicationContext: initialization completed in 197 ms
2022-09-30 11:15:38,807 [restartedMain] INFO  org.springframework.boot.autoconfigure.web.servlet.WelcomePageHandlerMapping(<init>:57) - Adding welcome page template: index
2022-09-30 11:15:38,836 [restartedMain] INFO  org.springframework.boot.devtools.autoconfigure.OptionalLiveReloadServer(startServer:58) - LiveReload server is running on port 35729
2022-09-30 11:15:38,843 [restartedMain] INFO  org.springframework.boot.web.embedded.tomcat.TomcatWebServer(start:220) - Tomcat started on port(s): 8080 (http) with context path ''
2022-09-30 11:15:38,847 [restartedMain] INFO  org.springframework.boot.devtools.autoconfigure.ConditionEvaluationDeltaLoggingListener(onApplicationEvent:63) - Condition evaluation unchanged
2022-09-30 11:16:45,439 [http-nio-8080-exec-1] INFO  org.springframework.web.servlet.DispatcherServlet(initServletBean:525) - Initializing Servlet 'dispatcherServlet'
2022-09-30 11:16:45,441 [http-nio-8080-exec-1] INFO  org.springframework.web.servlet.DispatcherServlet(initServletBean:547) - Completed initialization in 1 ms
2022-09-30 11:16:47,869 [Thread-114] INFO  org.springframework.boot.web.embedded.tomcat.GracefulShutdown(shutDownGracefully:53) - Commencing graceful shutdown. Waiting for active requests to complete
2022-09-30 11:16:49,031 [tomcat-shutdown] INFO  org.springframework.boot.web.embedded.tomcat.GracefulShutdown(doShutdown:78) - Graceful shutdown complete
2022-09-30 11:16:49,313 [restartedMain] INFO  org.springframework.boot.web.embedded.tomcat.TomcatWebServer(initialize:108) - Tomcat initialized with port(s): 8080 (http)
2022-09-30 11:16:49,331 [restartedMain] INFO  org.springframework.boot.web.servlet.context.ServletWebServerApplicationContext(prepareWebApplicationContext:292) - Root WebApplicationContext: initialization completed in 216 ms
2022-09-30 11:16:49,411 [restartedMain] INFO  org.springframework.boot.autoconfigure.web.servlet.WelcomePageHandlerMapping(<init>:57) - Adding welcome page template: index
2022-09-30 11:16:49,440 [restartedMain] INFO  org.springframework.boot.devtools.autoconfigure.OptionalLiveReloadServer(startServer:58) - LiveReload server is running on port 35729
2022-09-30 11:16:49,447 [restartedMain] INFO  org.springframework.boot.web.embedded.tomcat.TomcatWebServer(start:220) - Tomcat started on port(s): 8080 (http) with context path ''
2022-09-30 11:16:49,451 [restartedMain] INFO  org.springframework.boot.devtools.autoconfigure.ConditionEvaluationDeltaLoggingListener(onApplicationEvent:63) - Condition evaluation unchanged
2022-09-30 11:16:49,545 [http-nio-8080-exec-1] INFO  org.springframework.web.servlet.DispatcherServlet(initServletBean:525) - Initializing Servlet 'dispatcherServlet'
2022-09-30 11:16:49,546 [http-nio-8080-exec-1] INFO  org.springframework.web.servlet.DispatcherServlet(initServletBean:547) - Completed initialization in 1 ms
2022-09-30 11:17:00,346 [Thread-118] INFO  org.springframework.boot.web.embedded.tomcat.GracefulShutdown(shutDownGracefully:53) - Commencing graceful shutdown. Waiting for active requests to complete
2022-09-30 11:17:01,489 [tomcat-shutdown] INFO  org.springframework.boot.web.embedded.tomcat.GracefulShutdown(doShutdown:78) - Graceful shutdown complete
2022-09-30 11:17:01,908 [restartedMain] INFO  org.springframework.boot.web.embedded.tomcat.TomcatWebServer(initialize:108) - Tomcat initialized with port(s): 8080 (http)
2022-09-30 11:17:01,930 [restartedMain] INFO  org.springframework.boot.web.servlet.context.ServletWebServerApplicationContext(prepareWebApplicationContext:292) - Root WebApplicationContext: initialization completed in 296 ms
2022-09-30 11:17:02,026 [restartedMain] INFO  org.springframework.boot.autoconfigure.web.servlet.WelcomePageHandlerMapping(<init>:57) - Adding welcome page template: index
2022-09-30 11:17:02,059 [restartedMain] INFO  org.springframework.boot.devtools.autoconfigure.OptionalLiveReloadServer(startServer:58) - LiveReload server is running on port 35729
2022-09-30 11:17:02,066 [restartedMain] INFO  org.springframework.boot.web.embedded.tomcat.TomcatWebServer(start:220) - Tomcat started on port(s): 8080 (http) with context path ''
2022-09-30 11:17:02,070 [restartedMain] INFO  org.springframework.boot.devtools.autoconfigure.ConditionEvaluationDeltaLoggingListener(onApplicationEvent:63) - Condition evaluation unchanged
2022-09-30 11:17:29,507 [Thread-122] INFO  org.springframework.boot.web.embedded.tomcat.GracefulShutdown(shutDownGracefully:53) - Commencing graceful shutdown. Waiting for active requests to complete
2022-09-30 11:17:30,724 [tomcat-shutdown] INFO  org.springframework.boot.web.embedded.tomcat.GracefulShutdown(doShutdown:78) - Graceful shutdown complete
2022-09-30 11:17:31,015 [restartedMain] INFO  org.springframework.boot.web.embedded.tomcat.TomcatWebServer(initialize:108) - Tomcat initialized with port(s): 8080 (http)
2022-09-30 11:17:31,032 [restartedMain] INFO  org.springframework.boot.web.servlet.context.ServletWebServerApplicationContext(prepareWebApplicationContext:292) - Root WebApplicationContext: initialization completed in 217 ms
2022-09-30 11:17:31,106 [restartedMain] INFO  org.springframework.boot.autoconfigure.web.servlet.WelcomePageHandlerMapping(<init>:57) - Adding welcome page template: index
2022-09-30 11:17:31,133 [restartedMain] INFO  org.springframework.boot.devtools.autoconfigure.OptionalLiveReloadServer(startServer:58) - LiveReload server is running on port 35729
2022-09-30 11:17:31,140 [restartedMain] INFO  org.springframework.boot.web.embedded.tomcat.TomcatWebServer(start:220) - Tomcat started on port(s): 8080 (http) with context path ''
2022-09-30 11:17:31,143 [restartedMain] INFO  org.springframework.boot.devtools.autoconfigure.ConditionEvaluationDeltaLoggingListener(onApplicationEvent:63) - Condition evaluation unchanged
2022-09-30 11:17:31,228 [http-nio-8080-exec-1] INFO  org.springframework.web.servlet.DispatcherServlet(initServletBean:525) - Initializing Servlet 'dispatcherServlet'
2022-09-30 11:17:31,229 [http-nio-8080-exec-1] INFO  org.springframework.web.servlet.DispatcherServlet(initServletBean:547) - Completed initialization in 1 ms
2022-09-30 11:17:49,010 [Thread-126] INFO  org.springframework.boot.web.embedded.tomcat.GracefulShutdown(shutDownGracefully:53) - Commencing graceful shutdown. Waiting for active requests to complete
2022-09-30 11:17:50,162 [tomcat-shutdown] INFO  org.springframework.boot.web.embedded.tomcat.GracefulShutdown(doShutdown:78) - Graceful shutdown complete
2022-09-30 11:17:50,454 [restartedMain] INFO  org.springframework.boot.web.embedded.tomcat.TomcatWebServer(initialize:108) - Tomcat initialized with port(s): 8080 (http)
2022-09-30 11:17:50,470 [restartedMain] INFO  org.springframework.boot.web.servlet.context.ServletWebServerApplicationContext(prepareWebApplicationContext:292) - Root WebApplicationContext: initialization completed in 196 ms
2022-09-30 11:17:50,549 [restartedMain] INFO  org.springframework.boot.autoconfigure.web.servlet.WelcomePageHandlerMapping(<init>:57) - Adding welcome page template: index
2022-09-30 11:17:50,577 [restartedMain] INFO  org.springframework.boot.devtools.autoconfigure.OptionalLiveReloadServer(startServer:58) - LiveReload server is running on port 35729
2022-09-30 11:17:50,584 [restartedMain] INFO  org.springframework.boot.web.embedded.tomcat.TomcatWebServer(start:220) - Tomcat started on port(s): 8080 (http) with context path ''
2022-09-30 11:17:50,587 [restartedMain] INFO  org.springframework.boot.devtools.autoconfigure.ConditionEvaluationDeltaLoggingListener(onApplicationEvent:63) - Condition evaluation unchanged
2022-09-30 11:17:50,671 [http-nio-8080-exec-1] INFO  org.springframework.web.servlet.DispatcherServlet(initServletBean:525) - Initializing Servlet 'dispatcherServlet'
2022-09-30 11:17:50,672 [http-nio-8080-exec-1] INFO  org.springframework.web.servlet.DispatcherServlet(initServletBean:547) - Completed initialization in 1 ms
2022-09-30 11:18:21,704 [Thread-130] INFO  org.springframework.boot.web.embedded.tomcat.GracefulShutdown(shutDownGracefully:53) - Commencing graceful shutdown. Waiting for active requests to complete
2022-09-30 11:18:23,000 [tomcat-shutdown] INFO  org.springframework.boot.web.embedded.tomcat.GracefulShutdown(doShutdown:78) - Graceful shutdown complete
2022-09-30 11:18:23,301 [restartedMain] INFO  org.springframework.boot.web.embedded.tomcat.TomcatWebServer(initialize:108) - Tomcat initialized with port(s): 8080 (http)
2022-09-30 11:18:23,319 [restartedMain] INFO  org.springframework.boot.web.servlet.context.ServletWebServerApplicationContext(prepareWebApplicationContext:292) - Root WebApplicationContext: initialization completed in 219 ms
2022-09-30 11:18:23,401 [restartedMain] INFO  org.springframework.boot.autoconfigure.web.servlet.WelcomePageHandlerMapping(<init>:57) - Adding welcome page template: index
2022-09-30 11:18:23,433 [restartedMain] INFO  org.springframework.boot.devtools.autoconfigure.OptionalLiveReloadServer(startServer:58) - LiveReload server is running on port 35729
2022-09-30 11:18:23,440 [restartedMain] INFO  org.springframework.boot.web.embedded.tomcat.TomcatWebServer(start:220) - Tomcat started on port(s): 8080 (http) with context path ''
2022-09-30 11:18:23,444 [restartedMain] INFO  org.springframework.boot.devtools.autoconfigure.ConditionEvaluationDeltaLoggingListener(onApplicationEvent:63) - Condition evaluation unchanged
2022-09-30 11:18:23,513 [http-nio-8080-exec-1] INFO  org.springframework.web.servlet.DispatcherServlet(initServletBean:525) - Initializing Servlet 'dispatcherServlet'
2022-09-30 11:18:23,514 [http-nio-8080-exec-1] INFO  org.springframework.web.servlet.DispatcherServlet(initServletBean:547) - Completed initialization in 1 ms
2022-09-30 11:18:52,365 [Thread-134] INFO  org.springframework.boot.web.embedded.tomcat.GracefulShutdown(shutDownGracefully:53) - Commencing graceful shutdown. Waiting for active requests to complete
2022-09-30 11:18:53,443 [tomcat-shutdown] INFO  org.springframework.boot.web.embedded.tomcat.GracefulShutdown(doShutdown:78) - Graceful shutdown complete
2022-09-30 11:18:53,747 [restartedMain] INFO  org.springframework.boot.web.embedded.tomcat.TomcatWebServer(initialize:108) - Tomcat initialized with port(s): 8080 (http)
2022-09-30 11:18:53,762 [restartedMain] INFO  org.springframework.boot.web.servlet.context.ServletWebServerApplicationContext(prepareWebApplicationContext:292) - Root WebApplicationContext: initialization completed in 227 ms
2022-09-30 11:18:53,839 [restartedMain] INFO  org.springframework.boot.autoconfigure.web.servlet.WelcomePageHandlerMapping(<init>:57) - Adding welcome page template: index
2022-09-30 11:18:53,873 [restartedMain] INFO  org.springframework.boot.devtools.autoconfigure.OptionalLiveReloadServer(startServer:58) - LiveReload server is running on port 35729
2022-09-30 11:18:53,880 [restartedMain] INFO  org.springframework.boot.web.embedded.tomcat.TomcatWebServer(start:220) - Tomcat started on port(s): 8080 (http) with context path ''
2022-09-30 11:18:53,884 [restartedMain] INFO  org.springframework.boot.devtools.autoconfigure.ConditionEvaluationDeltaLoggingListener(onApplicationEvent:63) - Condition evaluation unchanged
2022-09-30 11:19:06,913 [http-nio-8080-exec-1] INFO  org.springframework.web.servlet.DispatcherServlet(initServletBean:525) - Initializing Servlet 'dispatcherServlet'
2022-09-30 11:19:06,914 [http-nio-8080-exec-1] INFO  org.springframework.web.servlet.DispatcherServlet(initServletBean:547) - Completed initialization in 1 ms
2022-09-30 11:19:09,160 [Thread-138] INFO  org.springframework.boot.web.embedded.tomcat.GracefulShutdown(shutDownGracefully:53) - Commencing graceful shutdown. Waiting for active requests to complete
2022-09-30 11:19:10,300 [tomcat-shutdown] INFO  org.springframework.boot.web.embedded.tomcat.GracefulShutdown(doShutdown:78) - Graceful shutdown complete
2022-09-30 11:19:10,582 [restartedMain] INFO  org.springframework.boot.web.embedded.tomcat.TomcatWebServer(initialize:108) - Tomcat initialized with port(s): 8080 (http)
2022-09-30 11:19:10,597 [restartedMain] INFO  org.springframework.boot.web.servlet.context.ServletWebServerApplicationContext(prepareWebApplicationContext:292) - Root WebApplicationContext: initialization completed in 174 ms
2022-09-30 11:19:10,673 [restartedMain] INFO  org.springframework.boot.autoconfigure.web.servlet.WelcomePageHandlerMapping(<init>:57) - Adding welcome page template: index
2022-09-30 11:19:10,709 [restartedMain] INFO  org.springframework.boot.devtools.autoconfigure.OptionalLiveReloadServer(startServer:58) - LiveReload server is running on port 35729
2022-09-30 11:19:10,717 [restartedMain] INFO  org.springframework.boot.web.embedded.tomcat.TomcatWebServer(start:220) - Tomcat started on port(s): 8080 (http) with context path ''
2022-09-30 11:19:10,722 [restartedMain] INFO  org.springframework.boot.devtools.autoconfigure.ConditionEvaluationDeltaLoggingListener(onApplicationEvent:63) - Condition evaluation unchanged
2022-09-30 11:19:55,863 [http-nio-8080-exec-1] INFO  org.springframework.web.servlet.DispatcherServlet(initServletBean:525) - Initializing Servlet 'dispatcherServlet'
2022-09-30 11:19:55,863 [http-nio-8080-exec-1] INFO  org.springframework.web.servlet.DispatcherServlet(initServletBean:547) - Completed initialization in 0 ms
2022-09-30 11:19:56,891 [Thread-142] INFO  org.springframework.boot.web.embedded.tomcat.GracefulShutdown(shutDownGracefully:53) - Commencing graceful shutdown. Waiting for active requests to complete
2022-09-30 11:19:58,047 [tomcat-shutdown] INFO  org.springframework.boot.web.embedded.tomcat.GracefulShutdown(doShutdown:78) - Graceful shutdown complete
2022-09-30 11:19:58,456 [restartedMain] INFO  org.springframework.boot.web.embedded.tomcat.TomcatWebServer(initialize:108) - Tomcat initialized with port(s): 8080 (http)
2022-09-30 11:19:58,477 [restartedMain] INFO  org.springframework.boot.web.servlet.context.ServletWebServerApplicationContext(prepareWebApplicationContext:292) - Root WebApplicationContext: initialization completed in 284 ms
2022-09-30 11:19:58,568 [restartedMain] INFO  org.springframework.boot.autoconfigure.web.servlet.WelcomePageHandlerMapping(<init>:57) - Adding welcome page template: index
2022-09-30 11:19:58,602 [restartedMain] INFO  org.springframework.boot.devtools.autoconfigure.OptionalLiveReloadServer(startServer:58) - LiveReload server is running on port 35729
2022-09-30 11:19:58,610 [restartedMain] INFO  org.springframework.boot.web.embedded.tomcat.TomcatWebServer(start:220) - Tomcat started on port(s): 8080 (http) with context path ''
2022-09-30 11:19:58,614 [restartedMain] INFO  org.springframework.boot.devtools.autoconfigure.ConditionEvaluationDeltaLoggingListener(onApplicationEvent:63) - Condition evaluation unchanged
2022-09-30 11:20:48,354 [http-nio-8080-exec-1] INFO  org.springframework.web.servlet.DispatcherServlet(initServletBean:525) - Initializing Servlet 'dispatcherServlet'
2022-09-30 11:20:48,355 [http-nio-8080-exec-1] INFO  org.springframework.web.servlet.DispatcherServlet(initServletBean:547) - Completed initialization in 1 ms
2022-09-30 11:20:48,409 [Thread-146] INFO  org.springframework.boot.web.embedded.tomcat.GracefulShutdown(shutDownGracefully:53) - Commencing graceful shutdown. Waiting for active requests to complete
2022-09-30 11:20:49,597 [tomcat-shutdown] INFO  org.springframework.boot.web.embedded.tomcat.GracefulShutdown(doShutdown:78) - Graceful shutdown complete
2022-09-30 11:20:49,935 [restartedMain] INFO  org.springframework.boot.web.embedded.tomcat.TomcatWebServer(initialize:108) - Tomcat initialized with port(s): 8080 (http)
2022-09-30 11:20:49,950 [restartedMain] INFO  org.springframework.boot.web.servlet.context.ServletWebServerApplicationContext(prepareWebApplicationContext:292) - Root WebApplicationContext: initialization completed in 234 ms
2022-09-30 11:20:50,022 [restartedMain] INFO  org.springframework.boot.autoconfigure.web.servlet.WelcomePageHandlerMapping(<init>:57) - Adding welcome page template: index
2022-09-30 11:20:50,052 [restartedMain] INFO  org.springframework.boot.devtools.autoconfigure.OptionalLiveReloadServer(startServer:58) - LiveReload server is running on port 35729
2022-09-30 11:20:50,060 [restartedMain] INFO  org.springframework.boot.web.embedded.tomcat.TomcatWebServer(start:220) - Tomcat started on port(s): 8080 (http) with context path ''
2022-09-30 11:20:50,064 [restartedMain] INFO  org.springframework.boot.devtools.autoconfigure.ConditionEvaluationDeltaLoggingListener(onApplicationEvent:63) - Condition evaluation unchanged
2022-09-30 11:20:50,113 [http-nio-8080-exec-1] INFO  org.springframework.web.servlet.DispatcherServlet(initServletBean:525) - Initializing Servlet 'dispatcherServlet'
2022-09-30 11:20:50,114 [http-nio-8080-exec-1] INFO  org.springframework.web.servlet.DispatcherServlet(initServletBean:547) - Completed initialization in 1 ms
2022-09-30 11:21:02,612 [Thread-150] INFO  org.springframework.boot.web.embedded.tomcat.GracefulShutdown(shutDownGracefully:53) - Commencing graceful shutdown. Waiting for active requests to complete
2022-09-30 11:21:03,736 [tomcat-shutdown] INFO  org.springframework.boot.web.embedded.tomcat.GracefulShutdown(doShutdown:78) - Graceful shutdown complete
2022-09-30 11:21:04,000 [restartedMain] INFO  org.springframework.boot.web.embedded.tomcat.TomcatWebServer(initialize:108) - Tomcat initialized with port(s): 8080 (http)
2022-09-30 11:21:04,021 [restartedMain] INFO  org.springframework.boot.web.servlet.context.ServletWebServerApplicationContext(prepareWebApplicationContext:292) - Root WebApplicationContext: initialization completed in 181 ms
2022-09-30 11:21:04,101 [restartedMain] INFO  org.springframework.boot.autoconfigure.web.servlet.WelcomePageHandlerMapping(<init>:57) - Adding welcome page template: index
2022-09-30 11:21:04,131 [restartedMain] INFO  org.springframework.boot.devtools.autoconfigure.OptionalLiveReloadServer(startServer:58) - LiveReload server is running on port 35729
2022-09-30 11:21:04,138 [restartedMain] INFO  org.springframework.boot.web.embedded.tomcat.TomcatWebServer(start:220) - Tomcat started on port(s): 8080 (http) with context path ''
2022-09-30 11:21:04,142 [restartedMain] INFO  org.springframework.boot.devtools.autoconfigure.ConditionEvaluationDeltaLoggingListener(onApplicationEvent:63) - Condition evaluation unchanged
2022-09-30 11:21:22,596 [http-nio-8080-exec-1] INFO  org.springframework.web.servlet.DispatcherServlet(initServletBean:525) - Initializing Servlet 'dispatcherServlet'
2022-09-30 11:21:22,597 [http-nio-8080-exec-1] INFO  org.springframework.web.servlet.DispatcherServlet(initServletBean:547) - Completed initialization in 1 ms
2022-09-30 11:21:23,697 [Thread-154] INFO  org.springframework.boot.web.embedded.tomcat.GracefulShutdown(shutDownGracefully:53) - Commencing graceful shutdown. Waiting for active requests to complete
2022-09-30 11:21:24,860 [tomcat-shutdown] INFO  org.springframework.boot.web.embedded.tomcat.GracefulShutdown(doShutdown:78) - Graceful shutdown complete
2022-09-30 11:21:25,158 [restartedMain] INFO  org.springframework.boot.web.embedded.tomcat.TomcatWebServer(initialize:108) - Tomcat initialized with port(s): 8080 (http)
2022-09-30 11:21:25,173 [restartedMain] INFO  org.springframework.boot.web.servlet.context.ServletWebServerApplicationContext(prepareWebApplicationContext:292) - Root WebApplicationContext: initialization completed in 213 ms
2022-09-30 11:21:25,254 [restartedMain] INFO  org.springframework.boot.autoconfigure.web.servlet.WelcomePageHandlerMapping(<init>:57) - Adding welcome page template: index
2022-09-30 11:21:25,285 [restartedMain] INFO  org.springframework.boot.devtools.autoconfigure.OptionalLiveReloadServer(startServer:58) - LiveReload server is running on port 35729
2022-09-30 11:21:25,292 [restartedMain] INFO  org.springframework.boot.web.embedded.tomcat.TomcatWebServer(start:220) - Tomcat started on port(s): 8080 (http) with context path ''
2022-09-30 11:21:25,295 [restartedMain] INFO  org.springframework.boot.devtools.autoconfigure.ConditionEvaluationDeltaLoggingListener(onApplicationEvent:63) - Condition evaluation unchanged
2022-09-30 11:21:53,585 [http-nio-8080-exec-1] INFO  org.springframework.web.servlet.DispatcherServlet(initServletBean:525) - Initializing Servlet 'dispatcherServlet'
2022-09-30 11:21:53,586 [http-nio-8080-exec-1] INFO  org.springframework.web.servlet.DispatcherServlet(initServletBean:547) - Completed initialization in 1 ms
2022-09-30 11:21:55,525 [Thread-158] INFO  org.springframework.boot.web.embedded.tomcat.GracefulShutdown(shutDownGracefully:53) - Commencing graceful shutdown. Waiting for active requests to complete
2022-09-30 11:21:56,693 [tomcat-shutdown] INFO  org.springframework.boot.web.embedded.tomcat.GracefulShutdown(doShutdown:78) - Graceful shutdown complete
2022-09-30 11:21:57,010 [restartedMain] INFO  org.springframework.boot.web.embedded.tomcat.TomcatWebServer(initialize:108) - Tomcat initialized with port(s): 8080 (http)
2022-09-30 11:21:57,026 [restartedMain] INFO  org.springframework.boot.web.servlet.context.ServletWebServerApplicationContext(prepareWebApplicationContext:292) - Root WebApplicationContext: initialization completed in 237 ms
2022-09-30 11:21:57,107 [restartedMain] INFO  org.springframework.boot.autoconfigure.web.servlet.WelcomePageHandlerMapping(<init>:57) - Adding welcome page template: index
2022-09-30 11:21:57,137 [restartedMain] INFO  org.springframework.boot.devtools.autoconfigure.OptionalLiveReloadServer(startServer:58) - LiveReload server is running on port 35729
2022-09-30 11:21:57,144 [restartedMain] INFO  org.springframework.boot.web.embedded.tomcat.TomcatWebServer(start:220) - Tomcat started on port(s): 8080 (http) with context path ''
2022-09-30 11:21:57,149 [restartedMain] INFO  org.springframework.boot.devtools.autoconfigure.ConditionEvaluationDeltaLoggingListener(onApplicationEvent:63) - Condition evaluation unchanged
2022-09-30 11:22:15,315 [http-nio-8080-exec-1] INFO  org.springframework.web.servlet.DispatcherServlet(initServletBean:525) - Initializing Servlet 'dispatcherServlet'
2022-09-30 11:22:15,317 [http-nio-8080-exec-1] INFO  org.springframework.web.servlet.DispatcherServlet(initServletBean:547) - Completed initialization in 1 ms
2022-09-30 11:22:17,678 [Thread-162] INFO  org.springframework.boot.web.embedded.tomcat.GracefulShutdown(shutDownGracefully:53) - Commencing graceful shutdown. Waiting for active requests to complete
2022-09-30 11:22:18,900 [tomcat-shutdown] INFO  org.springframework.boot.web.embedded.tomcat.GracefulShutdown(doShutdown:78) - Graceful shutdown complete
2022-09-30 11:22:19,155 [restartedMain] INFO  org.springframework.boot.web.embedded.tomcat.TomcatWebServer(initialize:108) - Tomcat initialized with port(s): 8080 (http)
2022-09-30 11:22:19,171 [restartedMain] INFO  org.springframework.boot.web.servlet.context.ServletWebServerApplicationContext(prepareWebApplicationContext:292) - Root WebApplicationContext: initialization completed in 174 ms
2022-09-30 11:22:19,249 [restartedMain] INFO  org.springframework.boot.autoconfigure.web.servlet.WelcomePageHandlerMapping(<init>:57) - Adding welcome page template: index
2022-09-30 11:22:19,278 [restartedMain] INFO  org.springframework.boot.devtools.autoconfigure.OptionalLiveReloadServer(startServer:58) - LiveReload server is running on port 35729
2022-09-30 11:22:19,285 [restartedMain] INFO  org.springframework.boot.web.embedded.tomcat.TomcatWebServer(start:220) - Tomcat started on port(s): 8080 (http) with context path ''
2022-09-30 11:22:19,289 [restartedMain] INFO  org.springframework.boot.devtools.autoconfigure.ConditionEvaluationDeltaLoggingListener(onApplicationEvent:63) - Condition evaluation unchanged
2022-09-30 11:25:00,153 [Thread-166] INFO  org.springframework.boot.web.embedded.tomcat.GracefulShutdown(shutDownGracefully:53) - Commencing graceful shutdown. Waiting for active requests to complete
2022-09-30 11:25:01,319 [tomcat-shutdown] INFO  org.springframework.boot.web.embedded.tomcat.GracefulShutdown(doShutdown:78) - Graceful shutdown complete
2022-09-30 11:25:01,660 [restartedMain] INFO  org.springframework.boot.web.embedded.tomcat.TomcatWebServer(initialize:108) - Tomcat initialized with port(s): 8080 (http)
2022-09-30 11:25:01,675 [restartedMain] INFO  org.springframework.boot.web.servlet.context.ServletWebServerApplicationContext(prepareWebApplicationContext:292) - Root WebApplicationContext: initialization completed in 234 ms
2022-09-30 11:25:01,752 [restartedMain] INFO  org.springframework.boot.autoconfigure.web.servlet.WelcomePageHandlerMapping(<init>:57) - Adding welcome page template: index
2022-09-30 11:25:01,784 [restartedMain] INFO  org.springframework.boot.devtools.autoconfigure.OptionalLiveReloadServer(startServer:58) - LiveReload server is running on port 35729
2022-09-30 11:25:01,792 [restartedMain] INFO  org.springframework.boot.web.embedded.tomcat.TomcatWebServer(start:220) - Tomcat started on port(s): 8080 (http) with context path ''
2022-09-30 11:25:01,796 [restartedMain] INFO  org.springframework.boot.devtools.autoconfigure.ConditionEvaluationDeltaLoggingListener(onApplicationEvent:63) - Condition evaluation unchanged
2022-09-30 11:27:48,320 [Thread-170] INFO  org.springframework.boot.web.embedded.tomcat.GracefulShutdown(shutDownGracefully:53) - Commencing graceful shutdown. Waiting for active requests to complete
2022-09-30 11:27:49,446 [tomcat-shutdown] INFO  org.springframework.boot.web.embedded.tomcat.GracefulShutdown(doShutdown:78) - Graceful shutdown complete
2022-09-30 11:27:49,740 [restartedMain] INFO  org.springframework.boot.web.embedded.tomcat.TomcatWebServer(initialize:108) - Tomcat initialized with port(s): 8080 (http)
2022-09-30 11:27:49,762 [restartedMain] INFO  org.springframework.boot.web.servlet.context.ServletWebServerApplicationContext(prepareWebApplicationContext:292) - Root WebApplicationContext: initialization completed in 226 ms
2022-09-30 11:27:49,849 [restartedMain] INFO  org.springframework.boot.autoconfigure.web.servlet.WelcomePageHandlerMapping(<init>:57) - Adding welcome page template: index
2022-09-30 11:27:49,880 [restartedMain] INFO  org.springframework.boot.devtools.autoconfigure.OptionalLiveReloadServer(startServer:58) - LiveReload server is running on port 35729
2022-09-30 11:27:49,888 [restartedMain] INFO  org.springframework.boot.web.embedded.tomcat.TomcatWebServer(start:220) - Tomcat started on port(s): 8080 (http) with context path ''
2022-09-30 11:27:49,892 [restartedMain] INFO  org.springframework.boot.devtools.autoconfigure.ConditionEvaluationDeltaLoggingListener(onApplicationEvent:63) - Condition evaluation unchanged
2022-09-30 11:28:13,570 [Thread-174] INFO  org.springframework.boot.web.embedded.tomcat.GracefulShutdown(shutDownGracefully:53) - Commencing graceful shutdown. Waiting for active requests to complete
2022-09-30 11:28:14,778 [tomcat-shutdown] INFO  org.springframework.boot.web.embedded.tomcat.GracefulShutdown(doShutdown:78) - Graceful shutdown complete
2022-09-30 11:28:15,054 [restartedMain] INFO  org.springframework.boot.web.embedded.tomcat.TomcatWebServer(initialize:108) - Tomcat initialized with port(s): 8080 (http)
2022-09-30 11:28:15,076 [restartedMain] INFO  org.springframework.boot.web.servlet.context.ServletWebServerApplicationContext(prepareWebApplicationContext:292) - Root WebApplicationContext: initialization completed in 188 ms
2022-09-30 11:28:15,182 [restartedMain] INFO  org.springframework.boot.autoconfigure.web.servlet.WelcomePageHandlerMapping(<init>:57) - Adding welcome page template: index
2022-09-30 11:28:15,225 [restartedMain] INFO  org.springframework.boot.devtools.autoconfigure.OptionalLiveReloadServer(startServer:58) - LiveReload server is running on port 35729
2022-09-30 11:28:15,236 [restartedMain] INFO  org.springframework.boot.web.embedded.tomcat.TomcatWebServer(start:220) - Tomcat started on port(s): 8080 (http) with context path ''
2022-09-30 11:28:15,240 [restartedMain] INFO  org.springframework.boot.devtools.autoconfigure.ConditionEvaluationDeltaLoggingListener(onApplicationEvent:63) - Condition evaluation unchanged
2022-09-30 11:28:44,383 [Thread-178] INFO  org.springframework.boot.web.embedded.tomcat.GracefulShutdown(shutDownGracefully:53) - Commencing graceful shutdown. Waiting for active requests to complete
2022-09-30 11:28:45,468 [tomcat-shutdown] INFO  org.springframework.boot.web.embedded.tomcat.GracefulShutdown(doShutdown:78) - Graceful shutdown complete
2022-09-30 11:28:45,773 [restartedMain] INFO  org.springframework.boot.web.embedded.tomcat.TomcatWebServer(initialize:108) - Tomcat initialized with port(s): 8080 (http)
2022-09-30 11:28:45,789 [restartedMain] INFO  org.springframework.boot.web.servlet.context.ServletWebServerApplicationContext(prepareWebApplicationContext:292) - Root WebApplicationContext: initialization completed in 218 ms
2022-09-30 11:28:45,862 [restartedMain] INFO  org.springframework.boot.autoconfigure.web.servlet.WelcomePageHandlerMapping(<init>:57) - Adding welcome page template: index
2022-09-30 11:28:45,889 [restartedMain] INFO  org.springframework.boot.devtools.autoconfigure.OptionalLiveReloadServer(startServer:58) - LiveReload server is running on port 35729
2022-09-30 11:28:45,897 [restartedMain] INFO  org.springframework.boot.web.embedded.tomcat.TomcatWebServer(start:220) - Tomcat started on port(s): 8080 (http) with context path ''
2022-09-30 11:28:45,901 [restartedMain] INFO  org.springframework.boot.devtools.autoconfigure.ConditionEvaluationDeltaLoggingListener(onApplicationEvent:63) - Condition evaluation unchanged
2022-09-30 11:30:16,406 [SpringApplicationShutdownHook] INFO  org.springframework.boot.web.embedded.tomcat.GracefulShutdown(shutDownGracefully:53) - Commencing graceful shutdown. Waiting for active requests to complete
2022-09-30 11:30:17,362 [tomcat-shutdown] INFO  org.springframework.boot.web.embedded.tomcat.GracefulShutdown(doShutdown:78) - Graceful shutdown complete
2022-09-30 11:35:07,813 [restartedMain] INFO  org.springframework.boot.devtools.restart.ChangeableUrls(logTo:255) - The Class-Path manifest attribute in C:\Users\LAB_01\.gradle\caches\modules-2\files-2.1\com.oracle.database.nls\orai18n\21.5.0.0\a073ce669c94e444c45036c0e528eb03fb30a46e\orai18n-21.5.0.0.jar referenced one or more files that do not exist: file:/C:/Users/LAB_01/.gradle/caches/modules-2/files-2.1/com.oracle.database.nls/orai18n/21.5.0.0/a073ce669c94e444c45036c0e528eb03fb30a46e/orai18n-mapping.jar,file:/C:/Users/LAB_01/.gradle/caches/modules-2/files-2.1/com.oracle.database.nls/orai18n/21.5.0.0/a073ce669c94e444c45036c0e528eb03fb30a46e/orai18n-utility.jar,file:/C:/Users/LAB_01/.gradle/caches/modules-2/files-2.1/com.oracle.database.nls/orai18n/21.5.0.0/a073ce669c94e444c45036c0e528eb03fb30a46e/orai18n-collation.jar,file:/C:/Users/LAB_01/.gradle/caches/modules-2/files-2.1/com.oracle.database.nls/orai18n/21.5.0.0/a073ce669c94e444c45036c0e528eb03fb30a46e/orai18n-translation.jar,file:/C:/Users/LAB_01/.gradle/caches/modules-2/files-2.1/com.oracle.database.nls/orai18n/21.5.0.0/a073ce669c94e444c45036c0e528eb03fb30a46e/orai18n-net.jar,file:/C:/Users/LAB_01/.gradle/caches/modules-2/files-2.1/com.oracle.database.nls/orai18n/21.5.0.0/a073ce669c94e444c45036c0e528eb03fb30a46e/orai18n-servlet.jar,file:/C:/Users/LAB_01/.gradle/caches/modules-2/files-2.1/com.oracle.database.nls/orai18n/21.5.0.0/a073ce669c94e444c45036c0e528eb03fb30a46e/orai18n-lcsd.jar,file:/C:/Users/LAB_01/.gradle/caches/modules-2/files-2.1/com.oracle.database.nls/orai18n/21.5.0.0/a073ce669c94e444c45036c0e528eb03fb30a46e/orai18n-tools.jar,file:/C:/Users/LAB_01/.gradle/caches/modules-2/files-2.1/com.oracle.database.nls/orai18n/21.5.0.0/a073ce669c94e444c45036c0e528eb03fb30a46e/gdk_custom.jar
2022-09-30 11:35:07,814 [restartedMain] INFO  org.springframework.boot.devtools.restart.ChangeableUrls(logTo:255) - The Class-Path manifest attribute in C:\Users\LAB_01\.gradle\caches\modules-2\files-2.1\com.oracle.database.jdbc\ojdbc8\21.5.0.0\eb13f0948ca8675f71d59b5e8a1129d4c6189e7a\ojdbc8-21.5.0.0.jar referenced one or more files that do not exist: file:/C:/Users/LAB_01/.gradle/caches/modules-2/files-2.1/com.oracle.database.jdbc/ojdbc8/21.5.0.0/eb13f0948ca8675f71d59b5e8a1129d4c6189e7a/oraclepki.jar
2022-09-30 11:35:07,814 [restartedMain] INFO  org.springframework.boot.devtools.env.DevToolsPropertyDefaultsPostProcessor(logTo:255) - Devtools property defaults active! Set 'spring.devtools.add-properties' to 'false' to disable
2022-09-30 11:35:07,815 [restartedMain] INFO  org.springframework.boot.devtools.env.DevToolsPropertyDefaultsPostProcessor(logTo:255) - For additional web related logging consider setting the 'logging.level.web' property to 'DEBUG'
2022-09-30 11:35:08,664 [restartedMain] INFO  org.springframework.boot.web.embedded.tomcat.TomcatWebServer(initialize:108) - Tomcat initialized with port(s): 8080 (http)
2022-09-30 11:35:08,744 [restartedMain] INFO  org.springframework.boot.web.servlet.context.ServletWebServerApplicationContext(prepareWebApplicationContext:292) - Root WebApplicationContext: initialization completed in 929 ms
2022-09-30 11:35:09,212 [restartedMain] INFO  org.springframework.boot.autoconfigure.web.servlet.WelcomePageHandlerMapping(<init>:57) - Adding welcome page template: index
2022-09-30 11:35:09,414 [restartedMain] INFO  org.springframework.boot.devtools.autoconfigure.OptionalLiveReloadServer(startServer:58) - LiveReload server is running on port 35729
2022-09-30 11:35:09,438 [restartedMain] INFO  org.springframework.boot.web.embedded.tomcat.TomcatWebServer(start:220) - Tomcat started on port(s): 8080 (http) with context path ''
2022-09-30 11:35:22,612 [http-nio-8080-exec-1] INFO  org.springframework.web.servlet.DispatcherServlet(initServletBean:525) - Initializing Servlet 'dispatcherServlet'
2022-09-30 11:35:22,613 [http-nio-8080-exec-1] INFO  org.springframework.web.servlet.DispatcherServlet(initServletBean:547) - Completed initialization in 1 ms
2022-09-30 11:36:07,312 [Thread-8] INFO  org.springframework.boot.web.embedded.tomcat.GracefulShutdown(shutDownGracefully:53) - Commencing graceful shutdown. Waiting for active requests to complete
2022-09-30 11:36:08,390 [tomcat-shutdown] INFO  org.springframework.boot.web.embedded.tomcat.GracefulShutdown(doShutdown:78) - Graceful shutdown complete
2022-09-30 11:36:08,818 [restartedMain] INFO  org.springframework.boot.web.embedded.tomcat.TomcatWebServer(initialize:108) - Tomcat initialized with port(s): 8080 (http)
2022-09-30 11:36:08,835 [restartedMain] INFO  org.springframework.boot.web.servlet.context.ServletWebServerApplicationContext(prepareWebApplicationContext:292) - Root WebApplicationContext: initialization completed in 272 ms
2022-09-30 11:36:08,949 [restartedMain] INFO  org.springframework.boot.autoconfigure.web.servlet.WelcomePageHandlerMapping(<init>:57) - Adding welcome page template: index
2022-09-30 11:36:09,008 [restartedMain] INFO  org.springframework.boot.devtools.autoconfigure.OptionalLiveReloadServer(startServer:58) - LiveReload server is running on port 35729
2022-09-30 11:36:09,020 [restartedMain] INFO  org.springframework.boot.web.embedded.tomcat.TomcatWebServer(start:220) - Tomcat started on port(s): 8080 (http) with context path ''
2022-09-30 11:36:09,028 [restartedMain] INFO  org.springframework.boot.devtools.autoconfigure.ConditionEvaluationDeltaLoggingListener(onApplicationEvent:63) - Condition evaluation unchanged
2022-09-30 11:36:09,781 [http-nio-8080-exec-1] INFO  org.springframework.web.servlet.DispatcherServlet(initServletBean:525) - Initializing Servlet 'dispatcherServlet'
2022-09-30 11:36:09,782 [http-nio-8080-exec-1] INFO  org.springframework.web.servlet.DispatcherServlet(initServletBean:547) - Completed initialization in 1 ms
2022-09-30 11:37:30,161 [Thread-15] INFO  org.springframework.boot.web.embedded.tomcat.GracefulShutdown(shutDownGracefully:53) - Commencing graceful shutdown. Waiting for active requests to complete
2022-09-30 11:37:31,342 [tomcat-shutdown] INFO  org.springframework.boot.web.embedded.tomcat.GracefulShutdown(doShutdown:78) - Graceful shutdown complete
2022-09-30 11:37:31,815 [restartedMain] INFO  org.springframework.boot.web.embedded.tomcat.TomcatWebServer(initialize:108) - Tomcat initialized with port(s): 8080 (http)
2022-09-30 11:37:31,834 [restartedMain] INFO  org.springframework.boot.web.servlet.context.ServletWebServerApplicationContext(prepareWebApplicationContext:292) - Root WebApplicationContext: initialization completed in 269 ms
2022-09-30 11:37:31,941 [restartedMain] INFO  org.springframework.boot.autoconfigure.web.servlet.WelcomePageHandlerMapping(<init>:57) - Adding welcome page template: index
2022-09-30 11:37:31,981 [restartedMain] INFO  org.springframework.boot.devtools.autoconfigure.OptionalLiveReloadServer(startServer:58) - LiveReload server is running on port 35729
2022-09-30 11:37:31,989 [restartedMain] INFO  org.springframework.boot.web.embedded.tomcat.TomcatWebServer(start:220) - Tomcat started on port(s): 8080 (http) with context path ''
2022-09-30 11:37:31,993 [restartedMain] INFO  org.springframework.boot.devtools.autoconfigure.ConditionEvaluationDeltaLoggingListener(onApplicationEvent:63) - Condition evaluation unchanged
2022-09-30 11:37:32,027 [http-nio-8080-exec-1] INFO  org.springframework.web.servlet.DispatcherServlet(initServletBean:525) - Initializing Servlet 'dispatcherServlet'
2022-09-30 11:37:32,028 [http-nio-8080-exec-1] INFO  org.springframework.web.servlet.DispatcherServlet(initServletBean:547) - Completed initialization in 1 ms
2022-09-30 11:58:24,633 [Thread-19] INFO  org.springframework.boot.web.embedded.tomcat.GracefulShutdown(shutDownGracefully:53) - Commencing graceful shutdown. Waiting for active requests to complete
2022-09-30 11:58:25,709 [tomcat-shutdown] INFO  org.springframework.boot.web.embedded.tomcat.GracefulShutdown(doShutdown:78) - Graceful shutdown complete
2022-09-30 11:58:26,187 [restartedMain] INFO  org.springframework.boot.web.embedded.tomcat.TomcatWebServer(initialize:108) - Tomcat initialized with port(s): 8080 (http)
2022-09-30 11:58:26,204 [restartedMain] INFO  org.springframework.boot.web.servlet.context.ServletWebServerApplicationContext(prepareWebApplicationContext:292) - Root WebApplicationContext: initialization completed in 305 ms
2022-09-30 11:58:26,321 [restartedMain] INFO  org.springframework.boot.autoconfigure.web.servlet.WelcomePageHandlerMapping(<init>:57) - Adding welcome page template: index
2022-09-30 11:58:26,369 [restartedMain] INFO  org.springframework.boot.devtools.autoconfigure.OptionalLiveReloadServer(startServer:58) - LiveReload server is running on port 35729
2022-09-30 11:58:26,379 [restartedMain] INFO  org.springframework.boot.web.embedded.tomcat.TomcatWebServer(start:220) - Tomcat started on port(s): 8080 (http) with context path ''
2022-09-30 11:58:26,384 [restartedMain] INFO  org.springframework.boot.devtools.autoconfigure.ConditionEvaluationDeltaLoggingListener(onApplicationEvent:63) - Condition evaluation unchanged
2022-09-30 11:58:30,652 [http-nio-8080-exec-1] INFO  org.springframework.web.servlet.DispatcherServlet(initServletBean:525) - Initializing Servlet 'dispatcherServlet'
2022-09-30 11:58:30,653 [http-nio-8080-exec-1] INFO  org.springframework.web.servlet.DispatcherServlet(initServletBean:547) - Completed initialization in 1 ms
2022-09-30 11:58:57,556 [Thread-23] INFO  org.springframework.boot.web.embedded.tomcat.GracefulShutdown(shutDownGracefully:53) - Commencing graceful shutdown. Waiting for active requests to complete
2022-09-30 11:58:58,673 [tomcat-shutdown] INFO  org.springframework.boot.web.embedded.tomcat.GracefulShutdown(doShutdown:78) - Graceful shutdown complete
2022-09-30 11:58:59,047 [restartedMain] INFO  org.springframework.boot.web.embedded.tomcat.TomcatWebServer(initialize:108) - Tomcat initialized with port(s): 8080 (http)
2022-09-30 11:58:59,064 [restartedMain] INFO  org.springframework.boot.web.servlet.context.ServletWebServerApplicationContext(prepareWebApplicationContext:292) - Root WebApplicationContext: initialization completed in 247 ms
2022-09-30 11:58:59,146 [restartedMain] INFO  org.springframework.boot.autoconfigure.web.servlet.WelcomePageHandlerMapping(<init>:57) - Adding welcome page template: index
2022-09-30 11:58:59,179 [restartedMain] INFO  org.springframework.boot.devtools.autoconfigure.OptionalLiveReloadServer(startServer:58) - LiveReload server is running on port 35729
2022-09-30 11:58:59,186 [restartedMain] INFO  org.springframework.boot.web.embedded.tomcat.TomcatWebServer(start:220) - Tomcat started on port(s): 8080 (http) with context path ''
2022-09-30 11:58:59,190 [restartedMain] INFO  org.springframework.boot.devtools.autoconfigure.ConditionEvaluationDeltaLoggingListener(onApplicationEvent:63) - Condition evaluation unchanged
