2022-09-30 12:08:08,806 [Thread-27] INFO  org.springframework.boot.web.embedded.tomcat.GracefulShutdown(shutDownGracefully:53) - Commencing graceful shutdown. Waiting for active requests to complete
2022-09-30 12:08:09,889 [tomcat-shutdown] INFO  org.springframework.boot.web.embedded.tomcat.GracefulShutdown(doShutdown:78) - Graceful shutdown complete
2022-09-30 12:08:10,353 [restartedMain] INFO  org.springframework.boot.web.embedded.tomcat.TomcatWebServer(initialize:108) - Tomcat initialized with port(s): 8080 (http)
2022-09-30 12:08:10,389 [restartedMain] INFO  org.springframework.boot.web.servlet.context.ServletWebServerApplicationContext(prepareWebApplicationContext:292) - Root WebApplicationContext: initialization completed in 378 ms
2022-09-30 12:08:10,663 [restartedMain] INFO  org.springframework.boot.autoconfigure.web.servlet.WelcomePageHandlerMapping(<init>:57) - Adding welcome page template: index
2022-09-30 12:08:10,784 [restartedMain] INFO  org.springframework.boot.devtools.autoconfigure.OptionalLiveReloadServer(startServer:58) - LiveReload server is running on port 35729
2022-09-30 12:08:10,808 [restartedMain] INFO  org.springframework.boot.web.embedded.tomcat.TomcatWebServer(start:220) - Tomcat started on port(s): 8080 (http) with context path ''
2022-09-30 12:08:10,820 [restartedMain] INFO  org.springframework.boot.devtools.autoconfigure.ConditionEvaluationDeltaLoggingListener(onApplicationEvent:63) - Condition evaluation unchanged
2022-09-30 12:08:11,476 [http-nio-8080-exec-5] INFO  org.springframework.web.servlet.DispatcherServlet(initServletBean:525) - Initializing Servlet 'dispatcherServlet'
2022-09-30 12:08:11,477 [http-nio-8080-exec-5] INFO  org.springframework.web.servlet.DispatcherServlet(initServletBean:547) - Completed initialization in 1 ms
2022-09-30 12:08:33,434 [Thread-31] INFO  org.springframework.boot.web.embedded.tomcat.GracefulShutdown(shutDownGracefully:53) - Commencing graceful shutdown. Waiting for active requests to complete
2022-09-30 12:08:34,606 [tomcat-shutdown] INFO  org.springframework.boot.web.embedded.tomcat.GracefulShutdown(doShutdown:78) - Graceful shutdown complete
2022-09-30 12:08:34,893 [restartedMain] INFO  org.springframework.boot.web.embedded.tomcat.TomcatWebServer(initialize:108) - Tomcat initialized with port(s): 8080 (http)
2022-09-30 12:08:34,909 [restartedMain] INFO  org.springframework.boot.web.servlet.context.ServletWebServerApplicationContext(prepareWebApplicationContext:292) - Root WebApplicationContext: initialization completed in 175 ms
2022-09-30 12:08:35,011 [restartedMain] INFO  org.springframework.boot.autoconfigure.web.servlet.WelcomePageHandlerMapping(<init>:57) - Adding welcome page template: index
2022-09-30 12:08:35,049 [restartedMain] INFO  org.springframework.boot.devtools.autoconfigure.OptionalLiveReloadServer(startServer:58) - LiveReload server is running on port 35729
2022-09-30 12:08:35,060 [restartedMain] INFO  org.springframework.boot.web.embedded.tomcat.TomcatWebServer(start:220) - Tomcat started on port(s): 8080 (http) with context path ''
2022-09-30 12:08:35,066 [restartedMain] INFO  org.springframework.boot.devtools.autoconfigure.ConditionEvaluationDeltaLoggingListener(onApplicationEvent:63) - Condition evaluation unchanged
2022-09-30 12:08:41,309 [http-nio-8080-exec-1] INFO  org.springframework.web.servlet.DispatcherServlet(initServletBean:525) - Initializing Servlet 'dispatcherServlet'
2022-09-30 12:08:41,311 [http-nio-8080-exec-1] INFO  org.springframework.web.servlet.DispatcherServlet(initServletBean:547) - Completed initialization in 1 ms
2022-09-30 12:08:43,863 [Thread-35] INFO  org.springframework.boot.web.embedded.tomcat.GracefulShutdown(shutDownGracefully:53) - Commencing graceful shutdown. Waiting for active requests to complete
2022-09-30 12:08:45,110 [tomcat-shutdown] INFO  org.springframework.boot.web.embedded.tomcat.GracefulShutdown(doShutdown:78) - Graceful shutdown complete
2022-09-30 12:08:45,450 [restartedMain] INFO  org.springframework.boot.web.embedded.tomcat.TomcatWebServer(initialize:108) - Tomcat initialized with port(s): 8080 (http)
2022-09-30 12:08:45,466 [restartedMain] INFO  org.springframework.boot.web.servlet.context.ServletWebServerApplicationContext(prepareWebApplicationContext:292) - Root WebApplicationContext: initialization completed in 240 ms
2022-09-30 12:08:45,553 [restartedMain] INFO  org.springframework.boot.autoconfigure.web.servlet.WelcomePageHandlerMapping(<init>:57) - Adding welcome page template: index
2022-09-30 12:08:45,587 [restartedMain] INFO  org.springframework.boot.devtools.autoconfigure.OptionalLiveReloadServer(startServer:58) - LiveReload server is running on port 35729
2022-09-30 12:08:45,595 [restartedMain] INFO  org.springframework.boot.web.embedded.tomcat.TomcatWebServer(start:220) - Tomcat started on port(s): 8080 (http) with context path ''
2022-09-30 12:08:45,599 [restartedMain] INFO  org.springframework.boot.devtools.autoconfigure.ConditionEvaluationDeltaLoggingListener(onApplicationEvent:63) - Condition evaluation unchanged
2022-09-30 12:08:53,219 [http-nio-8080-exec-1] INFO  org.springframework.web.servlet.DispatcherServlet(initServletBean:525) - Initializing Servlet 'dispatcherServlet'
2022-09-30 12:08:53,220 [http-nio-8080-exec-1] INFO  org.springframework.web.servlet.DispatcherServlet(initServletBean:547) - Completed initialization in 0 ms
2022-09-30 12:08:55,501 [Thread-39] INFO  org.springframework.boot.web.embedded.tomcat.GracefulShutdown(shutDownGracefully:53) - Commencing graceful shutdown. Waiting for active requests to complete
2022-09-30 12:08:56,767 [tomcat-shutdown] INFO  org.springframework.boot.web.embedded.tomcat.GracefulShutdown(doShutdown:78) - Graceful shutdown complete
2022-09-30 12:08:57,146 [restartedMain] INFO  org.springframework.boot.web.embedded.tomcat.TomcatWebServer(initialize:108) - Tomcat initialized with port(s): 8080 (http)
2022-09-30 12:08:57,162 [restartedMain] INFO  org.springframework.boot.web.servlet.context.ServletWebServerApplicationContext(prepareWebApplicationContext:292) - Root WebApplicationContext: initialization completed in 208 ms
2022-09-30 12:08:57,242 [restartedMain] INFO  org.springframework.boot.autoconfigure.web.servlet.WelcomePageHandlerMapping(<init>:57) - Adding welcome page template: index
2022-09-30 12:08:57,276 [restartedMain] INFO  org.springframework.boot.devtools.autoconfigure.OptionalLiveReloadServer(startServer:58) - LiveReload server is running on port 35729
2022-09-30 12:08:57,284 [restartedMain] INFO  org.springframework.boot.web.embedded.tomcat.TomcatWebServer(start:220) - Tomcat started on port(s): 8080 (http) with context path ''
2022-09-30 12:08:57,287 [restartedMain] INFO  org.springframework.boot.devtools.autoconfigure.ConditionEvaluationDeltaLoggingListener(onApplicationEvent:63) - Condition evaluation unchanged
2022-09-30 12:09:05,765 [http-nio-8080-exec-1] INFO  org.springframework.web.servlet.DispatcherServlet(initServletBean:525) - Initializing Servlet 'dispatcherServlet'
2022-09-30 12:09:05,765 [http-nio-8080-exec-1] INFO  org.springframework.web.servlet.DispatcherServlet(initServletBean:547) - Completed initialization in 0 ms
2022-09-30 12:09:07,718 [Thread-43] INFO  org.springframework.boot.web.embedded.tomcat.GracefulShutdown(shutDownGracefully:53) - Commencing graceful shutdown. Waiting for active requests to complete
2022-09-30 12:09:08,839 [tomcat-shutdown] INFO  org.springframework.boot.web.embedded.tomcat.GracefulShutdown(doShutdown:78) - Graceful shutdown complete
2022-09-30 12:09:09,137 [restartedMain] INFO  org.springframework.boot.web.embedded.tomcat.TomcatWebServer(initialize:108) - Tomcat initialized with port(s): 8080 (http)
2022-09-30 12:09:09,156 [restartedMain] INFO  org.springframework.boot.web.servlet.context.ServletWebServerApplicationContext(prepareWebApplicationContext:292) - Root WebApplicationContext: initialization completed in 195 ms
2022-09-30 12:09:09,241 [restartedMain] INFO  org.springframework.boot.autoconfigure.web.servlet.WelcomePageHandlerMapping(<init>:57) - Adding welcome page template: index
2022-09-30 12:09:09,274 [restartedMain] INFO  org.springframework.boot.devtools.autoconfigure.OptionalLiveReloadServer(startServer:58) - LiveReload server is running on port 35729
2022-09-30 12:09:09,282 [restartedMain] INFO  org.springframework.boot.web.embedded.tomcat.TomcatWebServer(start:220) - Tomcat started on port(s): 8080 (http) with context path ''
2022-09-30 12:09:09,286 [restartedMain] INFO  org.springframework.boot.devtools.autoconfigure.ConditionEvaluationDeltaLoggingListener(onApplicationEvent:63) - Condition evaluation unchanged
2022-09-30 12:09:12,885 [http-nio-8080-exec-1] INFO  org.springframework.web.servlet.DispatcherServlet(initServletBean:525) - Initializing Servlet 'dispatcherServlet'
2022-09-30 12:09:12,887 [http-nio-8080-exec-1] INFO  org.springframework.web.servlet.DispatcherServlet(initServletBean:547) - Completed initialization in 2 ms
2022-09-30 12:09:15,101 [Thread-47] INFO  org.springframework.boot.web.embedded.tomcat.GracefulShutdown(shutDownGracefully:53) - Commencing graceful shutdown. Waiting for active requests to complete
2022-09-30 12:09:16,325 [tomcat-shutdown] INFO  org.springframework.boot.web.embedded.tomcat.GracefulShutdown(doShutdown:78) - Graceful shutdown complete
2022-09-30 12:09:16,708 [restartedMain] INFO  org.springframework.boot.web.embedded.tomcat.TomcatWebServer(initialize:108) - Tomcat initialized with port(s): 8080 (http)
2022-09-30 12:09:16,725 [restartedMain] INFO  org.springframework.boot.web.servlet.context.ServletWebServerApplicationContext(prepareWebApplicationContext:292) - Root WebApplicationContext: initialization completed in 233 ms
2022-09-30 12:09:16,814 [restartedMain] INFO  org.springframework.boot.autoconfigure.web.servlet.WelcomePageHandlerMapping(<init>:57) - Adding welcome page template: index
2022-09-30 12:09:16,850 [restartedMain] INFO  org.springframework.boot.devtools.autoconfigure.OptionalLiveReloadServer(startServer:58) - LiveReload server is running on port 35729
2022-09-30 12:09:16,861 [restartedMain] INFO  org.springframework.boot.web.embedded.tomcat.TomcatWebServer(start:220) - Tomcat started on port(s): 8080 (http) with context path ''
2022-09-30 12:09:16,868 [restartedMain] INFO  org.springframework.boot.devtools.autoconfigure.ConditionEvaluationDeltaLoggingListener(onApplicationEvent:63) - Condition evaluation unchanged
2022-09-30 12:37:49,362 [http-nio-8080-exec-1] INFO  org.springframework.web.servlet.DispatcherServlet(initServletBean:525) - Initializing Servlet 'dispatcherServlet'
2022-09-30 12:37:49,363 [http-nio-8080-exec-1] INFO  org.springframework.web.servlet.DispatcherServlet(initServletBean:547) - Completed initialization in 1 ms
2022-09-30 12:37:51,820 [Thread-51] INFO  org.springframework.boot.web.embedded.tomcat.GracefulShutdown(shutDownGracefully:53) - Commencing graceful shutdown. Waiting for active requests to complete
2022-09-30 12:37:53,067 [tomcat-shutdown] INFO  org.springframework.boot.web.embedded.tomcat.GracefulShutdown(doShutdown:78) - Graceful shutdown complete
2022-09-30 12:37:53,443 [restartedMain] INFO  org.springframework.boot.web.embedded.tomcat.TomcatWebServer(initialize:108) - Tomcat initialized with port(s): 8080 (http)
2022-09-30 12:37:53,459 [restartedMain] INFO  org.springframework.boot.web.servlet.context.ServletWebServerApplicationContext(prepareWebApplicationContext:292) - Root WebApplicationContext: initialization completed in 241 ms
2022-09-30 12:37:53,547 [restartedMain] INFO  org.springframework.boot.autoconfigure.web.servlet.WelcomePageHandlerMapping(<init>:57) - Adding welcome page template: index
2022-09-30 12:37:53,587 [restartedMain] INFO  org.springframework.boot.devtools.autoconfigure.OptionalLiveReloadServer(startServer:58) - LiveReload server is running on port 35729
2022-09-30 12:37:53,596 [restartedMain] INFO  org.springframework.boot.web.embedded.tomcat.TomcatWebServer(start:220) - Tomcat started on port(s): 8080 (http) with context path ''
2022-09-30 12:37:53,601 [restartedMain] INFO  org.springframework.boot.devtools.autoconfigure.ConditionEvaluationDeltaLoggingListener(onApplicationEvent:63) - Condition evaluation unchanged
2022-09-30 12:37:53,647 [http-nio-8080-exec-1] INFO  org.springframework.web.servlet.DispatcherServlet(initServletBean:525) - Initializing Servlet 'dispatcherServlet'
2022-09-30 12:37:53,648 [http-nio-8080-exec-1] INFO  org.springframework.web.servlet.DispatcherServlet(initServletBean:547) - Completed initialization in 1 ms
2022-09-30 12:40:01,933 [Thread-55] INFO  org.springframework.boot.web.embedded.tomcat.GracefulShutdown(shutDownGracefully:53) - Commencing graceful shutdown. Waiting for active requests to complete
2022-09-30 12:40:03,205 [tomcat-shutdown] INFO  org.springframework.boot.web.embedded.tomcat.GracefulShutdown(doShutdown:78) - Graceful shutdown complete
2022-09-30 12:40:03,629 [restartedMain] INFO  org.springframework.boot.web.embedded.tomcat.TomcatWebServer(initialize:108) - Tomcat initialized with port(s): 8080 (http)
2022-09-30 12:40:03,648 [restartedMain] INFO  org.springframework.boot.web.servlet.context.ServletWebServerApplicationContext(prepareWebApplicationContext:292) - Root WebApplicationContext: initialization completed in 301 ms
2022-09-30 12:40:03,738 [restartedMain] INFO  org.springframework.boot.autoconfigure.web.servlet.WelcomePageHandlerMapping(<init>:57) - Adding welcome page template: index
2022-09-30 12:40:03,778 [restartedMain] INFO  org.springframework.boot.devtools.autoconfigure.OptionalLiveReloadServer(startServer:58) - LiveReload server is running on port 35729
2022-09-30 12:40:03,788 [restartedMain] INFO  org.springframework.boot.web.embedded.tomcat.TomcatWebServer(start:220) - Tomcat started on port(s): 8080 (http) with context path ''
2022-09-30 12:40:03,792 [restartedMain] INFO  org.springframework.boot.devtools.autoconfigure.ConditionEvaluationDeltaLoggingListener(onApplicationEvent:63) - Condition evaluation unchanged
2022-09-30 12:44:21,856 [Thread-59] INFO  org.springframework.boot.web.embedded.tomcat.GracefulShutdown(shutDownGracefully:53) - Commencing graceful shutdown. Waiting for active requests to complete
2022-09-30 12:44:22,797 [tomcat-shutdown] INFO  org.springframework.boot.web.embedded.tomcat.GracefulShutdown(doShutdown:78) - Graceful shutdown complete
2022-09-30 12:44:23,148 [restartedMain] INFO  org.springframework.boot.web.embedded.tomcat.TomcatWebServer(initialize:108) - Tomcat initialized with port(s): 8080 (http)
2022-09-30 12:44:23,165 [restartedMain] INFO  org.springframework.boot.web.servlet.context.ServletWebServerApplicationContext(prepareWebApplicationContext:292) - Root WebApplicationContext: initialization completed in 255 ms
2022-09-30 12:44:23,253 [restartedMain] INFO  org.springframework.boot.autoconfigure.web.servlet.WelcomePageHandlerMapping(<init>:57) - Adding welcome page template: index
2022-09-30 12:44:23,288 [restartedMain] INFO  org.springframework.boot.devtools.autoconfigure.OptionalLiveReloadServer(startServer:58) - LiveReload server is running on port 35729
2022-09-30 12:44:23,295 [restartedMain] INFO  org.springframework.boot.web.embedded.tomcat.TomcatWebServer(start:220) - Tomcat started on port(s): 8080 (http) with context path ''
2022-09-30 12:44:23,299 [restartedMain] INFO  org.springframework.boot.devtools.autoconfigure.ConditionEvaluationDeltaLoggingListener(onApplicationEvent:63) - Condition evaluation unchanged
2022-09-30 12:46:09,854 [Thread-63] INFO  org.springframework.boot.web.embedded.tomcat.GracefulShutdown(shutDownGracefully:53) - Commencing graceful shutdown. Waiting for active requests to complete
2022-09-30 12:46:10,894 [tomcat-shutdown] INFO  org.springframework.boot.web.embedded.tomcat.GracefulShutdown(doShutdown:78) - Graceful shutdown complete
2022-09-30 12:46:11,206 [restartedMain] INFO  org.springframework.boot.web.embedded.tomcat.TomcatWebServer(initialize:108) - Tomcat initialized with port(s): 8080 (http)
2022-09-30 12:46:11,220 [restartedMain] INFO  org.springframework.boot.web.servlet.context.ServletWebServerApplicationContext(prepareWebApplicationContext:292) - Root WebApplicationContext: initialization completed in 209 ms
2022-09-30 12:46:11,294 [restartedMain] INFO  org.springframework.boot.autoconfigure.web.servlet.WelcomePageHandlerMapping(<init>:57) - Adding welcome page template: index
2022-09-30 12:46:11,324 [restartedMain] INFO  org.springframework.boot.devtools.autoconfigure.OptionalLiveReloadServer(startServer:58) - LiveReload server is running on port 35729
2022-09-30 12:46:11,331 [restartedMain] INFO  org.springframework.boot.web.embedded.tomcat.TomcatWebServer(start:220) - Tomcat started on port(s): 8080 (http) with context path ''
2022-09-30 12:46:11,334 [restartedMain] INFO  org.springframework.boot.devtools.autoconfigure.ConditionEvaluationDeltaLoggingListener(onApplicationEvent:63) - Condition evaluation unchanged
2022-09-30 12:48:13,315 [SpringApplicationShutdownHook] INFO  org.springframework.boot.web.embedded.tomcat.GracefulShutdown(shutDownGracefully:53) - Commencing graceful shutdown. Waiting for active requests to complete
2022-09-30 12:48:14,251 [tomcat-shutdown] INFO  org.springframework.boot.web.embedded.tomcat.GracefulShutdown(doShutdown:78) - Graceful shutdown complete
2022-09-30 12:49:40,026 [restartedMain] INFO  org.springframework.boot.devtools.restart.ChangeableUrls(logTo:255) - The Class-Path manifest attribute in C:\Users\LAB_01\.gradle\caches\modules-2\files-2.1\com.oracle.database.nls\orai18n\21.5.0.0\a073ce669c94e444c45036c0e528eb03fb30a46e\orai18n-21.5.0.0.jar referenced one or more files that do not exist: file:/C:/Users/LAB_01/.gradle/caches/modules-2/files-2.1/com.oracle.database.nls/orai18n/21.5.0.0/a073ce669c94e444c45036c0e528eb03fb30a46e/orai18n-mapping.jar,file:/C:/Users/LAB_01/.gradle/caches/modules-2/files-2.1/com.oracle.database.nls/orai18n/21.5.0.0/a073ce669c94e444c45036c0e528eb03fb30a46e/orai18n-utility.jar,file:/C:/Users/LAB_01/.gradle/caches/modules-2/files-2.1/com.oracle.database.nls/orai18n/21.5.0.0/a073ce669c94e444c45036c0e528eb03fb30a46e/orai18n-collation.jar,file:/C:/Users/LAB_01/.gradle/caches/modules-2/files-2.1/com.oracle.database.nls/orai18n/21.5.0.0/a073ce669c94e444c45036c0e528eb03fb30a46e/orai18n-translation.jar,file:/C:/Users/LAB_01/.gradle/caches/modules-2/files-2.1/com.oracle.database.nls/orai18n/21.5.0.0/a073ce669c94e444c45036c0e528eb03fb30a46e/orai18n-net.jar,file:/C:/Users/LAB_01/.gradle/caches/modules-2/files-2.1/com.oracle.database.nls/orai18n/21.5.0.0/a073ce669c94e444c45036c0e528eb03fb30a46e/orai18n-servlet.jar,file:/C:/Users/LAB_01/.gradle/caches/modules-2/files-2.1/com.oracle.database.nls/orai18n/21.5.0.0/a073ce669c94e444c45036c0e528eb03fb30a46e/orai18n-lcsd.jar,file:/C:/Users/LAB_01/.gradle/caches/modules-2/files-2.1/com.oracle.database.nls/orai18n/21.5.0.0/a073ce669c94e444c45036c0e528eb03fb30a46e/orai18n-tools.jar,file:/C:/Users/LAB_01/.gradle/caches/modules-2/files-2.1/com.oracle.database.nls/orai18n/21.5.0.0/a073ce669c94e444c45036c0e528eb03fb30a46e/gdk_custom.jar
2022-09-30 12:49:40,027 [restartedMain] INFO  org.springframework.boot.devtools.restart.ChangeableUrls(logTo:255) - The Class-Path manifest attribute in C:\Users\LAB_01\.gradle\caches\modules-2\files-2.1\com.oracle.database.jdbc\ojdbc8\21.5.0.0\eb13f0948ca8675f71d59b5e8a1129d4c6189e7a\ojdbc8-21.5.0.0.jar referenced one or more files that do not exist: file:/C:/Users/LAB_01/.gradle/caches/modules-2/files-2.1/com.oracle.database.jdbc/ojdbc8/21.5.0.0/eb13f0948ca8675f71d59b5e8a1129d4c6189e7a/oraclepki.jar
2022-09-30 12:49:40,027 [restartedMain] INFO  org.springframework.boot.devtools.env.DevToolsPropertyDefaultsPostProcessor(logTo:255) - Devtools property defaults active! Set 'spring.devtools.add-properties' to 'false' to disable
2022-09-30 12:49:40,028 [restartedMain] INFO  org.springframework.boot.devtools.env.DevToolsPropertyDefaultsPostProcessor(logTo:255) - For additional web related logging consider setting the 'logging.level.web' property to 'DEBUG'
2022-09-30 12:49:41,008 [restartedMain] INFO  org.springframework.boot.web.embedded.tomcat.TomcatWebServer(initialize:108) - Tomcat initialized with port(s): 8080 (http)
2022-09-30 12:49:41,098 [restartedMain] INFO  org.springframework.boot.web.servlet.context.ServletWebServerApplicationContext(prepareWebApplicationContext:292) - Root WebApplicationContext: initialization completed in 1070 ms
2022-09-30 12:49:41,595 [restartedMain] INFO  org.springframework.boot.autoconfigure.web.servlet.WelcomePageHandlerMapping(<init>:57) - Adding welcome page template: index
2022-09-30 12:49:41,961 [restartedMain] INFO  org.springframework.boot.devtools.autoconfigure.OptionalLiveReloadServer(startServer:58) - LiveReload server is running on port 35729
2022-09-30 12:49:41,993 [restartedMain] INFO  org.springframework.boot.web.embedded.tomcat.TomcatWebServer(start:220) - Tomcat started on port(s): 8080 (http) with context path ''
2022-09-30 12:50:01,460 [SpringApplicationShutdownHook] INFO  org.springframework.boot.web.embedded.tomcat.GracefulShutdown(shutDownGracefully:53) - Commencing graceful shutdown. Waiting for active requests to complete
2022-09-30 12:50:02,406 [tomcat-shutdown] INFO  org.springframework.boot.web.embedded.tomcat.GracefulShutdown(doShutdown:78) - Graceful shutdown complete
2022-09-30 12:50:14,458 [restartedMain] INFO  org.springframework.boot.devtools.restart.ChangeableUrls(logTo:255) - The Class-Path manifest attribute in C:\Users\LAB_01\.gradle\caches\modules-2\files-2.1\com.oracle.database.nls\orai18n\21.5.0.0\a073ce669c94e444c45036c0e528eb03fb30a46e\orai18n-21.5.0.0.jar referenced one or more files that do not exist: file:/C:/Users/LAB_01/.gradle/caches/modules-2/files-2.1/com.oracle.database.nls/orai18n/21.5.0.0/a073ce669c94e444c45036c0e528eb03fb30a46e/orai18n-mapping.jar,file:/C:/Users/LAB_01/.gradle/caches/modules-2/files-2.1/com.oracle.database.nls/orai18n/21.5.0.0/a073ce669c94e444c45036c0e528eb03fb30a46e/orai18n-utility.jar,file:/C:/Users/LAB_01/.gradle/caches/modules-2/files-2.1/com.oracle.database.nls/orai18n/21.5.0.0/a073ce669c94e444c45036c0e528eb03fb30a46e/orai18n-collation.jar,file:/C:/Users/LAB_01/.gradle/caches/modules-2/files-2.1/com.oracle.database.nls/orai18n/21.5.0.0/a073ce669c94e444c45036c0e528eb03fb30a46e/orai18n-translation.jar,file:/C:/Users/LAB_01/.gradle/caches/modules-2/files-2.1/com.oracle.database.nls/orai18n/21.5.0.0/a073ce669c94e444c45036c0e528eb03fb30a46e/orai18n-net.jar,file:/C:/Users/LAB_01/.gradle/caches/modules-2/files-2.1/com.oracle.database.nls/orai18n/21.5.0.0/a073ce669c94e444c45036c0e528eb03fb30a46e/orai18n-servlet.jar,file:/C:/Users/LAB_01/.gradle/caches/modules-2/files-2.1/com.oracle.database.nls/orai18n/21.5.0.0/a073ce669c94e444c45036c0e528eb03fb30a46e/orai18n-lcsd.jar,file:/C:/Users/LAB_01/.gradle/caches/modules-2/files-2.1/com.oracle.database.nls/orai18n/21.5.0.0/a073ce669c94e444c45036c0e528eb03fb30a46e/orai18n-tools.jar,file:/C:/Users/LAB_01/.gradle/caches/modules-2/files-2.1/com.oracle.database.nls/orai18n/21.5.0.0/a073ce669c94e444c45036c0e528eb03fb30a46e/gdk_custom.jar
2022-09-30 12:50:14,459 [restartedMain] INFO  org.springframework.boot.devtools.restart.ChangeableUrls(logTo:255) - The Class-Path manifest attribute in C:\Users\LAB_01\.gradle\caches\modules-2\files-2.1\com.oracle.database.jdbc\ojdbc8\21.5.0.0\eb13f0948ca8675f71d59b5e8a1129d4c6189e7a\ojdbc8-21.5.0.0.jar referenced one or more files that do not exist: file:/C:/Users/LAB_01/.gradle/caches/modules-2/files-2.1/com.oracle.database.jdbc/ojdbc8/21.5.0.0/eb13f0948ca8675f71d59b5e8a1129d4c6189e7a/oraclepki.jar
2022-09-30 12:50:14,459 [restartedMain] INFO  org.springframework.boot.devtools.env.DevToolsPropertyDefaultsPostProcessor(logTo:255) - Devtools property defaults active! Set 'spring.devtools.add-properties' to 'false' to disable
2022-09-30 12:50:14,460 [restartedMain] INFO  org.springframework.boot.devtools.env.DevToolsPropertyDefaultsPostProcessor(logTo:255) - For additional web related logging consider setting the 'logging.level.web' property to 'DEBUG'
2022-09-30 12:50:15,352 [restartedMain] INFO  org.springframework.boot.web.embedded.tomcat.TomcatWebServer(initialize:108) - Tomcat initialized with port(s): 8080 (http)
2022-09-30 12:50:15,425 [restartedMain] INFO  org.springframework.boot.web.servlet.context.ServletWebServerApplicationContext(prepareWebApplicationContext:292) - Root WebApplicationContext: initialization completed in 965 ms
2022-09-30 12:50:15,805 [restartedMain] INFO  org.springframework.boot.autoconfigure.web.servlet.WelcomePageHandlerMapping(<init>:57) - Adding welcome page template: index
2022-09-30 12:50:16,004 [restartedMain] INFO  org.springframework.boot.devtools.autoconfigure.OptionalLiveReloadServer(startServer:58) - LiveReload server is running on port 35729
2022-09-30 12:50:16,029 [restartedMain] INFO  org.springframework.boot.web.embedded.tomcat.TomcatWebServer(start:220) - Tomcat started on port(s): 8080 (http) with context path ''
2022-09-30 12:51:21,778 [SpringApplicationShutdownHook] INFO  org.springframework.boot.web.embedded.tomcat.GracefulShutdown(shutDownGracefully:53) - Commencing graceful shutdown. Waiting for active requests to complete
2022-09-30 12:51:23,414 [tomcat-shutdown] INFO  org.springframework.boot.web.embedded.tomcat.GracefulShutdown(doShutdown:78) - Graceful shutdown complete
2022-09-30 12:51:31,773 [restartedMain] INFO  org.springframework.boot.devtools.restart.ChangeableUrls(logTo:255) - The Class-Path manifest attribute in C:\Users\LAB_01\.gradle\caches\modules-2\files-2.1\com.oracle.database.nls\orai18n\21.5.0.0\a073ce669c94e444c45036c0e528eb03fb30a46e\orai18n-21.5.0.0.jar referenced one or more files that do not exist: file:/C:/Users/LAB_01/.gradle/caches/modules-2/files-2.1/com.oracle.database.nls/orai18n/21.5.0.0/a073ce669c94e444c45036c0e528eb03fb30a46e/orai18n-mapping.jar,file:/C:/Users/LAB_01/.gradle/caches/modules-2/files-2.1/com.oracle.database.nls/orai18n/21.5.0.0/a073ce669c94e444c45036c0e528eb03fb30a46e/orai18n-utility.jar,file:/C:/Users/LAB_01/.gradle/caches/modules-2/files-2.1/com.oracle.database.nls/orai18n/21.5.0.0/a073ce669c94e444c45036c0e528eb03fb30a46e/orai18n-collation.jar,file:/C:/Users/LAB_01/.gradle/caches/modules-2/files-2.1/com.oracle.database.nls/orai18n/21.5.0.0/a073ce669c94e444c45036c0e528eb03fb30a46e/orai18n-translation.jar,file:/C:/Users/LAB_01/.gradle/caches/modules-2/files-2.1/com.oracle.database.nls/orai18n/21.5.0.0/a073ce669c94e444c45036c0e528eb03fb30a46e/orai18n-net.jar,file:/C:/Users/LAB_01/.gradle/caches/modules-2/files-2.1/com.oracle.database.nls/orai18n/21.5.0.0/a073ce669c94e444c45036c0e528eb03fb30a46e/orai18n-servlet.jar,file:/C:/Users/LAB_01/.gradle/caches/modules-2/files-2.1/com.oracle.database.nls/orai18n/21.5.0.0/a073ce669c94e444c45036c0e528eb03fb30a46e/orai18n-lcsd.jar,file:/C:/Users/LAB_01/.gradle/caches/modules-2/files-2.1/com.oracle.database.nls/orai18n/21.5.0.0/a073ce669c94e444c45036c0e528eb03fb30a46e/orai18n-tools.jar,file:/C:/Users/LAB_01/.gradle/caches/modules-2/files-2.1/com.oracle.database.nls/orai18n/21.5.0.0/a073ce669c94e444c45036c0e528eb03fb30a46e/gdk_custom.jar
2022-09-30 12:51:31,774 [restartedMain] INFO  org.springframework.boot.devtools.restart.ChangeableUrls(logTo:255) - The Class-Path manifest attribute in C:\Users\LAB_01\.gradle\caches\modules-2\files-2.1\com.oracle.database.jdbc\ojdbc8\21.5.0.0\eb13f0948ca8675f71d59b5e8a1129d4c6189e7a\ojdbc8-21.5.0.0.jar referenced one or more files that do not exist: file:/C:/Users/LAB_01/.gradle/caches/modules-2/files-2.1/com.oracle.database.jdbc/ojdbc8/21.5.0.0/eb13f0948ca8675f71d59b5e8a1129d4c6189e7a/oraclepki.jar
2022-09-30 12:51:31,774 [restartedMain] INFO  org.springframework.boot.devtools.env.DevToolsPropertyDefaultsPostProcessor(logTo:255) - Devtools property defaults active! Set 'spring.devtools.add-properties' to 'false' to disable
2022-09-30 12:51:31,774 [restartedMain] INFO  org.springframework.boot.devtools.env.DevToolsPropertyDefaultsPostProcessor(logTo:255) - For additional web related logging consider setting the 'logging.level.web' property to 'DEBUG'
2022-09-30 12:51:32,720 [restartedMain] INFO  org.springframework.boot.web.embedded.tomcat.TomcatWebServer(initialize:108) - Tomcat initialized with port(s): 8080 (http)
2022-09-30 12:51:32,804 [restartedMain] INFO  org.springframework.boot.web.servlet.context.ServletWebServerApplicationContext(prepareWebApplicationContext:292) - Root WebApplicationContext: initialization completed in 1029 ms
2022-09-30 12:51:33,173 [restartedMain] INFO  org.springframework.boot.autoconfigure.web.servlet.WelcomePageHandlerMapping(<init>:57) - Adding welcome page template: index
2022-09-30 12:51:33,369 [restartedMain] INFO  org.springframework.boot.devtools.autoconfigure.OptionalLiveReloadServer(startServer:58) - LiveReload server is running on port 35729
2022-09-30 12:51:33,399 [restartedMain] INFO  org.springframework.boot.web.embedded.tomcat.TomcatWebServer(start:220) - Tomcat started on port(s): 8080 (http) with context path ''
2022-09-30 12:51:42,801 [http-nio-8080-exec-1] INFO  org.springframework.web.servlet.DispatcherServlet(initServletBean:525) - Initializing Servlet 'dispatcherServlet'
2022-09-30 12:51:42,802 [http-nio-8080-exec-1] INFO  org.springframework.web.servlet.DispatcherServlet(initServletBean:547) - Completed initialization in 1 ms
2022-09-30 12:53:20,650 [Thread-8] INFO  org.springframework.boot.web.embedded.tomcat.GracefulShutdown(shutDownGracefully:53) - Commencing graceful shutdown. Waiting for active requests to complete
2022-09-30 12:53:22,444 [tomcat-shutdown] INFO  org.springframework.boot.web.embedded.tomcat.GracefulShutdown(doShutdown:78) - Graceful shutdown complete
2022-09-30 12:53:22,943 [restartedMain] INFO  org.springframework.boot.web.embedded.tomcat.TomcatWebServer(initialize:108) - Tomcat initialized with port(s): 8080 (http)
2022-09-30 12:53:22,964 [restartedMain] INFO  org.springframework.boot.web.servlet.context.ServletWebServerApplicationContext(prepareWebApplicationContext:292) - Root WebApplicationContext: initialization completed in 338 ms
2022-09-30 12:53:23,099 [restartedMain] INFO  org.springframework.boot.autoconfigure.web.servlet.WelcomePageHandlerMapping(<init>:57) - Adding welcome page template: index
2022-09-30 12:53:23,167 [restartedMain] INFO  org.springframework.boot.devtools.autoconfigure.OptionalLiveReloadServer(startServer:58) - LiveReload server is running on port 35729
2022-09-30 12:53:23,176 [restartedMain] INFO  org.springframework.boot.web.embedded.tomcat.TomcatWebServer(start:220) - Tomcat started on port(s): 8080 (http) with context path ''
2022-09-30 12:53:23,182 [restartedMain] INFO  org.springframework.boot.devtools.autoconfigure.ConditionEvaluationDeltaLoggingListener(onApplicationEvent:63) - Condition evaluation unchanged
2022-09-30 12:53:24,738 [Thread-15] INFO  org.springframework.boot.web.embedded.tomcat.GracefulShutdown(shutDownGracefully:53) - Commencing graceful shutdown. Waiting for active requests to complete
2022-09-30 12:53:26,611 [tomcat-shutdown] INFO  org.springframework.boot.web.embedded.tomcat.GracefulShutdown(doShutdown:78) - Graceful shutdown complete
2022-09-30 12:53:27,217 [restartedMain] INFO  org.springframework.boot.web.embedded.tomcat.TomcatWebServer(initialize:108) - Tomcat initialized with port(s): 8080 (http)
2022-09-30 12:53:27,251 [restartedMain] INFO  org.springframework.boot.web.servlet.context.ServletWebServerApplicationContext(prepareWebApplicationContext:292) - Root WebApplicationContext: initialization completed in 436 ms
2022-09-30 12:53:27,398 [restartedMain] INFO  org.springframework.boot.autoconfigure.web.servlet.WelcomePageHandlerMapping(<init>:57) - Adding welcome page template: index
2022-09-30 12:53:27,453 [restartedMain] INFO  org.springframework.boot.devtools.autoconfigure.OptionalLiveReloadServer(startServer:58) - LiveReload server is running on port 35729
2022-09-30 12:53:27,464 [restartedMain] INFO  org.springframework.boot.web.embedded.tomcat.TomcatWebServer(start:220) - Tomcat started on port(s): 8080 (http) with context path ''
2022-09-30 12:53:27,469 [restartedMain] INFO  org.springframework.boot.devtools.autoconfigure.ConditionEvaluationDeltaLoggingListener(onApplicationEvent:63) - Condition evaluation unchanged
2022-09-30 12:53:29,034 [Thread-19] INFO  org.springframework.boot.web.embedded.tomcat.GracefulShutdown(shutDownGracefully:53) - Commencing graceful shutdown. Waiting for active requests to complete
2022-09-30 12:53:30,283 [tomcat-shutdown] INFO  org.springframework.boot.web.embedded.tomcat.GracefulShutdown(doShutdown:78) - Graceful shutdown complete
2022-09-30 12:53:30,665 [restartedMain] INFO  org.springframework.boot.web.embedded.tomcat.TomcatWebServer(initialize:108) - Tomcat initialized with port(s): 8080 (http)
2022-09-30 12:53:30,685 [restartedMain] INFO  org.springframework.boot.web.servlet.context.ServletWebServerApplicationContext(prepareWebApplicationContext:292) - Root WebApplicationContext: initialization completed in 242 ms
2022-09-30 12:53:30,797 [restartedMain] INFO  org.springframework.boot.autoconfigure.web.servlet.WelcomePageHandlerMapping(<init>:57) - Adding welcome page template: index
2022-09-30 12:53:30,856 [restartedMain] INFO  org.springframework.boot.devtools.autoconfigure.OptionalLiveReloadServer(startServer:58) - LiveReload server is running on port 35729
2022-09-30 12:53:30,866 [restartedMain] INFO  org.springframework.boot.web.embedded.tomcat.TomcatWebServer(start:220) - Tomcat started on port(s): 8080 (http) with context path ''
2022-09-30 12:53:30,871 [restartedMain] INFO  org.springframework.boot.devtools.autoconfigure.ConditionEvaluationDeltaLoggingListener(onApplicationEvent:63) - Condition evaluation unchanged
2022-09-30 12:54:44,175 [Thread-23] INFO  org.springframework.boot.web.embedded.tomcat.GracefulShutdown(shutDownGracefully:53) - Commencing graceful shutdown. Waiting for active requests to complete
2022-09-30 12:54:45,350 [tomcat-shutdown] INFO  org.springframework.boot.web.embedded.tomcat.GracefulShutdown(doShutdown:78) - Graceful shutdown complete
2022-09-30 12:54:45,940 [restartedMain] INFO  org.springframework.boot.web.embedded.tomcat.TomcatWebServer(initialize:108) - Tomcat initialized with port(s): 8080 (http)
2022-09-30 12:54:45,962 [restartedMain] INFO  org.springframework.boot.web.servlet.context.ServletWebServerApplicationContext(prepareWebApplicationContext:292) - Root WebApplicationContext: initialization completed in 414 ms
2022-09-30 12:54:46,095 [restartedMain] INFO  org.springframework.boot.autoconfigure.web.servlet.WelcomePageHandlerMapping(<init>:57) - Adding welcome page template: index
2022-09-30 12:54:46,181 [restartedMain] INFO  org.springframework.boot.devtools.autoconfigure.OptionalLiveReloadServer(startServer:58) - LiveReload server is running on port 35729
2022-09-30 12:54:46,202 [restartedMain] INFO  org.springframework.boot.web.embedded.tomcat.TomcatWebServer(start:220) - Tomcat started on port(s): 8080 (http) with context path ''
2022-09-30 12:54:46,210 [restartedMain] INFO  org.springframework.boot.devtools.autoconfigure.ConditionEvaluationDeltaLoggingListener(onApplicationEvent:63) - Condition evaluation unchanged
2022-09-30 12:54:47,741 [Thread-27] INFO  org.springframework.boot.web.embedded.tomcat.GracefulShutdown(shutDownGracefully:53) - Commencing graceful shutdown. Waiting for active requests to complete
2022-09-30 12:54:49,328 [tomcat-shutdown] INFO  org.springframework.boot.web.embedded.tomcat.GracefulShutdown(doShutdown:78) - Graceful shutdown complete
2022-09-30 12:54:49,654 [restartedMain] INFO  org.springframework.boot.web.embedded.tomcat.TomcatWebServer(initialize:108) - Tomcat initialized with port(s): 8080 (http)
2022-09-30 12:54:49,677 [restartedMain] INFO  org.springframework.boot.web.servlet.context.ServletWebServerApplicationContext(prepareWebApplicationContext:292) - Root WebApplicationContext: initialization completed in 240 ms
2022-09-30 12:54:49,775 [restartedMain] INFO  org.springframework.boot.autoconfigure.web.servlet.WelcomePageHandlerMapping(<init>:57) - Adding welcome page template: index
2022-09-30 12:54:49,817 [restartedMain] INFO  org.springframework.boot.devtools.autoconfigure.OptionalLiveReloadServer(startServer:58) - LiveReload server is running on port 35729
2022-09-30 12:54:49,825 [restartedMain] INFO  org.springframework.boot.web.embedded.tomcat.TomcatWebServer(start:220) - Tomcat started on port(s): 8080 (http) with context path ''
2022-09-30 12:54:49,830 [restartedMain] INFO  org.springframework.boot.devtools.autoconfigure.ConditionEvaluationDeltaLoggingListener(onApplicationEvent:63) - Condition evaluation unchanged
2022-09-30 12:56:29,737 [Thread-31] INFO  org.springframework.boot.web.embedded.tomcat.GracefulShutdown(shutDownGracefully:53) - Commencing graceful shutdown. Waiting for active requests to complete
2022-09-30 12:56:31,522 [tomcat-shutdown] INFO  org.springframework.boot.web.embedded.tomcat.GracefulShutdown(doShutdown:78) - Graceful shutdown complete
2022-09-30 12:56:32,639 [restartedMain] INFO  org.springframework.boot.web.embedded.tomcat.TomcatWebServer(initialize:108) - Tomcat initialized with port(s): 8080 (http)
2022-09-30 12:56:32,666 [restartedMain] INFO  org.springframework.boot.web.servlet.context.ServletWebServerApplicationContext(prepareWebApplicationContext:292) - Root WebApplicationContext: initialization completed in 912 ms
2022-09-30 12:56:32,789 [restartedMain] INFO  org.springframework.boot.autoconfigure.web.servlet.WelcomePageHandlerMapping(<init>:57) - Adding welcome page template: index
2022-09-30 12:56:32,835 [restartedMain] INFO  org.springframework.boot.devtools.autoconfigure.OptionalLiveReloadServer(startServer:58) - LiveReload server is running on port 35729
2022-09-30 12:56:32,850 [restartedMain] INFO  org.springframework.boot.web.embedded.tomcat.TomcatWebServer(start:220) - Tomcat started on port(s): 8080 (http) with context path ''
2022-09-30 12:56:32,856 [restartedMain] INFO  org.springframework.boot.devtools.autoconfigure.ConditionEvaluationDeltaLoggingListener(onApplicationEvent:63) - Condition evaluation unchanged
2022-09-30 12:59:03,182 [Thread-35] INFO  org.springframework.boot.web.embedded.tomcat.GracefulShutdown(shutDownGracefully:53) - Commencing graceful shutdown. Waiting for active requests to complete
2022-09-30 12:59:04,158 [tomcat-shutdown] INFO  org.springframework.boot.web.embedded.tomcat.GracefulShutdown(doShutdown:78) - Graceful shutdown complete
2022-09-30 12:59:04,530 [restartedMain] INFO  org.springframework.boot.web.embedded.tomcat.TomcatWebServer(initialize:108) - Tomcat initialized with port(s): 8080 (http)
2022-09-30 12:59:04,549 [restartedMain] INFO  org.springframework.boot.web.servlet.context.ServletWebServerApplicationContext(prepareWebApplicationContext:292) - Root WebApplicationContext: initialization completed in 276 ms
2022-09-30 12:59:04,670 [restartedMain] INFO  org.springframework.boot.autoconfigure.web.servlet.WelcomePageHandlerMapping(<init>:57) - Adding welcome page template: index
2022-09-30 12:59:04,716 [restartedMain] INFO  org.springframework.boot.devtools.autoconfigure.OptionalLiveReloadServer(startServer:58) - LiveReload server is running on port 35729
2022-09-30 12:59:04,726 [restartedMain] INFO  org.springframework.boot.web.embedded.tomcat.TomcatWebServer(start:220) - Tomcat started on port(s): 8080 (http) with context path ''
2022-09-30 12:59:04,731 [restartedMain] INFO  org.springframework.boot.devtools.autoconfigure.ConditionEvaluationDeltaLoggingListener(onApplicationEvent:63) - Condition evaluation unchanged
2022-09-30 12:59:24,124 [Thread-39] INFO  org.springframework.boot.web.embedded.tomcat.GracefulShutdown(shutDownGracefully:53) - Commencing graceful shutdown. Waiting for active requests to complete
2022-09-30 12:59:25,133 [tomcat-shutdown] INFO  org.springframework.boot.web.embedded.tomcat.GracefulShutdown(doShutdown:78) - Graceful shutdown complete
2022-09-30 12:59:25,429 [restartedMain] INFO  org.springframework.boot.web.embedded.tomcat.TomcatWebServer(initialize:108) - Tomcat initialized with port(s): 8080 (http)
2022-09-30 12:59:25,447 [restartedMain] INFO  org.springframework.boot.web.servlet.context.ServletWebServerApplicationContext(prepareWebApplicationContext:292) - Root WebApplicationContext: initialization completed in 188 ms
2022-09-30 12:59:25,540 [restartedMain] INFO  org.springframework.boot.autoconfigure.web.servlet.WelcomePageHandlerMapping(<init>:57) - Adding welcome page template: index
2022-09-30 12:59:25,569 [restartedMain] INFO  org.springframework.boot.devtools.autoconfigure.OptionalLiveReloadServer(startServer:58) - LiveReload server is running on port 35729
2022-09-30 12:59:25,577 [restartedMain] INFO  org.springframework.boot.web.embedded.tomcat.TomcatWebServer(start:220) - Tomcat started on port(s): 8080 (http) with context path ''
2022-09-30 12:59:25,580 [restartedMain] INFO  org.springframework.boot.devtools.autoconfigure.ConditionEvaluationDeltaLoggingListener(onApplicationEvent:63) - Condition evaluation unchanged
