2022-10-04 09:23:08,254 [restartedMain] INFO  org.springframework.boot.devtools.restart.ChangeableUrls(logTo:255) - The Class-Path manifest attribute in C:\Users\LAB_01\.gradle\caches\modules-2\files-2.1\com.oracle.database.nls\orai18n\21.5.0.0\a073ce669c94e444c45036c0e528eb03fb30a46e\orai18n-21.5.0.0.jar referenced one or more files that do not exist: file:/C:/Users/LAB_01/.gradle/caches/modules-2/files-2.1/com.oracle.database.nls/orai18n/21.5.0.0/a073ce669c94e444c45036c0e528eb03fb30a46e/orai18n-mapping.jar,file:/C:/Users/LAB_01/.gradle/caches/modules-2/files-2.1/com.oracle.database.nls/orai18n/21.5.0.0/a073ce669c94e444c45036c0e528eb03fb30a46e/orai18n-utility.jar,file:/C:/Users/LAB_01/.gradle/caches/modules-2/files-2.1/com.oracle.database.nls/orai18n/21.5.0.0/a073ce669c94e444c45036c0e528eb03fb30a46e/orai18n-collation.jar,file:/C:/Users/LAB_01/.gradle/caches/modules-2/files-2.1/com.oracle.database.nls/orai18n/21.5.0.0/a073ce669c94e444c45036c0e528eb03fb30a46e/orai18n-translation.jar,file:/C:/Users/LAB_01/.gradle/caches/modules-2/files-2.1/com.oracle.database.nls/orai18n/21.5.0.0/a073ce669c94e444c45036c0e528eb03fb30a46e/orai18n-net.jar,file:/C:/Users/LAB_01/.gradle/caches/modules-2/files-2.1/com.oracle.database.nls/orai18n/21.5.0.0/a073ce669c94e444c45036c0e528eb03fb30a46e/orai18n-servlet.jar,file:/C:/Users/LAB_01/.gradle/caches/modules-2/files-2.1/com.oracle.database.nls/orai18n/21.5.0.0/a073ce669c94e444c45036c0e528eb03fb30a46e/orai18n-lcsd.jar,file:/C:/Users/LAB_01/.gradle/caches/modules-2/files-2.1/com.oracle.database.nls/orai18n/21.5.0.0/a073ce669c94e444c45036c0e528eb03fb30a46e/orai18n-tools.jar,file:/C:/Users/LAB_01/.gradle/caches/modules-2/files-2.1/com.oracle.database.nls/orai18n/21.5.0.0/a073ce669c94e444c45036c0e528eb03fb30a46e/gdk_custom.jar
2022-10-04 09:23:08,259 [restartedMain] INFO  org.springframework.boot.devtools.restart.ChangeableUrls(logTo:255) - The Class-Path manifest attribute in C:\Users\LAB_01\.gradle\caches\modules-2\files-2.1\com.oracle.database.jdbc\ojdbc8\21.5.0.0\eb13f0948ca8675f71d59b5e8a1129d4c6189e7a\ojdbc8-21.5.0.0.jar referenced one or more files that do not exist: file:/C:/Users/LAB_01/.gradle/caches/modules-2/files-2.1/com.oracle.database.jdbc/ojdbc8/21.5.0.0/eb13f0948ca8675f71d59b5e8a1129d4c6189e7a/oraclepki.jar
2022-10-04 09:23:08,259 [restartedMain] INFO  org.springframework.boot.devtools.env.DevToolsPropertyDefaultsPostProcessor(logTo:255) - Devtools property defaults active! Set 'spring.devtools.add-properties' to 'false' to disable
2022-10-04 09:23:08,259 [restartedMain] INFO  org.springframework.boot.devtools.env.DevToolsPropertyDefaultsPostProcessor(logTo:255) - For additional web related logging consider setting the 'logging.level.web' property to 'DEBUG'
2022-10-04 09:23:10,151 [restartedMain] INFO  org.springframework.boot.web.embedded.tomcat.TomcatWebServer(initialize:108) - Tomcat initialized with port(s): 9090 (http)
2022-10-04 09:23:10,246 [restartedMain] INFO  org.springframework.boot.web.servlet.context.ServletWebServerApplicationContext(prepareWebApplicationContext:292) - Root WebApplicationContext: initialization completed in 1986 ms
2022-10-04 09:23:10,905 [restartedMain] INFO  org.springframework.boot.autoconfigure.web.servlet.WelcomePageHandlerMapping(<init>:57) - Adding welcome page template: index
2022-10-04 09:23:11,134 [restartedMain] WARN  org.springframework.boot.autoconfigure.security.servlet.UserDetailsServiceAutoConfiguration(getOrDeducePassword:88) - 

Using generated security password: bfe434a7-224e-478a-a0ba-ab227da222ee

This generated password is for development use only. Your security configuration must be updated before running your application in production.

2022-10-04 09:23:11,242 [restartedMain] INFO  org.springframework.security.web.DefaultSecurityFilterChain(<init>:55) - Will secure any request with [org.springframework.security.web.session.DisableEncodeUrlFilter@a5d56ba, org.springframework.security.web.context.request.async.WebAsyncManagerIntegrationFilter@2c4f4549, org.springframework.security.web.context.SecurityContextPersistenceFilter@24c00380, org.springframework.security.web.header.HeaderWriterFilter@69926c02, org.springframework.security.web.csrf.CsrfFilter@4abdd023, org.springframework.security.web.authentication.logout.LogoutFilter@415ff0bf, org.springframework.security.web.authentication.UsernamePasswordAuthenticationFilter@7b77a5b7, org.springframework.security.web.authentication.ui.DefaultLoginPageGeneratingFilter@3a39c89d, org.springframework.security.web.authentication.ui.DefaultLogoutPageGeneratingFilter@61b43fdf, org.springframework.security.web.authentication.www.BasicAuthenticationFilter@3f328262, org.springframework.security.web.savedrequest.RequestCacheAwareFilter@2c0b8140, org.springframework.security.web.servletapi.SecurityContextHolderAwareRequestFilter@12109a16, org.springframework.security.web.authentication.AnonymousAuthenticationFilter@528aa987, org.springframework.security.web.session.SessionManagementFilter@2e4a379f, org.springframework.security.web.access.ExceptionTranslationFilter@991e0dd, org.springframework.security.web.access.intercept.FilterSecurityInterceptor@5a891b87]
2022-10-04 09:23:11,350 [restartedMain] INFO  org.springframework.boot.devtools.autoconfigure.OptionalLiveReloadServer(startServer:58) - LiveReload server is running on port 35729
2022-10-04 09:23:11,394 [restartedMain] INFO  org.springframework.boot.web.embedded.tomcat.TomcatWebServer(start:220) - Tomcat started on port(s): 9090 (http) with context path ''
2022-10-04 09:23:12,115 [http-nio-9090-exec-1] INFO  org.springframework.web.servlet.DispatcherServlet(initServletBean:525) - Initializing Servlet 'dispatcherServlet'
2022-10-04 09:23:12,117 [http-nio-9090-exec-1] INFO  org.springframework.web.servlet.DispatcherServlet(initServletBean:547) - Completed initialization in 2 ms
2022-10-04 09:29:37,173 [SpringApplicationShutdownHook] INFO  org.springframework.boot.web.embedded.tomcat.GracefulShutdown(shutDownGracefully:53) - Commencing graceful shutdown. Waiting for active requests to complete
2022-10-04 09:29:38,099 [tomcat-shutdown] INFO  org.springframework.boot.web.embedded.tomcat.GracefulShutdown(doShutdown:78) - Graceful shutdown complete
2022-10-04 09:29:46,833 [restartedMain] INFO  org.springframework.boot.devtools.restart.ChangeableUrls(logTo:255) - The Class-Path manifest attribute in C:\Users\LAB_01\.gradle\caches\modules-2\files-2.1\com.oracle.database.nls\orai18n\21.5.0.0\a073ce669c94e444c45036c0e528eb03fb30a46e\orai18n-21.5.0.0.jar referenced one or more files that do not exist: file:/C:/Users/LAB_01/.gradle/caches/modules-2/files-2.1/com.oracle.database.nls/orai18n/21.5.0.0/a073ce669c94e444c45036c0e528eb03fb30a46e/orai18n-mapping.jar,file:/C:/Users/LAB_01/.gradle/caches/modules-2/files-2.1/com.oracle.database.nls/orai18n/21.5.0.0/a073ce669c94e444c45036c0e528eb03fb30a46e/orai18n-utility.jar,file:/C:/Users/LAB_01/.gradle/caches/modules-2/files-2.1/com.oracle.database.nls/orai18n/21.5.0.0/a073ce669c94e444c45036c0e528eb03fb30a46e/orai18n-collation.jar,file:/C:/Users/LAB_01/.gradle/caches/modules-2/files-2.1/com.oracle.database.nls/orai18n/21.5.0.0/a073ce669c94e444c45036c0e528eb03fb30a46e/orai18n-translation.jar,file:/C:/Users/LAB_01/.gradle/caches/modules-2/files-2.1/com.oracle.database.nls/orai18n/21.5.0.0/a073ce669c94e444c45036c0e528eb03fb30a46e/orai18n-net.jar,file:/C:/Users/LAB_01/.gradle/caches/modules-2/files-2.1/com.oracle.database.nls/orai18n/21.5.0.0/a073ce669c94e444c45036c0e528eb03fb30a46e/orai18n-servlet.jar,file:/C:/Users/LAB_01/.gradle/caches/modules-2/files-2.1/com.oracle.database.nls/orai18n/21.5.0.0/a073ce669c94e444c45036c0e528eb03fb30a46e/orai18n-lcsd.jar,file:/C:/Users/LAB_01/.gradle/caches/modules-2/files-2.1/com.oracle.database.nls/orai18n/21.5.0.0/a073ce669c94e444c45036c0e528eb03fb30a46e/orai18n-tools.jar,file:/C:/Users/LAB_01/.gradle/caches/modules-2/files-2.1/com.oracle.database.nls/orai18n/21.5.0.0/a073ce669c94e444c45036c0e528eb03fb30a46e/gdk_custom.jar
2022-10-04 09:29:46,834 [restartedMain] INFO  org.springframework.boot.devtools.restart.ChangeableUrls(logTo:255) - The Class-Path manifest attribute in C:\Users\LAB_01\.gradle\caches\modules-2\files-2.1\com.oracle.database.jdbc\ojdbc8\21.5.0.0\eb13f0948ca8675f71d59b5e8a1129d4c6189e7a\ojdbc8-21.5.0.0.jar referenced one or more files that do not exist: file:/C:/Users/LAB_01/.gradle/caches/modules-2/files-2.1/com.oracle.database.jdbc/ojdbc8/21.5.0.0/eb13f0948ca8675f71d59b5e8a1129d4c6189e7a/oraclepki.jar
2022-10-04 09:29:46,834 [restartedMain] INFO  org.springframework.boot.devtools.env.DevToolsPropertyDefaultsPostProcessor(logTo:255) - Devtools property defaults active! Set 'spring.devtools.add-properties' to 'false' to disable
2022-10-04 09:29:46,835 [restartedMain] INFO  org.springframework.boot.devtools.env.DevToolsPropertyDefaultsPostProcessor(logTo:255) - For additional web related logging consider setting the 'logging.level.web' property to 'DEBUG'
2022-10-04 09:29:48,051 [restartedMain] INFO  org.springframework.boot.web.embedded.tomcat.TomcatWebServer(initialize:108) - Tomcat initialized with port(s): 9090 (http)
2022-10-04 09:29:48,159 [restartedMain] INFO  org.springframework.boot.web.servlet.context.ServletWebServerApplicationContext(prepareWebApplicationContext:292) - Root WebApplicationContext: initialization completed in 1324 ms
2022-10-04 09:29:48,667 [restartedMain] WARN  org.springframework.boot.autoconfigure.security.servlet.UserDetailsServiceAutoConfiguration(getOrDeducePassword:88) - 

Using generated security password: faa7fe7e-f849-40f4-82cb-2bfadd0e64ed

This generated password is for development use only. Your security configuration must be updated before running your application in production.

2022-10-04 09:29:48,788 [restartedMain] INFO  org.springframework.boot.autoconfigure.web.servlet.WelcomePageHandlerMapping(<init>:57) - Adding welcome page template: index
2022-10-04 09:29:48,942 [restartedMain] INFO  org.springframework.security.web.DefaultSecurityFilterChain(<init>:55) - Will secure any request with [org.springframework.security.web.session.DisableEncodeUrlFilter@34d8e344, org.springframework.security.web.context.request.async.WebAsyncManagerIntegrationFilter@2864c8ee, org.springframework.security.web.context.SecurityContextPersistenceFilter@5af80efb, org.springframework.security.web.header.HeaderWriterFilter@52249521, org.springframework.web.filter.CorsFilter@597d13bf, org.springframework.security.web.authentication.logout.LogoutFilter@6024e52d, org.springframework.security.web.authentication.UsernamePasswordAuthenticationFilter@7e294f8b, org.springframework.security.web.session.ConcurrentSessionFilter@6357912c, org.springframework.security.web.savedrequest.RequestCacheAwareFilter@c38deda, org.springframework.security.web.servletapi.SecurityContextHolderAwareRequestFilter@3812188c, org.springframework.security.web.authentication.AnonymousAuthenticationFilter@26977de2, org.springframework.security.web.session.SessionManagementFilter@6329633a, org.springframework.security.web.access.ExceptionTranslationFilter@3caefd23, org.springframework.security.web.access.intercept.FilterSecurityInterceptor@bc3b4a]
2022-10-04 09:29:49,184 [restartedMain] INFO  org.springframework.boot.devtools.autoconfigure.OptionalLiveReloadServer(startServer:58) - LiveReload server is running on port 35729
2022-10-04 09:29:49,220 [restartedMain] INFO  org.springframework.boot.web.embedded.tomcat.TomcatWebServer(start:220) - Tomcat started on port(s): 9090 (http) with context path ''
2022-10-04 09:29:51,282 [http-nio-9090-exec-1] INFO  org.springframework.web.servlet.DispatcherServlet(initServletBean:525) - Initializing Servlet 'dispatcherServlet'
2022-10-04 09:29:51,284 [http-nio-9090-exec-1] INFO  org.springframework.web.servlet.DispatcherServlet(initServletBean:547) - Completed initialization in 2 ms
2022-10-04 09:29:51,866 [Thread-7] INFO  org.springframework.boot.web.embedded.tomcat.GracefulShutdown(shutDownGracefully:53) - Commencing graceful shutdown. Waiting for active requests to complete
2022-10-04 09:29:53,668 [tomcat-shutdown] INFO  org.springframework.boot.web.embedded.tomcat.GracefulShutdown(doShutdown:78) - Graceful shutdown complete
2022-10-04 09:29:54,368 [restartedMain] INFO  org.springframework.boot.web.embedded.tomcat.TomcatWebServer(initialize:108) - Tomcat initialized with port(s): 9090 (http)
2022-10-04 09:29:54,386 [restartedMain] INFO  org.springframework.boot.web.servlet.context.ServletWebServerApplicationContext(prepareWebApplicationContext:292) - Root WebApplicationContext: initialization completed in 527 ms
2022-10-04 09:29:54,495 [restartedMain] WARN  org.springframework.boot.autoconfigure.security.servlet.UserDetailsServiceAutoConfiguration(getOrDeducePassword:88) - 

Using generated security password: 062328af-b33a-4978-955c-695f6b89abad

This generated password is for development use only. Your security configuration must be updated before running your application in production.

2022-10-04 09:29:54,516 [restartedMain] INFO  org.springframework.boot.autoconfigure.web.servlet.WelcomePageHandlerMapping(<init>:57) - Adding welcome page template: index
2022-10-04 09:29:54,554 [restartedMain] INFO  org.springframework.security.web.DefaultSecurityFilterChain(<init>:55) - Will secure any request with [org.springframework.security.web.session.DisableEncodeUrlFilter@2b9d6e7, org.springframework.security.web.context.request.async.WebAsyncManagerIntegrationFilter@4e3ef1c8, org.springframework.security.web.context.SecurityContextPersistenceFilter@e27f41a, org.springframework.security.web.header.HeaderWriterFilter@9fce529, org.springframework.web.filter.CorsFilter@4b90162b, org.springframework.security.web.authentication.logout.LogoutFilter@59b15f27, org.springframework.security.web.authentication.UsernamePasswordAuthenticationFilter@58df226c, org.springframework.security.web.session.ConcurrentSessionFilter@f9c7724, org.springframework.security.web.savedrequest.RequestCacheAwareFilter@601c9d5a, org.springframework.security.web.servletapi.SecurityContextHolderAwareRequestFilter@4ce83e3, org.springframework.security.web.authentication.AnonymousAuthenticationFilter@6afd8177, org.springframework.security.web.session.SessionManagementFilter@5616541e, org.springframework.security.web.access.ExceptionTranslationFilter@69bd00e5, org.springframework.security.web.access.intercept.FilterSecurityInterceptor@340dd71]
2022-10-04 09:29:54,593 [restartedMain] INFO  org.springframework.boot.devtools.autoconfigure.OptionalLiveReloadServer(startServer:58) - LiveReload server is running on port 35729
2022-10-04 09:29:54,603 [restartedMain] INFO  org.springframework.boot.web.embedded.tomcat.TomcatWebServer(start:220) - Tomcat started on port(s): 9090 (http) with context path ''
2022-10-04 09:29:54,608 [restartedMain] INFO  org.springframework.boot.devtools.autoconfigure.ConditionEvaluationDeltaLoggingListener(onApplicationEvent:63) - Condition evaluation unchanged
2022-10-04 09:29:56,144 [Thread-10] INFO  org.springframework.boot.web.embedded.tomcat.GracefulShutdown(shutDownGracefully:53) - Commencing graceful shutdown. Waiting for active requests to complete
2022-10-04 09:29:57,054 [tomcat-shutdown] INFO  org.springframework.boot.web.embedded.tomcat.GracefulShutdown(doShutdown:78) - Graceful shutdown complete
2022-10-04 09:29:57,427 [restartedMain] INFO  org.springframework.boot.web.embedded.tomcat.TomcatWebServer(initialize:108) - Tomcat initialized with port(s): 9090 (http)
2022-10-04 09:29:57,444 [restartedMain] INFO  org.springframework.boot.web.servlet.context.ServletWebServerApplicationContext(prepareWebApplicationContext:292) - Root WebApplicationContext: initialization completed in 256 ms
2022-10-04 09:29:57,527 [restartedMain] WARN  org.springframework.boot.autoconfigure.security.servlet.UserDetailsServiceAutoConfiguration(getOrDeducePassword:88) - 

Using generated security password: c37119c8-707d-4e26-8b5b-e4235feefc8d

This generated password is for development use only. Your security configuration must be updated before running your application in production.

2022-10-04 09:29:57,540 [restartedMain] INFO  org.springframework.boot.autoconfigure.web.servlet.WelcomePageHandlerMapping(<init>:57) - Adding welcome page template: index
2022-10-04 09:29:57,571 [restartedMain] INFO  org.springframework.security.web.DefaultSecurityFilterChain(<init>:55) - Will secure any request with [org.springframework.security.web.session.DisableEncodeUrlFilter@5a89e91, org.springframework.security.web.context.request.async.WebAsyncManagerIntegrationFilter@4e48405c, org.springframework.security.web.context.SecurityContextPersistenceFilter@7f091192, org.springframework.security.web.header.HeaderWriterFilter@18420232, org.springframework.web.filter.CorsFilter@384918c, org.springframework.security.web.authentication.logout.LogoutFilter@396b079, org.springframework.security.web.authentication.UsernamePasswordAuthenticationFilter@7ab3b061, org.springframework.security.web.session.ConcurrentSessionFilter@d21f035, org.springframework.security.web.savedrequest.RequestCacheAwareFilter@7752dfd3, org.springframework.security.web.servletapi.SecurityContextHolderAwareRequestFilter@36864c53, org.springframework.security.web.authentication.AnonymousAuthenticationFilter@64530925, org.springframework.security.web.session.SessionManagementFilter@55d298e2, org.springframework.security.web.access.ExceptionTranslationFilter@9cf72b9, org.springframework.security.web.access.intercept.FilterSecurityInterceptor@13cbc950]
2022-10-04 09:29:57,605 [restartedMain] INFO  org.springframework.boot.devtools.autoconfigure.OptionalLiveReloadServer(startServer:58) - LiveReload server is running on port 35729
2022-10-04 09:29:57,614 [restartedMain] INFO  org.springframework.boot.web.embedded.tomcat.TomcatWebServer(start:220) - Tomcat started on port(s): 9090 (http) with context path ''
2022-10-04 09:29:57,618 [restartedMain] INFO  org.springframework.boot.devtools.autoconfigure.ConditionEvaluationDeltaLoggingListener(onApplicationEvent:63) - Condition evaluation unchanged
2022-10-04 09:30:54,294 [Thread-17] INFO  org.springframework.boot.web.embedded.tomcat.GracefulShutdown(shutDownGracefully:53) - Commencing graceful shutdown. Waiting for active requests to complete
2022-10-04 09:30:55,348 [tomcat-shutdown] INFO  org.springframework.boot.web.embedded.tomcat.GracefulShutdown(doShutdown:78) - Graceful shutdown complete
2022-10-04 09:30:55,735 [restartedMain] INFO  org.springframework.boot.web.embedded.tomcat.TomcatWebServer(initialize:108) - Tomcat initialized with port(s): 9090 (http)
2022-10-04 09:30:55,752 [restartedMain] INFO  org.springframework.boot.web.servlet.context.ServletWebServerApplicationContext(prepareWebApplicationContext:292) - Root WebApplicationContext: initialization completed in 275 ms
2022-10-04 09:30:55,838 [restartedMain] WARN  org.springframework.boot.autoconfigure.security.servlet.UserDetailsServiceAutoConfiguration(getOrDeducePassword:88) - 

Using generated security password: 0cefe63b-028b-487f-88c4-c430b3d8d180

This generated password is for development use only. Your security configuration must be updated before running your application in production.

2022-10-04 09:30:55,852 [restartedMain] INFO  org.springframework.boot.autoconfigure.web.servlet.WelcomePageHandlerMapping(<init>:57) - Adding welcome page template: index
2022-10-04 09:30:55,884 [restartedMain] INFO  org.springframework.security.web.DefaultSecurityFilterChain(<init>:55) - Will secure any request with [org.springframework.security.web.session.DisableEncodeUrlFilter@46fbe020, org.springframework.security.web.context.request.async.WebAsyncManagerIntegrationFilter@6600ae42, org.springframework.security.web.context.SecurityContextPersistenceFilter@5b54aa03, org.springframework.security.web.header.HeaderWriterFilter@67445387, org.springframework.web.filter.CorsFilter@1e417353, org.springframework.security.web.authentication.logout.LogoutFilter@19b47144, org.springframework.security.web.authentication.UsernamePasswordAuthenticationFilter@2e917871, org.springframework.security.web.session.ConcurrentSessionFilter@601fbe3c, org.springframework.security.web.savedrequest.RequestCacheAwareFilter@1e490285, org.springframework.security.web.servletapi.SecurityContextHolderAwareRequestFilter@7abd6439, org.springframework.security.web.authentication.AnonymousAuthenticationFilter@3bb6d21a, org.springframework.security.web.session.SessionManagementFilter@27b87500, org.springframework.security.web.access.ExceptionTranslationFilter@9b648d4, org.springframework.security.web.access.intercept.FilterSecurityInterceptor@39382039]
2022-10-04 09:30:55,918 [restartedMain] INFO  org.springframework.boot.devtools.autoconfigure.OptionalLiveReloadServer(startServer:58) - LiveReload server is running on port 35729
2022-10-04 09:30:55,926 [restartedMain] INFO  org.springframework.boot.web.embedded.tomcat.TomcatWebServer(start:220) - Tomcat started on port(s): 9090 (http) with context path ''
2022-10-04 09:30:55,930 [restartedMain] INFO  org.springframework.boot.devtools.autoconfigure.ConditionEvaluationDeltaLoggingListener(onApplicationEvent:63) - Condition evaluation unchanged
2022-10-04 09:30:57,434 [Thread-21] INFO  org.springframework.boot.web.embedded.tomcat.GracefulShutdown(shutDownGracefully:53) - Commencing graceful shutdown. Waiting for active requests to complete
2022-10-04 09:30:58,592 [tomcat-shutdown] INFO  org.springframework.boot.web.embedded.tomcat.GracefulShutdown(doShutdown:78) - Graceful shutdown complete
2022-10-04 09:30:58,970 [restartedMain] INFO  org.springframework.boot.web.embedded.tomcat.TomcatWebServer(initialize:108) - Tomcat initialized with port(s): 9090 (http)
2022-10-04 09:30:58,988 [restartedMain] INFO  org.springframework.boot.web.servlet.context.ServletWebServerApplicationContext(prepareWebApplicationContext:292) - Root WebApplicationContext: initialization completed in 273 ms
2022-10-04 09:30:59,071 [restartedMain] WARN  org.springframework.boot.autoconfigure.security.servlet.UserDetailsServiceAutoConfiguration(getOrDeducePassword:88) - 

Using generated security password: 2354a146-2cb6-42ff-aa9b-ab13fa1a473b

This generated password is for development use only. Your security configuration must be updated before running your application in production.

2022-10-04 09:30:59,087 [restartedMain] INFO  org.springframework.boot.autoconfigure.web.servlet.WelcomePageHandlerMapping(<init>:57) - Adding welcome page template: index
2022-10-04 09:30:59,124 [restartedMain] INFO  org.springframework.security.web.DefaultSecurityFilterChain(<init>:55) - Will secure any request with [org.springframework.security.web.session.DisableEncodeUrlFilter@7a2fb1d8, org.springframework.security.web.context.request.async.WebAsyncManagerIntegrationFilter@238e137d, org.springframework.security.web.context.SecurityContextPersistenceFilter@238d9028, org.springframework.security.web.header.HeaderWriterFilter@5c7bb86a, org.springframework.web.filter.CorsFilter@7efed852, org.springframework.security.web.authentication.logout.LogoutFilter@245ad96d, org.springframework.security.web.authentication.UsernamePasswordAuthenticationFilter@33fec809, org.springframework.security.web.session.ConcurrentSessionFilter@fb8e2d2, org.springframework.security.web.savedrequest.RequestCacheAwareFilter@22b4d4db, org.springframework.security.web.servletapi.SecurityContextHolderAwareRequestFilter@23ffc039, org.springframework.security.web.authentication.AnonymousAuthenticationFilter@3b05f904, org.springframework.security.web.session.SessionManagementFilter@681d2aee, org.springframework.security.web.access.ExceptionTranslationFilter@5a0ed2e7, org.springframework.security.web.access.intercept.FilterSecurityInterceptor@39bc823c]
2022-10-04 09:30:59,162 [restartedMain] INFO  org.springframework.boot.devtools.autoconfigure.OptionalLiveReloadServer(startServer:58) - LiveReload server is running on port 35729
2022-10-04 09:30:59,172 [restartedMain] INFO  org.springframework.boot.web.embedded.tomcat.TomcatWebServer(start:220) - Tomcat started on port(s): 9090 (http) with context path ''
2022-10-04 09:30:59,177 [restartedMain] INFO  org.springframework.boot.devtools.autoconfigure.ConditionEvaluationDeltaLoggingListener(onApplicationEvent:63) - Condition evaluation unchanged
2022-10-04 09:32:46,968 [Thread-25] INFO  org.springframework.boot.web.embedded.tomcat.GracefulShutdown(shutDownGracefully:53) - Commencing graceful shutdown. Waiting for active requests to complete
2022-10-04 09:32:47,995 [tomcat-shutdown] INFO  org.springframework.boot.web.embedded.tomcat.GracefulShutdown(doShutdown:78) - Graceful shutdown complete
2022-10-04 09:32:48,480 [restartedMain] INFO  org.springframework.boot.web.embedded.tomcat.TomcatWebServer(initialize:108) - Tomcat initialized with port(s): 9090 (http)
2022-10-04 09:32:48,497 [restartedMain] INFO  org.springframework.boot.web.servlet.context.ServletWebServerApplicationContext(prepareWebApplicationContext:292) - Root WebApplicationContext: initialization completed in 370 ms
2022-10-04 09:32:48,571 [restartedMain] WARN  org.springframework.boot.autoconfigure.security.servlet.UserDetailsServiceAutoConfiguration(getOrDeducePassword:88) - 

Using generated security password: 7935898f-dae3-4b30-a4c4-f6840440057d

This generated password is for development use only. Your security configuration must be updated before running your application in production.

2022-10-04 09:32:48,585 [restartedMain] INFO  org.springframework.boot.autoconfigure.web.servlet.WelcomePageHandlerMapping(<init>:57) - Adding welcome page template: index
2022-10-04 09:32:48,620 [restartedMain] INFO  org.springframework.security.web.DefaultSecurityFilterChain(<init>:55) - Will secure any request with [org.springframework.security.web.session.DisableEncodeUrlFilter@57e5f70f, org.springframework.security.web.context.request.async.WebAsyncManagerIntegrationFilter@4fccddc7, org.springframework.security.web.context.SecurityContextPersistenceFilter@7ee23d73, org.springframework.security.web.header.HeaderWriterFilter@68805f6c, org.springframework.web.filter.CorsFilter@74f61a00, org.springframework.security.web.authentication.logout.LogoutFilter@5b625a20, org.springframework.security.web.authentication.UsernamePasswordAuthenticationFilter@5ddcc61e, org.springframework.security.web.session.ConcurrentSessionFilter@1ddf9f5c, org.springframework.security.web.savedrequest.RequestCacheAwareFilter@147366fc, org.springframework.security.web.servletapi.SecurityContextHolderAwareRequestFilter@55c0a0fd, org.springframework.security.web.authentication.AnonymousAuthenticationFilter@4f21deb6, org.springframework.security.web.session.SessionManagementFilter@5a837e39, org.springframework.security.web.access.ExceptionTranslationFilter@4ae5377b, org.springframework.security.web.access.intercept.FilterSecurityInterceptor@4dbed7e1]
2022-10-04 09:32:48,663 [restartedMain] INFO  org.springframework.boot.devtools.autoconfigure.OptionalLiveReloadServer(startServer:58) - LiveReload server is running on port 35729
2022-10-04 09:32:48,675 [restartedMain] INFO  org.springframework.boot.web.embedded.tomcat.TomcatWebServer(start:220) - Tomcat started on port(s): 9090 (http) with context path ''
2022-10-04 09:32:48,680 [restartedMain] INFO  org.springframework.boot.devtools.autoconfigure.ConditionEvaluationDeltaLoggingListener(onApplicationEvent:63) - Condition evaluation unchanged
2022-10-04 09:32:50,176 [Thread-29] INFO  org.springframework.boot.web.embedded.tomcat.GracefulShutdown(shutDownGracefully:53) - Commencing graceful shutdown. Waiting for active requests to complete
2022-10-04 09:32:51,062 [tomcat-shutdown] INFO  org.springframework.boot.web.embedded.tomcat.GracefulShutdown(doShutdown:78) - Graceful shutdown complete
2022-10-04 09:32:51,392 [restartedMain] INFO  org.springframework.boot.web.embedded.tomcat.TomcatWebServer(initialize:108) - Tomcat initialized with port(s): 9090 (http)
2022-10-04 09:32:51,407 [restartedMain] INFO  org.springframework.boot.web.servlet.context.ServletWebServerApplicationContext(prepareWebApplicationContext:292) - Root WebApplicationContext: initialization completed in 232 ms
2022-10-04 09:32:51,471 [restartedMain] WARN  org.springframework.boot.autoconfigure.security.servlet.UserDetailsServiceAutoConfiguration(getOrDeducePassword:88) - 

Using generated security password: 005ed9ae-d7ca-4fed-a20a-e84f94bd69b1

This generated password is for development use only. Your security configuration must be updated before running your application in production.

2022-10-04 09:32:51,482 [restartedMain] INFO  org.springframework.boot.autoconfigure.web.servlet.WelcomePageHandlerMapping(<init>:57) - Adding welcome page template: index
2022-10-04 09:32:51,506 [restartedMain] INFO  org.springframework.security.web.DefaultSecurityFilterChain(<init>:55) - Will secure any request with [org.springframework.security.web.session.DisableEncodeUrlFilter@5ea4b2ff, org.springframework.security.web.context.request.async.WebAsyncManagerIntegrationFilter@6b3acccd, org.springframework.security.web.context.SecurityContextPersistenceFilter@2024083a, org.springframework.security.web.header.HeaderWriterFilter@203f12a4, org.springframework.web.filter.CorsFilter@4692759, org.springframework.security.web.authentication.logout.LogoutFilter@189b08d7, org.springframework.security.web.authentication.UsernamePasswordAuthenticationFilter@bf8554b, org.springframework.security.web.session.ConcurrentSessionFilter@3076263d, org.springframework.security.web.savedrequest.RequestCacheAwareFilter@78d684a8, org.springframework.security.web.servletapi.SecurityContextHolderAwareRequestFilter@19b82cfe, org.springframework.security.web.authentication.AnonymousAuthenticationFilter@4df27892, org.springframework.security.web.session.SessionManagementFilter@54c9874, org.springframework.security.web.access.ExceptionTranslationFilter@3f55f2e3, org.springframework.security.web.access.intercept.FilterSecurityInterceptor@23a982b9]
2022-10-04 09:32:51,535 [restartedMain] INFO  org.springframework.boot.devtools.autoconfigure.OptionalLiveReloadServer(startServer:58) - LiveReload server is running on port 35729
2022-10-04 09:32:51,543 [restartedMain] INFO  org.springframework.boot.web.embedded.tomcat.TomcatWebServer(start:220) - Tomcat started on port(s): 9090 (http) with context path ''
2022-10-04 09:32:51,547 [restartedMain] INFO  org.springframework.boot.devtools.autoconfigure.ConditionEvaluationDeltaLoggingListener(onApplicationEvent:63) - Condition evaluation unchanged
2022-10-04 09:35:26,178 [Thread-33] INFO  org.springframework.boot.web.embedded.tomcat.GracefulShutdown(shutDownGracefully:53) - Commencing graceful shutdown. Waiting for active requests to complete
2022-10-04 09:35:27,286 [tomcat-shutdown] INFO  org.springframework.boot.web.embedded.tomcat.GracefulShutdown(doShutdown:78) - Graceful shutdown complete
2022-10-04 09:35:27,650 [restartedMain] INFO  org.springframework.boot.web.embedded.tomcat.TomcatWebServer(initialize:108) - Tomcat initialized with port(s): 9090 (http)
2022-10-04 09:35:27,665 [restartedMain] INFO  org.springframework.boot.web.servlet.context.ServletWebServerApplicationContext(prepareWebApplicationContext:292) - Root WebApplicationContext: initialization completed in 243 ms
2022-10-04 09:35:27,679 [restartedMain] WARN  org.springframework.boot.web.servlet.context.AnnotationConfigServletWebServerApplicationContext(refresh:591) - Exception encountered during context initialization - cancelling refresh attempt: org.springframework.beans.factory.BeanCreationException: Error creating bean with name 'adminController': Resolution of declared constructors on bean Class [com.changbi.magazineadmin.controller.admin.AdminController] from ClassLoader [org.springframework.boot.devtools.restart.classloader.RestartClassLoader@30935dec] failed; nested exception is java.lang.NoClassDefFoundError: com/changbi/magazineadmin/service/AdminService
2022-10-04 09:35:27,686 [restartedMain] INFO  org.springframework.boot.autoconfigure.logging.ConditionEvaluationReportLoggingListener(logMessage:136) - 

Error starting ApplicationContext. To display the conditions report re-run your application with 'debug' enabled.
2022-10-04 09:35:27,709 [restartedMain] ERROR org.springframework.boot.SpringApplication(reportFailure:824) - Application run failed
org.springframework.beans.factory.BeanCreationException: Error creating bean with name 'adminController': Resolution of declared constructors on bean Class [com.changbi.magazineadmin.controller.admin.AdminController] from ClassLoader [org.springframework.boot.devtools.restart.classloader.RestartClassLoader@30935dec] failed; nested exception is java.lang.NoClassDefFoundError: com/changbi/magazineadmin/service/AdminService
	at org.springframework.beans.factory.annotation.AutowiredAnnotationBeanPostProcessor.determineCandidateConstructors(AutowiredAnnotationBeanPostProcessor.java:309) ~[spring-beans-5.3.22.jar:5.3.22]
	at org.springframework.beans.factory.support.AbstractAutowireCapableBeanFactory.determineConstructorsFromBeanPostProcessors(AbstractAutowireCapableBeanFactory.java:1302) ~[spring-beans-5.3.22.jar:5.3.22]
	at org.springframework.beans.factory.support.AbstractAutowireCapableBeanFactory.createBeanInstance(AbstractAutowireCapableBeanFactory.java:1219) ~[spring-beans-5.3.22.jar:5.3.22]
	at org.springframework.beans.factory.support.AbstractAutowireCapableBeanFactory.doCreateBean(AbstractAutowireCapableBeanFactory.java:582) ~[spring-beans-5.3.22.jar:5.3.22]
	at org.springframework.beans.factory.support.AbstractAutowireCapableBeanFactory.createBean(AbstractAutowireCapableBeanFactory.java:542) ~[spring-beans-5.3.22.jar:5.3.22]
	at org.springframework.beans.factory.support.AbstractBeanFactory.lambda$doGetBean$0(AbstractBeanFactory.java:335) ~[spring-beans-5.3.22.jar:5.3.22]
	at org.springframework.beans.factory.support.DefaultSingletonBeanRegistry.getSingleton(DefaultSingletonBeanRegistry.java:234) ~[spring-beans-5.3.22.jar:5.3.22]
	at org.springframework.beans.factory.support.AbstractBeanFactory.doGetBean(AbstractBeanFactory.java:333) ~[spring-beans-5.3.22.jar:5.3.22]
	at org.springframework.beans.factory.support.AbstractBeanFactory.getBean(AbstractBeanFactory.java:208) ~[spring-beans-5.3.22.jar:5.3.22]
	at org.springframework.beans.factory.support.DefaultListableBeanFactory.preInstantiateSingletons(DefaultListableBeanFactory.java:955) ~[spring-beans-5.3.22.jar:5.3.22]
	at org.springframework.context.support.AbstractApplicationContext.finishBeanFactoryInitialization(AbstractApplicationContext.java:918) ~[spring-context-5.3.22.jar:5.3.22]
	at org.springframework.context.support.AbstractApplicationContext.refresh(AbstractApplicationContext.java:583) ~[spring-context-5.3.22.jar:5.3.22]
	at org.springframework.boot.web.servlet.context.ServletWebServerApplicationContext.refresh(ServletWebServerApplicationContext.java:147) ~[spring-boot-2.7.2.jar:2.7.2]
	at org.springframework.boot.SpringApplication.refresh(SpringApplication.java:734) ~[spring-boot-2.7.2.jar:2.7.2]
	at org.springframework.boot.SpringApplication.refreshContext(SpringApplication.java:408) ~[spring-boot-2.7.2.jar:2.7.2]
	at org.springframework.boot.SpringApplication.run(SpringApplication.java:308) ~[spring-boot-2.7.2.jar:2.7.2]
	at org.springframework.boot.SpringApplication.run(SpringApplication.java:1306) ~[spring-boot-2.7.2.jar:2.7.2]
	at org.springframework.boot.SpringApplication.run(SpringApplication.java:1295) ~[spring-boot-2.7.2.jar:2.7.2]
	at com.changbi.magazineadmin.Application.main(Application.java:10) ~[main/:?]
	at sun.reflect.NativeMethodAccessorImpl.invoke0(Native Method) ~[?:1.8.0_322]
	at sun.reflect.NativeMethodAccessorImpl.invoke(NativeMethodAccessorImpl.java:62) ~[?:1.8.0_322]
	at sun.reflect.DelegatingMethodAccessorImpl.invoke(DelegatingMethodAccessorImpl.java:43) ~[?:1.8.0_322]
	at java.lang.reflect.Method.invoke(Method.java:498) ~[?:1.8.0_322]
	at org.springframework.boot.devtools.restart.RestartLauncher.run(RestartLauncher.java:49) ~[spring-boot-devtools-2.7.2.jar:2.7.2]
Caused by: java.lang.NoClassDefFoundError: com/changbi/magazineadmin/service/AdminService
	at java.lang.Class.getDeclaredConstructors0(Native Method) ~[?:1.8.0_322]
	at java.lang.Class.privateGetDeclaredConstructors(Class.java:2699) ~[?:1.8.0_322]
	at java.lang.Class.getDeclaredConstructors(Class.java:2048) ~[?:1.8.0_322]
	at org.springframework.beans.factory.annotation.AutowiredAnnotationBeanPostProcessor.determineCandidateConstructors(AutowiredAnnotationBeanPostProcessor.java:304) ~[spring-beans-5.3.22.jar:5.3.22]
	... 23 more
Caused by: java.lang.ClassNotFoundException: com.changbi.magazineadmin.service.AdminService
	at java.net.URLClassLoader.findClass(URLClassLoader.java:387) ~[?:1.8.0_322]
	at java.lang.ClassLoader.loadClass(ClassLoader.java:418) ~[?:1.8.0_322]
	at sun.misc.Launcher$AppClassLoader.loadClass(Launcher.java:352) ~[?:1.8.0_322]
	at java.lang.ClassLoader.loadClass(ClassLoader.java:351) ~[?:1.8.0_322]
	at java.lang.Class.forName0(Native Method) ~[?:1.8.0_322]
	at java.lang.Class.forName(Class.java:348) ~[?:1.8.0_322]
	at org.springframework.boot.devtools.restart.classloader.RestartClassLoader.loadClass(RestartClassLoader.java:145) ~[spring-boot-devtools-2.7.2.jar:2.7.2]
	at java.lang.ClassLoader.loadClass(ClassLoader.java:351) ~[?:1.8.0_322]
	at java.lang.Class.getDeclaredConstructors0(Native Method) ~[?:1.8.0_322]
	at java.lang.Class.privateGetDeclaredConstructors(Class.java:2699) ~[?:1.8.0_322]
	at java.lang.Class.getDeclaredConstructors(Class.java:2048) ~[?:1.8.0_322]
	at org.springframework.beans.factory.annotation.AutowiredAnnotationBeanPostProcessor.determineCandidateConstructors(AutowiredAnnotationBeanPostProcessor.java:304) ~[spring-beans-5.3.22.jar:5.3.22]
	... 23 more
2022-10-04 09:38:52,326 [restartedMain] INFO  org.springframework.boot.devtools.restart.ChangeableUrls(logTo:255) - The Class-Path manifest attribute in C:\Users\LAB_01\.gradle\caches\modules-2\files-2.1\com.oracle.database.nls\orai18n\21.5.0.0\a073ce669c94e444c45036c0e528eb03fb30a46e\orai18n-21.5.0.0.jar referenced one or more files that do not exist: file:/C:/Users/LAB_01/.gradle/caches/modules-2/files-2.1/com.oracle.database.nls/orai18n/21.5.0.0/a073ce669c94e444c45036c0e528eb03fb30a46e/orai18n-mapping.jar,file:/C:/Users/LAB_01/.gradle/caches/modules-2/files-2.1/com.oracle.database.nls/orai18n/21.5.0.0/a073ce669c94e444c45036c0e528eb03fb30a46e/orai18n-utility.jar,file:/C:/Users/LAB_01/.gradle/caches/modules-2/files-2.1/com.oracle.database.nls/orai18n/21.5.0.0/a073ce669c94e444c45036c0e528eb03fb30a46e/orai18n-collation.jar,file:/C:/Users/LAB_01/.gradle/caches/modules-2/files-2.1/com.oracle.database.nls/orai18n/21.5.0.0/a073ce669c94e444c45036c0e528eb03fb30a46e/orai18n-translation.jar,file:/C:/Users/LAB_01/.gradle/caches/modules-2/files-2.1/com.oracle.database.nls/orai18n/21.5.0.0/a073ce669c94e444c45036c0e528eb03fb30a46e/orai18n-net.jar,file:/C:/Users/LAB_01/.gradle/caches/modules-2/files-2.1/com.oracle.database.nls/orai18n/21.5.0.0/a073ce669c94e444c45036c0e528eb03fb30a46e/orai18n-servlet.jar,file:/C:/Users/LAB_01/.gradle/caches/modules-2/files-2.1/com.oracle.database.nls/orai18n/21.5.0.0/a073ce669c94e444c45036c0e528eb03fb30a46e/orai18n-lcsd.jar,file:/C:/Users/LAB_01/.gradle/caches/modules-2/files-2.1/com.oracle.database.nls/orai18n/21.5.0.0/a073ce669c94e444c45036c0e528eb03fb30a46e/orai18n-tools.jar,file:/C:/Users/LAB_01/.gradle/caches/modules-2/files-2.1/com.oracle.database.nls/orai18n/21.5.0.0/a073ce669c94e444c45036c0e528eb03fb30a46e/gdk_custom.jar
2022-10-04 09:38:52,326 [restartedMain] INFO  org.springframework.boot.devtools.restart.ChangeableUrls(logTo:255) - The Class-Path manifest attribute in C:\Users\LAB_01\.gradle\caches\modules-2\files-2.1\com.oracle.database.jdbc\ojdbc8\21.5.0.0\eb13f0948ca8675f71d59b5e8a1129d4c6189e7a\ojdbc8-21.5.0.0.jar referenced one or more files that do not exist: file:/C:/Users/LAB_01/.gradle/caches/modules-2/files-2.1/com.oracle.database.jdbc/ojdbc8/21.5.0.0/eb13f0948ca8675f71d59b5e8a1129d4c6189e7a/oraclepki.jar
2022-10-04 09:38:52,327 [restartedMain] INFO  org.springframework.boot.devtools.env.DevToolsPropertyDefaultsPostProcessor(logTo:255) - Devtools property defaults active! Set 'spring.devtools.add-properties' to 'false' to disable
2022-10-04 09:38:52,327 [restartedMain] INFO  org.springframework.boot.devtools.env.DevToolsPropertyDefaultsPostProcessor(logTo:255) - For additional web related logging consider setting the 'logging.level.web' property to 'DEBUG'
2022-10-04 09:38:53,504 [restartedMain] INFO  org.springframework.boot.web.embedded.tomcat.TomcatWebServer(initialize:108) - Tomcat initialized with port(s): 9090 (http)
2022-10-04 09:38:53,581 [restartedMain] INFO  org.springframework.boot.web.servlet.context.ServletWebServerApplicationContext(prepareWebApplicationContext:292) - Root WebApplicationContext: initialization completed in 1252 ms
2022-10-04 09:38:54,029 [restartedMain] INFO  org.springframework.boot.autoconfigure.web.servlet.WelcomePageHandlerMapping(<init>:57) - Adding welcome page template: index
2022-10-04 09:38:54,151 [restartedMain] INFO  org.springframework.security.web.DefaultSecurityFilterChain(<init>:55) - Will secure any request with [org.springframework.security.web.session.DisableEncodeUrlFilter@4d5d60a0, org.springframework.security.web.context.request.async.WebAsyncManagerIntegrationFilter@3a6251b8, org.springframework.security.web.context.SecurityContextPersistenceFilter@3dc52bd8, org.springframework.security.web.header.HeaderWriterFilter@7e508d4e, org.springframework.web.filter.CorsFilter@e39f192, org.springframework.security.web.authentication.logout.LogoutFilter@46e896fb, org.springframework.security.web.authentication.UsernamePasswordAuthenticationFilter@769350eb, org.springframework.security.web.session.ConcurrentSessionFilter@7f2163d9, org.springframework.security.web.savedrequest.RequestCacheAwareFilter@15fabbcb, org.springframework.security.web.servletapi.SecurityContextHolderAwareRequestFilter@4488476d, org.springframework.security.web.authentication.AnonymousAuthenticationFilter@222b9f94, org.springframework.security.web.session.SessionManagementFilter@29744f6e, org.springframework.security.web.access.ExceptionTranslationFilter@18550852, org.springframework.security.web.access.intercept.FilterSecurityInterceptor@f23d3a8]
2022-10-04 09:38:54,354 [restartedMain] INFO  org.springframework.boot.devtools.autoconfigure.OptionalLiveReloadServer(startServer:58) - LiveReload server is running on port 35729
2022-10-04 09:38:54,381 [restartedMain] INFO  org.springframework.boot.web.embedded.tomcat.TomcatWebServer(start:220) - Tomcat started on port(s): 9090 (http) with context path ''
2022-10-04 09:38:55,465 [SpringApplicationShutdownHook] INFO  org.springframework.boot.web.embedded.tomcat.GracefulShutdown(shutDownGracefully:53) - Commencing graceful shutdown. Waiting for active requests to complete
2022-10-04 09:38:56,542 [tomcat-shutdown] INFO  org.springframework.boot.web.embedded.tomcat.GracefulShutdown(doShutdown:78) - Graceful shutdown complete
2022-10-04 09:40:00,459 [restartedMain] INFO  org.springframework.boot.devtools.restart.ChangeableUrls(logTo:255) - The Class-Path manifest attribute in C:\Users\LAB_01\.gradle\caches\modules-2\files-2.1\com.oracle.database.nls\orai18n\21.5.0.0\a073ce669c94e444c45036c0e528eb03fb30a46e\orai18n-21.5.0.0.jar referenced one or more files that do not exist: file:/C:/Users/LAB_01/.gradle/caches/modules-2/files-2.1/com.oracle.database.nls/orai18n/21.5.0.0/a073ce669c94e444c45036c0e528eb03fb30a46e/orai18n-mapping.jar,file:/C:/Users/LAB_01/.gradle/caches/modules-2/files-2.1/com.oracle.database.nls/orai18n/21.5.0.0/a073ce669c94e444c45036c0e528eb03fb30a46e/orai18n-utility.jar,file:/C:/Users/LAB_01/.gradle/caches/modules-2/files-2.1/com.oracle.database.nls/orai18n/21.5.0.0/a073ce669c94e444c45036c0e528eb03fb30a46e/orai18n-collation.jar,file:/C:/Users/LAB_01/.gradle/caches/modules-2/files-2.1/com.oracle.database.nls/orai18n/21.5.0.0/a073ce669c94e444c45036c0e528eb03fb30a46e/orai18n-translation.jar,file:/C:/Users/LAB_01/.gradle/caches/modules-2/files-2.1/com.oracle.database.nls/orai18n/21.5.0.0/a073ce669c94e444c45036c0e528eb03fb30a46e/orai18n-net.jar,file:/C:/Users/LAB_01/.gradle/caches/modules-2/files-2.1/com.oracle.database.nls/orai18n/21.5.0.0/a073ce669c94e444c45036c0e528eb03fb30a46e/orai18n-servlet.jar,file:/C:/Users/LAB_01/.gradle/caches/modules-2/files-2.1/com.oracle.database.nls/orai18n/21.5.0.0/a073ce669c94e444c45036c0e528eb03fb30a46e/orai18n-lcsd.jar,file:/C:/Users/LAB_01/.gradle/caches/modules-2/files-2.1/com.oracle.database.nls/orai18n/21.5.0.0/a073ce669c94e444c45036c0e528eb03fb30a46e/orai18n-tools.jar,file:/C:/Users/LAB_01/.gradle/caches/modules-2/files-2.1/com.oracle.database.nls/orai18n/21.5.0.0/a073ce669c94e444c45036c0e528eb03fb30a46e/gdk_custom.jar
2022-10-04 09:40:00,460 [restartedMain] INFO  org.springframework.boot.devtools.restart.ChangeableUrls(logTo:255) - The Class-Path manifest attribute in C:\Users\LAB_01\.gradle\caches\modules-2\files-2.1\com.oracle.database.jdbc\ojdbc8\21.5.0.0\eb13f0948ca8675f71d59b5e8a1129d4c6189e7a\ojdbc8-21.5.0.0.jar referenced one or more files that do not exist: file:/C:/Users/LAB_01/.gradle/caches/modules-2/files-2.1/com.oracle.database.jdbc/ojdbc8/21.5.0.0/eb13f0948ca8675f71d59b5e8a1129d4c6189e7a/oraclepki.jar
2022-10-04 09:40:00,460 [restartedMain] INFO  org.springframework.boot.devtools.env.DevToolsPropertyDefaultsPostProcessor(logTo:255) - Devtools property defaults active! Set 'spring.devtools.add-properties' to 'false' to disable
2022-10-04 09:40:00,460 [restartedMain] INFO  org.springframework.boot.devtools.env.DevToolsPropertyDefaultsPostProcessor(logTo:255) - For additional web related logging consider setting the 'logging.level.web' property to 'DEBUG'
2022-10-04 09:40:01,431 [restartedMain] INFO  org.springframework.boot.web.embedded.tomcat.TomcatWebServer(initialize:108) - Tomcat initialized with port(s): 9090 (http)
2022-10-04 09:40:01,515 [restartedMain] INFO  org.springframework.boot.web.servlet.context.ServletWebServerApplicationContext(prepareWebApplicationContext:292) - Root WebApplicationContext: initialization completed in 1053 ms
2022-10-04 09:40:01,595 [restartedMain] WARN  org.springframework.boot.web.servlet.context.AnnotationConfigServletWebServerApplicationContext(refresh:591) - Exception encountered during context initialization - cancelling refresh attempt: org.springframework.beans.factory.UnsatisfiedDependencyException: Error creating bean with name 'adminController' defined in file [D:\int_workspaces\magazine-admin\build\classes\java\main\com\changbi\magazineadmin\controller\admin\AdminController.class]: Unsatisfied dependency expressed through constructor parameter 0; nested exception is org.springframework.beans.factory.NoSuchBeanDefinitionException: No qualifying bean of type 'com.changbi.magazineadmin.service.AdminService' available: expected at least 1 bean which qualifies as autowire candidate. Dependency annotations: {}
2022-10-04 09:40:01,721 [restartedMain] INFO  org.springframework.boot.autoconfigure.logging.ConditionEvaluationReportLoggingListener(logMessage:136) - 

Error starting ApplicationContext. To display the conditions report re-run your application with 'debug' enabled.
2022-10-04 09:40:01,740 [restartedMain] ERROR org.springframework.boot.diagnostics.LoggingFailureAnalysisReporter(report:40) - 

***************************
APPLICATION FAILED TO START
***************************

Description:

Parameter 0 of constructor in com.changbi.magazineadmin.controller.admin.AdminController required a bean of type 'com.changbi.magazineadmin.service.AdminService' that could not be found.


Action:

Consider defining a bean of type 'com.changbi.magazineadmin.service.AdminService' in your configuration.

2022-10-04 09:40:10,767 [restartedMain] INFO  org.springframework.boot.devtools.restart.ChangeableUrls(logTo:255) - The Class-Path manifest attribute in C:\Users\LAB_01\.gradle\caches\modules-2\files-2.1\com.oracle.database.nls\orai18n\21.5.0.0\a073ce669c94e444c45036c0e528eb03fb30a46e\orai18n-21.5.0.0.jar referenced one or more files that do not exist: file:/C:/Users/LAB_01/.gradle/caches/modules-2/files-2.1/com.oracle.database.nls/orai18n/21.5.0.0/a073ce669c94e444c45036c0e528eb03fb30a46e/orai18n-mapping.jar,file:/C:/Users/LAB_01/.gradle/caches/modules-2/files-2.1/com.oracle.database.nls/orai18n/21.5.0.0/a073ce669c94e444c45036c0e528eb03fb30a46e/orai18n-utility.jar,file:/C:/Users/LAB_01/.gradle/caches/modules-2/files-2.1/com.oracle.database.nls/orai18n/21.5.0.0/a073ce669c94e444c45036c0e528eb03fb30a46e/orai18n-collation.jar,file:/C:/Users/LAB_01/.gradle/caches/modules-2/files-2.1/com.oracle.database.nls/orai18n/21.5.0.0/a073ce669c94e444c45036c0e528eb03fb30a46e/orai18n-translation.jar,file:/C:/Users/LAB_01/.gradle/caches/modules-2/files-2.1/com.oracle.database.nls/orai18n/21.5.0.0/a073ce669c94e444c45036c0e528eb03fb30a46e/orai18n-net.jar,file:/C:/Users/LAB_01/.gradle/caches/modules-2/files-2.1/com.oracle.database.nls/orai18n/21.5.0.0/a073ce669c94e444c45036c0e528eb03fb30a46e/orai18n-servlet.jar,file:/C:/Users/LAB_01/.gradle/caches/modules-2/files-2.1/com.oracle.database.nls/orai18n/21.5.0.0/a073ce669c94e444c45036c0e528eb03fb30a46e/orai18n-lcsd.jar,file:/C:/Users/LAB_01/.gradle/caches/modules-2/files-2.1/com.oracle.database.nls/orai18n/21.5.0.0/a073ce669c94e444c45036c0e528eb03fb30a46e/orai18n-tools.jar,file:/C:/Users/LAB_01/.gradle/caches/modules-2/files-2.1/com.oracle.database.nls/orai18n/21.5.0.0/a073ce669c94e444c45036c0e528eb03fb30a46e/gdk_custom.jar
2022-10-04 09:40:10,768 [restartedMain] INFO  org.springframework.boot.devtools.restart.ChangeableUrls(logTo:255) - The Class-Path manifest attribute in C:\Users\LAB_01\.gradle\caches\modules-2\files-2.1\com.oracle.database.jdbc\ojdbc8\21.5.0.0\eb13f0948ca8675f71d59b5e8a1129d4c6189e7a\ojdbc8-21.5.0.0.jar referenced one or more files that do not exist: file:/C:/Users/LAB_01/.gradle/caches/modules-2/files-2.1/com.oracle.database.jdbc/ojdbc8/21.5.0.0/eb13f0948ca8675f71d59b5e8a1129d4c6189e7a/oraclepki.jar
2022-10-04 09:40:10,768 [restartedMain] INFO  org.springframework.boot.devtools.env.DevToolsPropertyDefaultsPostProcessor(logTo:255) - Devtools property defaults active! Set 'spring.devtools.add-properties' to 'false' to disable
2022-10-04 09:40:10,768 [restartedMain] INFO  org.springframework.boot.devtools.env.DevToolsPropertyDefaultsPostProcessor(logTo:255) - For additional web related logging consider setting the 'logging.level.web' property to 'DEBUG'
2022-10-04 09:40:11,736 [restartedMain] INFO  org.springframework.boot.web.embedded.tomcat.TomcatWebServer(initialize:108) - Tomcat initialized with port(s): 9090 (http)
2022-10-04 09:40:11,818 [restartedMain] INFO  org.springframework.boot.web.servlet.context.ServletWebServerApplicationContext(prepareWebApplicationContext:292) - Root WebApplicationContext: initialization completed in 1050 ms
2022-10-04 09:40:12,196 [restartedMain] WARN  org.springframework.boot.web.servlet.context.AnnotationConfigServletWebServerApplicationContext(refresh:591) - Exception encountered during context initialization - cancelling refresh attempt: org.springframework.beans.factory.UnsatisfiedDependencyException: Error creating bean with name 'adminController' defined in file [D:\int_workspaces\magazine-admin\build\classes\java\main\com\changbi\magazineadmin\controller\admin\AdminController.class]: Unsatisfied dependency expressed through constructor parameter 0; nested exception is org.springframework.beans.factory.UnsatisfiedDependencyException: Error creating bean with name 'adminService' defined in file [D:\int_workspaces\magazine-admin\build\classes\java\main\com\changbi\magazineadmin\service\AdminService.class]: Unsatisfied dependency expressed through constructor parameter 2; nested exception is org.springframework.beans.factory.NoSuchBeanDefinitionException: No qualifying bean of type 'org.springframework.security.crypto.bcrypt.BCryptPasswordEncoder' available: expected at least 1 bean which qualifies as autowire candidate. Dependency annotations: {}
2022-10-04 09:40:12,212 [restartedMain] INFO  org.springframework.boot.autoconfigure.logging.ConditionEvaluationReportLoggingListener(logMessage:136) - 

Error starting ApplicationContext. To display the conditions report re-run your application with 'debug' enabled.
2022-10-04 09:40:12,231 [restartedMain] ERROR org.springframework.boot.diagnostics.LoggingFailureAnalysisReporter(report:40) - 

***************************
APPLICATION FAILED TO START
***************************

Description:

Parameter 2 of constructor in com.changbi.magazineadmin.service.AdminService required a bean of type 'org.springframework.security.crypto.bcrypt.BCryptPasswordEncoder' that could not be found.


Action:

Consider defining a bean of type 'org.springframework.security.crypto.bcrypt.BCryptPasswordEncoder' in your configuration.

2022-10-04 09:41:07,120 [restartedMain] INFO  org.springframework.boot.devtools.restart.ChangeableUrls(logTo:255) - The Class-Path manifest attribute in C:\Users\LAB_01\.gradle\caches\modules-2\files-2.1\com.oracle.database.nls\orai18n\21.5.0.0\a073ce669c94e444c45036c0e528eb03fb30a46e\orai18n-21.5.0.0.jar referenced one or more files that do not exist: file:/C:/Users/LAB_01/.gradle/caches/modules-2/files-2.1/com.oracle.database.nls/orai18n/21.5.0.0/a073ce669c94e444c45036c0e528eb03fb30a46e/orai18n-mapping.jar,file:/C:/Users/LAB_01/.gradle/caches/modules-2/files-2.1/com.oracle.database.nls/orai18n/21.5.0.0/a073ce669c94e444c45036c0e528eb03fb30a46e/orai18n-utility.jar,file:/C:/Users/LAB_01/.gradle/caches/modules-2/files-2.1/com.oracle.database.nls/orai18n/21.5.0.0/a073ce669c94e444c45036c0e528eb03fb30a46e/orai18n-collation.jar,file:/C:/Users/LAB_01/.gradle/caches/modules-2/files-2.1/com.oracle.database.nls/orai18n/21.5.0.0/a073ce669c94e444c45036c0e528eb03fb30a46e/orai18n-translation.jar,file:/C:/Users/LAB_01/.gradle/caches/modules-2/files-2.1/com.oracle.database.nls/orai18n/21.5.0.0/a073ce669c94e444c45036c0e528eb03fb30a46e/orai18n-net.jar,file:/C:/Users/LAB_01/.gradle/caches/modules-2/files-2.1/com.oracle.database.nls/orai18n/21.5.0.0/a073ce669c94e444c45036c0e528eb03fb30a46e/orai18n-servlet.jar,file:/C:/Users/LAB_01/.gradle/caches/modules-2/files-2.1/com.oracle.database.nls/orai18n/21.5.0.0/a073ce669c94e444c45036c0e528eb03fb30a46e/orai18n-lcsd.jar,file:/C:/Users/LAB_01/.gradle/caches/modules-2/files-2.1/com.oracle.database.nls/orai18n/21.5.0.0/a073ce669c94e444c45036c0e528eb03fb30a46e/orai18n-tools.jar,file:/C:/Users/LAB_01/.gradle/caches/modules-2/files-2.1/com.oracle.database.nls/orai18n/21.5.0.0/a073ce669c94e444c45036c0e528eb03fb30a46e/gdk_custom.jar
2022-10-04 09:41:07,121 [restartedMain] INFO  org.springframework.boot.devtools.restart.ChangeableUrls(logTo:255) - The Class-Path manifest attribute in C:\Users\LAB_01\.gradle\caches\modules-2\files-2.1\com.oracle.database.jdbc\ojdbc8\21.5.0.0\eb13f0948ca8675f71d59b5e8a1129d4c6189e7a\ojdbc8-21.5.0.0.jar referenced one or more files that do not exist: file:/C:/Users/LAB_01/.gradle/caches/modules-2/files-2.1/com.oracle.database.jdbc/ojdbc8/21.5.0.0/eb13f0948ca8675f71d59b5e8a1129d4c6189e7a/oraclepki.jar
2022-10-04 09:41:07,121 [restartedMain] INFO  org.springframework.boot.devtools.env.DevToolsPropertyDefaultsPostProcessor(logTo:255) - Devtools property defaults active! Set 'spring.devtools.add-properties' to 'false' to disable
2022-10-04 09:41:07,121 [restartedMain] INFO  org.springframework.boot.devtools.env.DevToolsPropertyDefaultsPostProcessor(logTo:255) - For additional web related logging consider setting the 'logging.level.web' property to 'DEBUG'
2022-10-04 09:41:07,933 [restartedMain] INFO  org.springframework.boot.web.embedded.tomcat.TomcatWebServer(initialize:108) - Tomcat initialized with port(s): 9090 (http)
2022-10-04 09:41:08,000 [restartedMain] INFO  org.springframework.boot.web.servlet.context.ServletWebServerApplicationContext(prepareWebApplicationContext:292) - Root WebApplicationContext: initialization completed in 878 ms
2022-10-04 09:41:08,425 [restartedMain] INFO  org.springframework.boot.autoconfigure.web.servlet.WelcomePageHandlerMapping(<init>:57) - Adding welcome page template: index
2022-10-04 09:41:08,549 [restartedMain] INFO  org.springframework.security.web.DefaultSecurityFilterChain(<init>:55) - Will secure any request with [org.springframework.security.web.session.DisableEncodeUrlFilter@7100a375, org.springframework.security.web.context.request.async.WebAsyncManagerIntegrationFilter@64a2f48a, org.springframework.security.web.context.SecurityContextPersistenceFilter@2011818a, org.springframework.security.web.header.HeaderWriterFilter@39ffa5bb, org.springframework.web.filter.CorsFilter@5b5058a0, org.springframework.security.web.authentication.logout.LogoutFilter@3f28e3d0, org.springframework.security.web.authentication.UsernamePasswordAuthenticationFilter@9d3d58c, org.springframework.security.web.session.ConcurrentSessionFilter@2ec8d1d8, org.springframework.security.web.savedrequest.RequestCacheAwareFilter@3a07d2f1, org.springframework.security.web.servletapi.SecurityContextHolderAwareRequestFilter@33887df7, org.springframework.security.web.authentication.AnonymousAuthenticationFilter@4abd27f6, org.springframework.security.web.session.SessionManagementFilter@407a38cd, org.springframework.security.web.access.ExceptionTranslationFilter@2feda161, org.springframework.security.web.access.intercept.FilterSecurityInterceptor@3c32cff4]
2022-10-04 09:41:08,730 [restartedMain] INFO  org.springframework.boot.devtools.autoconfigure.OptionalLiveReloadServer(startServer:58) - LiveReload server is running on port 35729
2022-10-04 09:41:08,759 [restartedMain] INFO  org.springframework.boot.web.embedded.tomcat.TomcatWebServer(start:220) - Tomcat started on port(s): 9090 (http) with context path ''
2022-10-04 09:41:20,939 [Thread-8] INFO  org.springframework.boot.web.embedded.tomcat.GracefulShutdown(shutDownGracefully:53) - Commencing graceful shutdown. Waiting for active requests to complete
2022-10-04 09:41:21,931 [tomcat-shutdown] INFO  org.springframework.boot.web.embedded.tomcat.GracefulShutdown(doShutdown:78) - Graceful shutdown complete
2022-10-04 09:41:22,320 [restartedMain] INFO  org.springframework.boot.web.embedded.tomcat.TomcatWebServer(initialize:108) - Tomcat initialized with port(s): 9090 (http)
2022-10-04 09:41:22,337 [restartedMain] INFO  org.springframework.boot.web.servlet.context.ServletWebServerApplicationContext(prepareWebApplicationContext:292) - Root WebApplicationContext: initialization completed in 261 ms
2022-10-04 09:41:22,439 [restartedMain] INFO  org.springframework.boot.autoconfigure.web.servlet.WelcomePageHandlerMapping(<init>:57) - Adding welcome page template: index
2022-10-04 09:41:22,475 [restartedMain] INFO  org.springframework.security.web.DefaultSecurityFilterChain(<init>:55) - Will secure any request with [org.springframework.security.web.session.DisableEncodeUrlFilter@6c9878b, org.springframework.security.web.context.request.async.WebAsyncManagerIntegrationFilter@6874d362, org.springframework.security.web.context.SecurityContextPersistenceFilter@f3d9a7f, org.springframework.security.web.header.HeaderWriterFilter@8a9debc, org.springframework.web.filter.CorsFilter@5cb01eb, org.springframework.security.web.authentication.logout.LogoutFilter@65bdc668, org.springframework.security.web.authentication.UsernamePasswordAuthenticationFilter@1f864bb5, org.springframework.security.web.session.ConcurrentSessionFilter@6c141633, org.springframework.security.web.savedrequest.RequestCacheAwareFilter@49a7f91a, org.springframework.security.web.servletapi.SecurityContextHolderAwareRequestFilter@4ad97845, org.springframework.security.web.authentication.AnonymousAuthenticationFilter@283d2904, org.springframework.security.web.session.SessionManagementFilter@fd1958e, org.springframework.security.web.access.ExceptionTranslationFilter@7452e305, org.springframework.security.web.access.intercept.FilterSecurityInterceptor@3bbadd0a]
2022-10-04 09:41:22,511 [restartedMain] INFO  org.springframework.boot.devtools.autoconfigure.OptionalLiveReloadServer(startServer:58) - LiveReload server is running on port 35729
2022-10-04 09:41:22,520 [restartedMain] INFO  org.springframework.boot.web.embedded.tomcat.TomcatWebServer(start:220) - Tomcat started on port(s): 9090 (http) with context path ''
2022-10-04 09:41:22,526 [restartedMain] INFO  org.springframework.boot.devtools.autoconfigure.ConditionEvaluationDeltaLoggingListener(onApplicationEvent:63) - Condition evaluation unchanged
2022-10-04 09:41:22,736 [http-nio-9090-exec-1] INFO  org.springframework.web.servlet.DispatcherServlet(initServletBean:525) - Initializing Servlet 'dispatcherServlet'
2022-10-04 09:41:22,737 [http-nio-9090-exec-1] INFO  org.springframework.web.servlet.DispatcherServlet(initServletBean:547) - Completed initialization in 1 ms
2022-10-04 09:41:24,026 [Thread-14] INFO  org.springframework.boot.web.embedded.tomcat.GracefulShutdown(shutDownGracefully:53) - Commencing graceful shutdown. Waiting for active requests to complete
2022-10-04 09:41:24,921 [tomcat-shutdown] INFO  org.springframework.boot.web.embedded.tomcat.GracefulShutdown(doShutdown:78) - Graceful shutdown complete
2022-10-04 09:41:25,346 [restartedMain] INFO  org.springframework.boot.web.embedded.tomcat.TomcatWebServer(initialize:108) - Tomcat initialized with port(s): 9090 (http)
2022-10-04 09:41:25,366 [restartedMain] INFO  org.springframework.boot.web.servlet.context.ServletWebServerApplicationContext(prepareWebApplicationContext:292) - Root WebApplicationContext: initialization completed in 304 ms
2022-10-04 09:41:25,465 [restartedMain] INFO  org.springframework.boot.autoconfigure.web.servlet.WelcomePageHandlerMapping(<init>:57) - Adding welcome page template: index
2022-10-04 09:41:25,498 [restartedMain] INFO  org.springframework.security.web.DefaultSecurityFilterChain(<init>:55) - Will secure any request with [org.springframework.security.web.session.DisableEncodeUrlFilter@533f6c03, org.springframework.security.web.context.request.async.WebAsyncManagerIntegrationFilter@5814dbe6, org.springframework.security.web.context.SecurityContextPersistenceFilter@f69f0e5, org.springframework.security.web.header.HeaderWriterFilter@24329b14, org.springframework.web.filter.CorsFilter@7d8be4e1, org.springframework.security.web.authentication.logout.LogoutFilter@591a7f19, org.springframework.security.web.authentication.UsernamePasswordAuthenticationFilter@51977ab3, org.springframework.security.web.session.ConcurrentSessionFilter@14acb059, org.springframework.security.web.savedrequest.RequestCacheAwareFilter@3f332027, org.springframework.security.web.servletapi.SecurityContextHolderAwareRequestFilter@68eb112e, org.springframework.security.web.authentication.AnonymousAuthenticationFilter@17a34b01, org.springframework.security.web.session.SessionManagementFilter@5fc119c6, org.springframework.security.web.access.ExceptionTranslationFilter@427b34b5, org.springframework.security.web.access.intercept.FilterSecurityInterceptor@730ac61b]
2022-10-04 09:41:25,536 [restartedMain] INFO  org.springframework.boot.devtools.autoconfigure.OptionalLiveReloadServer(startServer:58) - LiveReload server is running on port 35729
2022-10-04 09:41:25,545 [restartedMain] INFO  org.springframework.boot.web.embedded.tomcat.TomcatWebServer(start:220) - Tomcat started on port(s): 9090 (http) with context path ''
2022-10-04 09:41:25,549 [restartedMain] INFO  org.springframework.boot.devtools.autoconfigure.ConditionEvaluationDeltaLoggingListener(onApplicationEvent:63) - Condition evaluation unchanged
2022-10-04 09:41:57,020 [Thread-18] INFO  org.springframework.boot.web.embedded.tomcat.GracefulShutdown(shutDownGracefully:53) - Commencing graceful shutdown. Waiting for active requests to complete
2022-10-04 09:41:58,340 [tomcat-shutdown] INFO  org.springframework.boot.web.embedded.tomcat.GracefulShutdown(doShutdown:78) - Graceful shutdown complete
2022-10-04 09:41:58,888 [restartedMain] INFO  org.springframework.boot.web.embedded.tomcat.TomcatWebServer(initialize:108) - Tomcat initialized with port(s): 9090 (http)
2022-10-04 09:41:58,907 [restartedMain] INFO  org.springframework.boot.web.servlet.context.ServletWebServerApplicationContext(prepareWebApplicationContext:292) - Root WebApplicationContext: initialization completed in 418 ms
2022-10-04 09:41:59,040 [restartedMain] INFO  org.springframework.boot.autoconfigure.web.servlet.WelcomePageHandlerMapping(<init>:57) - Adding welcome page template: index
2022-10-04 09:41:59,073 [restartedMain] INFO  org.springframework.security.web.DefaultSecurityFilterChain(<init>:55) - Will secure any request with [org.springframework.security.web.session.DisableEncodeUrlFilter@5210b2bc, org.springframework.security.web.context.request.async.WebAsyncManagerIntegrationFilter@41b76d65, org.springframework.security.web.context.SecurityContextPersistenceFilter@7cee1818, org.springframework.security.web.header.HeaderWriterFilter@79313190, org.springframework.web.filter.CorsFilter@53ddf39a, org.springframework.security.web.authentication.logout.LogoutFilter@3cebf299, org.springframework.security.web.authentication.UsernamePasswordAuthenticationFilter@30628e57, org.springframework.security.web.session.ConcurrentSessionFilter@7ba2a430, org.springframework.security.web.savedrequest.RequestCacheAwareFilter@c230ba4, org.springframework.security.web.servletapi.SecurityContextHolderAwareRequestFilter@5ea4ae90, org.springframework.security.web.authentication.AnonymousAuthenticationFilter@77e9cf80, org.springframework.security.web.session.SessionManagementFilter@291f6951, org.springframework.security.web.access.ExceptionTranslationFilter@550a5824, org.springframework.security.web.access.intercept.FilterSecurityInterceptor@58494637]
2022-10-04 09:41:59,109 [restartedMain] INFO  org.springframework.boot.devtools.autoconfigure.OptionalLiveReloadServer(startServer:58) - LiveReload server is running on port 35729
2022-10-04 09:41:59,119 [restartedMain] INFO  org.springframework.boot.web.embedded.tomcat.TomcatWebServer(start:220) - Tomcat started on port(s): 9090 (http) with context path ''
2022-10-04 09:41:59,126 [restartedMain] INFO  org.springframework.boot.devtools.autoconfigure.ConditionEvaluationDeltaLoggingListener(onApplicationEvent:63) - Condition evaluation unchanged
2022-10-04 09:42:00,630 [Thread-22] INFO  org.springframework.boot.web.embedded.tomcat.GracefulShutdown(shutDownGracefully:53) - Commencing graceful shutdown. Waiting for active requests to complete
2022-10-04 09:42:01,700 [tomcat-shutdown] INFO  org.springframework.boot.web.embedded.tomcat.GracefulShutdown(doShutdown:78) - Graceful shutdown complete
2022-10-04 09:42:02,053 [restartedMain] INFO  org.springframework.boot.web.embedded.tomcat.TomcatWebServer(initialize:108) - Tomcat initialized with port(s): 9090 (http)
2022-10-04 09:42:02,070 [restartedMain] INFO  org.springframework.boot.web.servlet.context.ServletWebServerApplicationContext(prepareWebApplicationContext:292) - Root WebApplicationContext: initialization completed in 249 ms
2022-10-04 09:42:02,173 [restartedMain] INFO  org.springframework.boot.autoconfigure.web.servlet.WelcomePageHandlerMapping(<init>:57) - Adding welcome page template: index
2022-10-04 09:42:02,207 [restartedMain] INFO  org.springframework.security.web.DefaultSecurityFilterChain(<init>:55) - Will secure any request with [org.springframework.security.web.session.DisableEncodeUrlFilter@47f7826, org.springframework.security.web.context.request.async.WebAsyncManagerIntegrationFilter@450b9408, org.springframework.security.web.context.SecurityContextPersistenceFilter@7815007, org.springframework.security.web.header.HeaderWriterFilter@404baa36, org.springframework.web.filter.CorsFilter@26f63634, org.springframework.security.web.authentication.logout.LogoutFilter@4baa85d9, org.springframework.security.web.authentication.UsernamePasswordAuthenticationFilter@5ded6747, org.springframework.security.web.session.ConcurrentSessionFilter@4e0f5e47, org.springframework.security.web.savedrequest.RequestCacheAwareFilter@1a0640db, org.springframework.security.web.servletapi.SecurityContextHolderAwareRequestFilter@72ef710e, org.springframework.security.web.authentication.AnonymousAuthenticationFilter@1017baf2, org.springframework.security.web.session.SessionManagementFilter@2c988326, org.springframework.security.web.access.ExceptionTranslationFilter@430148c1, org.springframework.security.web.access.intercept.FilterSecurityInterceptor@387b7ca9]
2022-10-04 09:42:02,242 [restartedMain] INFO  org.springframework.boot.devtools.autoconfigure.OptionalLiveReloadServer(startServer:58) - LiveReload server is running on port 35729
2022-10-04 09:42:02,252 [restartedMain] INFO  org.springframework.boot.web.embedded.tomcat.TomcatWebServer(start:220) - Tomcat started on port(s): 9090 (http) with context path ''
2022-10-04 09:42:02,256 [restartedMain] INFO  org.springframework.boot.devtools.autoconfigure.ConditionEvaluationDeltaLoggingListener(onApplicationEvent:63) - Condition evaluation unchanged
2022-10-04 09:42:05,063 [SpringApplicationShutdownHook] INFO  org.springframework.boot.web.embedded.tomcat.GracefulShutdown(shutDownGracefully:53) - Commencing graceful shutdown. Waiting for active requests to complete
2022-10-04 09:42:05,999 [tomcat-shutdown] INFO  org.springframework.boot.web.embedded.tomcat.GracefulShutdown(doShutdown:78) - Graceful shutdown complete
2022-10-04 09:48:28,589 [restartedMain] INFO  org.springframework.boot.devtools.restart.ChangeableUrls(logTo:255) - The Class-Path manifest attribute in C:\Users\LAB_01\.gradle\caches\modules-2\files-2.1\com.oracle.database.nls\orai18n\21.5.0.0\a073ce669c94e444c45036c0e528eb03fb30a46e\orai18n-21.5.0.0.jar referenced one or more files that do not exist: file:/C:/Users/LAB_01/.gradle/caches/modules-2/files-2.1/com.oracle.database.nls/orai18n/21.5.0.0/a073ce669c94e444c45036c0e528eb03fb30a46e/orai18n-mapping.jar,file:/C:/Users/LAB_01/.gradle/caches/modules-2/files-2.1/com.oracle.database.nls/orai18n/21.5.0.0/a073ce669c94e444c45036c0e528eb03fb30a46e/orai18n-utility.jar,file:/C:/Users/LAB_01/.gradle/caches/modules-2/files-2.1/com.oracle.database.nls/orai18n/21.5.0.0/a073ce669c94e444c45036c0e528eb03fb30a46e/orai18n-collation.jar,file:/C:/Users/LAB_01/.gradle/caches/modules-2/files-2.1/com.oracle.database.nls/orai18n/21.5.0.0/a073ce669c94e444c45036c0e528eb03fb30a46e/orai18n-translation.jar,file:/C:/Users/LAB_01/.gradle/caches/modules-2/files-2.1/com.oracle.database.nls/orai18n/21.5.0.0/a073ce669c94e444c45036c0e528eb03fb30a46e/orai18n-net.jar,file:/C:/Users/LAB_01/.gradle/caches/modules-2/files-2.1/com.oracle.database.nls/orai18n/21.5.0.0/a073ce669c94e444c45036c0e528eb03fb30a46e/orai18n-servlet.jar,file:/C:/Users/LAB_01/.gradle/caches/modules-2/files-2.1/com.oracle.database.nls/orai18n/21.5.0.0/a073ce669c94e444c45036c0e528eb03fb30a46e/orai18n-lcsd.jar,file:/C:/Users/LAB_01/.gradle/caches/modules-2/files-2.1/com.oracle.database.nls/orai18n/21.5.0.0/a073ce669c94e444c45036c0e528eb03fb30a46e/orai18n-tools.jar,file:/C:/Users/LAB_01/.gradle/caches/modules-2/files-2.1/com.oracle.database.nls/orai18n/21.5.0.0/a073ce669c94e444c45036c0e528eb03fb30a46e/gdk_custom.jar
2022-10-04 09:48:28,590 [restartedMain] INFO  org.springframework.boot.devtools.restart.ChangeableUrls(logTo:255) - The Class-Path manifest attribute in C:\Users\LAB_01\.gradle\caches\modules-2\files-2.1\com.oracle.database.jdbc\ojdbc8\21.5.0.0\eb13f0948ca8675f71d59b5e8a1129d4c6189e7a\ojdbc8-21.5.0.0.jar referenced one or more files that do not exist: file:/C:/Users/LAB_01/.gradle/caches/modules-2/files-2.1/com.oracle.database.jdbc/ojdbc8/21.5.0.0/eb13f0948ca8675f71d59b5e8a1129d4c6189e7a/oraclepki.jar
2022-10-04 09:48:28,590 [restartedMain] INFO  org.springframework.boot.devtools.env.DevToolsPropertyDefaultsPostProcessor(logTo:255) - Devtools property defaults active! Set 'spring.devtools.add-properties' to 'false' to disable
2022-10-04 09:48:28,590 [restartedMain] INFO  org.springframework.boot.devtools.env.DevToolsPropertyDefaultsPostProcessor(logTo:255) - For additional web related logging consider setting the 'logging.level.web' property to 'DEBUG'
2022-10-04 09:48:29,476 [restartedMain] INFO  org.springframework.boot.web.embedded.tomcat.TomcatWebServer(initialize:108) - Tomcat initialized with port(s): 9090 (http)
2022-10-04 09:48:29,547 [restartedMain] INFO  org.springframework.boot.web.servlet.context.ServletWebServerApplicationContext(prepareWebApplicationContext:292) - Root WebApplicationContext: initialization completed in 957 ms
2022-10-04 09:48:30,005 [restartedMain] INFO  org.springframework.boot.autoconfigure.web.servlet.WelcomePageHandlerMapping(<init>:57) - Adding welcome page template: index
2022-10-04 09:48:30,115 [restartedMain] INFO  org.springframework.security.web.DefaultSecurityFilterChain(<init>:55) - Will secure any request with [org.springframework.security.web.session.DisableEncodeUrlFilter@16698b3c, org.springframework.security.web.context.request.async.WebAsyncManagerIntegrationFilter@25bed6a5, org.springframework.security.web.context.SecurityContextPersistenceFilter@39559f95, org.springframework.security.web.header.HeaderWriterFilter@3735c7bb, org.springframework.web.filter.CorsFilter@6144250, org.springframework.security.web.authentication.logout.LogoutFilter@307771e4, org.springframework.security.web.authentication.UsernamePasswordAuthenticationFilter@4959d5e4, org.springframework.security.web.session.ConcurrentSessionFilter@5a035cdb, org.springframework.security.web.savedrequest.RequestCacheAwareFilter@52a03d4d, org.springframework.security.web.servletapi.SecurityContextHolderAwareRequestFilter@79cb98d4, org.springframework.security.web.authentication.AnonymousAuthenticationFilter@2659431c, org.springframework.security.web.session.SessionManagementFilter@58faa509, org.springframework.security.web.access.ExceptionTranslationFilter@2f44e826, org.springframework.security.web.access.intercept.FilterSecurityInterceptor@192b4143]
2022-10-04 09:48:30,287 [restartedMain] INFO  org.springframework.boot.devtools.autoconfigure.OptionalLiveReloadServer(startServer:58) - LiveReload server is running on port 35729
2022-10-04 09:48:30,315 [restartedMain] INFO  org.springframework.boot.web.embedded.tomcat.TomcatWebServer(start:220) - Tomcat started on port(s): 9090 (http) with context path ''
2022-10-04 09:48:31,279 [SpringApplicationShutdownHook] INFO  org.springframework.boot.web.embedded.tomcat.GracefulShutdown(shutDownGracefully:53) - Commencing graceful shutdown. Waiting for active requests to complete
2022-10-04 09:48:32,215 [tomcat-shutdown] INFO  org.springframework.boot.web.embedded.tomcat.GracefulShutdown(doShutdown:78) - Graceful shutdown complete
2022-10-04 09:49:45,112 [restartedMain] INFO  org.springframework.boot.devtools.restart.ChangeableUrls(logTo:255) - The Class-Path manifest attribute in C:\Users\LAB_01\.gradle\caches\modules-2\files-2.1\com.oracle.database.nls\orai18n\21.5.0.0\a073ce669c94e444c45036c0e528eb03fb30a46e\orai18n-21.5.0.0.jar referenced one or more files that do not exist: file:/C:/Users/LAB_01/.gradle/caches/modules-2/files-2.1/com.oracle.database.nls/orai18n/21.5.0.0/a073ce669c94e444c45036c0e528eb03fb30a46e/orai18n-mapping.jar,file:/C:/Users/LAB_01/.gradle/caches/modules-2/files-2.1/com.oracle.database.nls/orai18n/21.5.0.0/a073ce669c94e444c45036c0e528eb03fb30a46e/orai18n-utility.jar,file:/C:/Users/LAB_01/.gradle/caches/modules-2/files-2.1/com.oracle.database.nls/orai18n/21.5.0.0/a073ce669c94e444c45036c0e528eb03fb30a46e/orai18n-collation.jar,file:/C:/Users/LAB_01/.gradle/caches/modules-2/files-2.1/com.oracle.database.nls/orai18n/21.5.0.0/a073ce669c94e444c45036c0e528eb03fb30a46e/orai18n-translation.jar,file:/C:/Users/LAB_01/.gradle/caches/modules-2/files-2.1/com.oracle.database.nls/orai18n/21.5.0.0/a073ce669c94e444c45036c0e528eb03fb30a46e/orai18n-net.jar,file:/C:/Users/LAB_01/.gradle/caches/modules-2/files-2.1/com.oracle.database.nls/orai18n/21.5.0.0/a073ce669c94e444c45036c0e528eb03fb30a46e/orai18n-servlet.jar,file:/C:/Users/LAB_01/.gradle/caches/modules-2/files-2.1/com.oracle.database.nls/orai18n/21.5.0.0/a073ce669c94e444c45036c0e528eb03fb30a46e/orai18n-lcsd.jar,file:/C:/Users/LAB_01/.gradle/caches/modules-2/files-2.1/com.oracle.database.nls/orai18n/21.5.0.0/a073ce669c94e444c45036c0e528eb03fb30a46e/orai18n-tools.jar,file:/C:/Users/LAB_01/.gradle/caches/modules-2/files-2.1/com.oracle.database.nls/orai18n/21.5.0.0/a073ce669c94e444c45036c0e528eb03fb30a46e/gdk_custom.jar
2022-10-04 09:49:45,113 [restartedMain] INFO  org.springframework.boot.devtools.restart.ChangeableUrls(logTo:255) - The Class-Path manifest attribute in C:\Users\LAB_01\.gradle\caches\modules-2\files-2.1\com.oracle.database.jdbc\ojdbc8\21.5.0.0\eb13f0948ca8675f71d59b5e8a1129d4c6189e7a\ojdbc8-21.5.0.0.jar referenced one or more files that do not exist: file:/C:/Users/LAB_01/.gradle/caches/modules-2/files-2.1/com.oracle.database.jdbc/ojdbc8/21.5.0.0/eb13f0948ca8675f71d59b5e8a1129d4c6189e7a/oraclepki.jar
2022-10-04 09:49:45,113 [restartedMain] INFO  org.springframework.boot.devtools.env.DevToolsPropertyDefaultsPostProcessor(logTo:255) - Devtools property defaults active! Set 'spring.devtools.add-properties' to 'false' to disable
2022-10-04 09:49:45,113 [restartedMain] INFO  org.springframework.boot.devtools.env.DevToolsPropertyDefaultsPostProcessor(logTo:255) - For additional web related logging consider setting the 'logging.level.web' property to 'DEBUG'
2022-10-04 09:49:46,078 [restartedMain] INFO  org.springframework.boot.web.embedded.tomcat.TomcatWebServer(initialize:108) - Tomcat initialized with port(s): 9090 (http)
2022-10-04 09:49:46,171 [restartedMain] INFO  org.springframework.boot.web.servlet.context.ServletWebServerApplicationContext(prepareWebApplicationContext:292) - Root WebApplicationContext: initialization completed in 1057 ms
2022-10-04 09:49:46,715 [restartedMain] INFO  org.springframework.boot.autoconfigure.web.servlet.WelcomePageHandlerMapping(<init>:57) - Adding welcome page template: index
2022-10-04 09:49:46,845 [restartedMain] INFO  org.springframework.security.web.DefaultSecurityFilterChain(<init>:55) - Will secure any request with [org.springframework.security.web.session.DisableEncodeUrlFilter@4959d5e4, org.springframework.security.web.context.request.async.WebAsyncManagerIntegrationFilter@26ec910d, org.springframework.security.web.context.SecurityContextPersistenceFilter@1b3e4179, org.springframework.security.web.header.HeaderWriterFilter@111c9dfa, org.springframework.web.filter.CorsFilter@5a91d7ac, org.springframework.security.web.authentication.logout.LogoutFilter@2e37429c, org.springframework.security.web.authentication.UsernamePasswordAuthenticationFilter@192b4143, org.springframework.security.web.session.ConcurrentSessionFilter@c7003b5, org.springframework.security.web.savedrequest.RequestCacheAwareFilter@19535965, org.springframework.security.web.servletapi.SecurityContextHolderAwareRequestFilter@335ffb6b, org.springframework.security.web.authentication.AnonymousAuthenticationFilter@8285d74, org.springframework.security.web.session.SessionManagementFilter@6a274567, org.springframework.security.web.access.ExceptionTranslationFilter@31281ecc, org.springframework.security.web.access.intercept.FilterSecurityInterceptor@7d00074c]
2022-10-04 09:49:47,044 [restartedMain] INFO  org.springframework.boot.devtools.autoconfigure.OptionalLiveReloadServer(startServer:58) - LiveReload server is running on port 35729
2022-10-04 09:49:47,074 [restartedMain] INFO  org.springframework.boot.web.embedded.tomcat.TomcatWebServer(start:220) - Tomcat started on port(s): 9090 (http) with context path ''
2022-10-04 09:49:54,030 [http-nio-9090-exec-1] INFO  org.springframework.web.servlet.DispatcherServlet(initServletBean:525) - Initializing Servlet 'dispatcherServlet'
2022-10-04 09:49:54,030 [http-nio-9090-exec-1] INFO  org.springframework.web.servlet.DispatcherServlet(initServletBean:547) - Completed initialization in 0 ms
2022-10-04 09:50:11,291 [SpringApplicationShutdownHook] INFO  org.springframework.boot.web.embedded.tomcat.GracefulShutdown(shutDownGracefully:53) - Commencing graceful shutdown. Waiting for active requests to complete
2022-10-04 09:50:12,254 [tomcat-shutdown] INFO  org.springframework.boot.web.embedded.tomcat.GracefulShutdown(doShutdown:78) - Graceful shutdown complete
2022-10-04 09:50:31,541 [restartedMain] INFO  org.springframework.boot.devtools.restart.ChangeableUrls(logTo:255) - The Class-Path manifest attribute in C:\Users\LAB_01\.gradle\caches\modules-2\files-2.1\com.oracle.database.nls\orai18n\21.5.0.0\a073ce669c94e444c45036c0e528eb03fb30a46e\orai18n-21.5.0.0.jar referenced one or more files that do not exist: file:/C:/Users/LAB_01/.gradle/caches/modules-2/files-2.1/com.oracle.database.nls/orai18n/21.5.0.0/a073ce669c94e444c45036c0e528eb03fb30a46e/orai18n-mapping.jar,file:/C:/Users/LAB_01/.gradle/caches/modules-2/files-2.1/com.oracle.database.nls/orai18n/21.5.0.0/a073ce669c94e444c45036c0e528eb03fb30a46e/orai18n-utility.jar,file:/C:/Users/LAB_01/.gradle/caches/modules-2/files-2.1/com.oracle.database.nls/orai18n/21.5.0.0/a073ce669c94e444c45036c0e528eb03fb30a46e/orai18n-collation.jar,file:/C:/Users/LAB_01/.gradle/caches/modules-2/files-2.1/com.oracle.database.nls/orai18n/21.5.0.0/a073ce669c94e444c45036c0e528eb03fb30a46e/orai18n-translation.jar,file:/C:/Users/LAB_01/.gradle/caches/modules-2/files-2.1/com.oracle.database.nls/orai18n/21.5.0.0/a073ce669c94e444c45036c0e528eb03fb30a46e/orai18n-net.jar,file:/C:/Users/LAB_01/.gradle/caches/modules-2/files-2.1/com.oracle.database.nls/orai18n/21.5.0.0/a073ce669c94e444c45036c0e528eb03fb30a46e/orai18n-servlet.jar,file:/C:/Users/LAB_01/.gradle/caches/modules-2/files-2.1/com.oracle.database.nls/orai18n/21.5.0.0/a073ce669c94e444c45036c0e528eb03fb30a46e/orai18n-lcsd.jar,file:/C:/Users/LAB_01/.gradle/caches/modules-2/files-2.1/com.oracle.database.nls/orai18n/21.5.0.0/a073ce669c94e444c45036c0e528eb03fb30a46e/orai18n-tools.jar,file:/C:/Users/LAB_01/.gradle/caches/modules-2/files-2.1/com.oracle.database.nls/orai18n/21.5.0.0/a073ce669c94e444c45036c0e528eb03fb30a46e/gdk_custom.jar
2022-10-04 09:50:31,542 [restartedMain] INFO  org.springframework.boot.devtools.restart.ChangeableUrls(logTo:255) - The Class-Path manifest attribute in C:\Users\LAB_01\.gradle\caches\modules-2\files-2.1\com.oracle.database.jdbc\ojdbc8\21.5.0.0\eb13f0948ca8675f71d59b5e8a1129d4c6189e7a\ojdbc8-21.5.0.0.jar referenced one or more files that do not exist: file:/C:/Users/LAB_01/.gradle/caches/modules-2/files-2.1/com.oracle.database.jdbc/ojdbc8/21.5.0.0/eb13f0948ca8675f71d59b5e8a1129d4c6189e7a/oraclepki.jar
2022-10-04 09:50:31,542 [restartedMain] INFO  org.springframework.boot.devtools.env.DevToolsPropertyDefaultsPostProcessor(logTo:255) - Devtools property defaults active! Set 'spring.devtools.add-properties' to 'false' to disable
2022-10-04 09:50:31,542 [restartedMain] INFO  org.springframework.boot.devtools.env.DevToolsPropertyDefaultsPostProcessor(logTo:255) - For additional web related logging consider setting the 'logging.level.web' property to 'DEBUG'
2022-10-04 09:50:32,369 [restartedMain] INFO  org.springframework.boot.web.embedded.tomcat.TomcatWebServer(initialize:108) - Tomcat initialized with port(s): 9090 (http)
2022-10-04 09:50:32,453 [restartedMain] INFO  org.springframework.boot.web.servlet.context.ServletWebServerApplicationContext(prepareWebApplicationContext:292) - Root WebApplicationContext: initialization completed in 910 ms
2022-10-04 09:50:32,978 [restartedMain] INFO  org.springframework.boot.autoconfigure.web.servlet.WelcomePageHandlerMapping(<init>:57) - Adding welcome page template: index
2022-10-04 09:50:33,093 [restartedMain] INFO  org.springframework.security.web.DefaultSecurityFilterChain(<init>:55) - Will secure any request with [org.springframework.security.web.session.DisableEncodeUrlFilter@4dcfedbf, org.springframework.security.web.context.request.async.WebAsyncManagerIntegrationFilter@ae5fe90, org.springframework.security.web.context.SecurityContextPersistenceFilter@526c6287, org.springframework.security.web.header.HeaderWriterFilter@37aa9b27, org.springframework.web.filter.CorsFilter@76eb4b1b, org.springframework.security.web.authentication.logout.LogoutFilter@47050ef1, org.springframework.security.web.authentication.UsernamePasswordAuthenticationFilter@1b207fe8, org.springframework.security.web.session.ConcurrentSessionFilter@78c8efe4, org.springframework.security.web.savedrequest.RequestCacheAwareFilter@2e3b6c5b, org.springframework.security.web.servletapi.SecurityContextHolderAwareRequestFilter@676a2ad1, org.springframework.security.web.authentication.AnonymousAuthenticationFilter@5e61b5c, org.springframework.security.web.session.SessionManagementFilter@1518688c, org.springframework.security.web.access.ExceptionTranslationFilter@52081f4a, org.springframework.security.web.access.intercept.FilterSecurityInterceptor@96b4cc5]
2022-10-04 09:50:33,289 [restartedMain] INFO  org.springframework.boot.devtools.autoconfigure.OptionalLiveReloadServer(startServer:58) - LiveReload server is running on port 35729
2022-10-04 09:50:33,317 [restartedMain] INFO  org.springframework.boot.web.embedded.tomcat.TomcatWebServer(start:220) - Tomcat started on port(s): 9090 (http) with context path ''
2022-10-04 09:50:37,228 [http-nio-9090-exec-1] INFO  org.springframework.web.servlet.DispatcherServlet(initServletBean:525) - Initializing Servlet 'dispatcherServlet'
2022-10-04 09:50:37,229 [http-nio-9090-exec-1] INFO  org.springframework.web.servlet.DispatcherServlet(initServletBean:547) - Completed initialization in 1 ms
2022-10-04 09:52:28,124 [SpringApplicationShutdownHook] INFO  org.springframework.boot.web.embedded.tomcat.GracefulShutdown(shutDownGracefully:53) - Commencing graceful shutdown. Waiting for active requests to complete
2022-10-04 09:52:29,082 [tomcat-shutdown] INFO  org.springframework.boot.web.embedded.tomcat.GracefulShutdown(doShutdown:78) - Graceful shutdown complete
2022-10-04 09:52:45,477 [restartedMain] INFO  org.springframework.boot.devtools.restart.ChangeableUrls(logTo:255) - The Class-Path manifest attribute in C:\Users\LAB_01\.gradle\caches\modules-2\files-2.1\com.oracle.database.nls\orai18n\21.5.0.0\a073ce669c94e444c45036c0e528eb03fb30a46e\orai18n-21.5.0.0.jar referenced one or more files that do not exist: file:/C:/Users/LAB_01/.gradle/caches/modules-2/files-2.1/com.oracle.database.nls/orai18n/21.5.0.0/a073ce669c94e444c45036c0e528eb03fb30a46e/orai18n-mapping.jar,file:/C:/Users/LAB_01/.gradle/caches/modules-2/files-2.1/com.oracle.database.nls/orai18n/21.5.0.0/a073ce669c94e444c45036c0e528eb03fb30a46e/orai18n-utility.jar,file:/C:/Users/LAB_01/.gradle/caches/modules-2/files-2.1/com.oracle.database.nls/orai18n/21.5.0.0/a073ce669c94e444c45036c0e528eb03fb30a46e/orai18n-collation.jar,file:/C:/Users/LAB_01/.gradle/caches/modules-2/files-2.1/com.oracle.database.nls/orai18n/21.5.0.0/a073ce669c94e444c45036c0e528eb03fb30a46e/orai18n-translation.jar,file:/C:/Users/LAB_01/.gradle/caches/modules-2/files-2.1/com.oracle.database.nls/orai18n/21.5.0.0/a073ce669c94e444c45036c0e528eb03fb30a46e/orai18n-net.jar,file:/C:/Users/LAB_01/.gradle/caches/modules-2/files-2.1/com.oracle.database.nls/orai18n/21.5.0.0/a073ce669c94e444c45036c0e528eb03fb30a46e/orai18n-servlet.jar,file:/C:/Users/LAB_01/.gradle/caches/modules-2/files-2.1/com.oracle.database.nls/orai18n/21.5.0.0/a073ce669c94e444c45036c0e528eb03fb30a46e/orai18n-lcsd.jar,file:/C:/Users/LAB_01/.gradle/caches/modules-2/files-2.1/com.oracle.database.nls/orai18n/21.5.0.0/a073ce669c94e444c45036c0e528eb03fb30a46e/orai18n-tools.jar,file:/C:/Users/LAB_01/.gradle/caches/modules-2/files-2.1/com.oracle.database.nls/orai18n/21.5.0.0/a073ce669c94e444c45036c0e528eb03fb30a46e/gdk_custom.jar
2022-10-04 09:52:45,478 [restartedMain] INFO  org.springframework.boot.devtools.restart.ChangeableUrls(logTo:255) - The Class-Path manifest attribute in C:\Users\LAB_01\.gradle\caches\modules-2\files-2.1\com.oracle.database.jdbc\ojdbc8\21.5.0.0\eb13f0948ca8675f71d59b5e8a1129d4c6189e7a\ojdbc8-21.5.0.0.jar referenced one or more files that do not exist: file:/C:/Users/LAB_01/.gradle/caches/modules-2/files-2.1/com.oracle.database.jdbc/ojdbc8/21.5.0.0/eb13f0948ca8675f71d59b5e8a1129d4c6189e7a/oraclepki.jar
2022-10-04 09:52:45,478 [restartedMain] INFO  org.springframework.boot.devtools.env.DevToolsPropertyDefaultsPostProcessor(logTo:255) - Devtools property defaults active! Set 'spring.devtools.add-properties' to 'false' to disable
2022-10-04 09:52:45,478 [restartedMain] INFO  org.springframework.boot.devtools.env.DevToolsPropertyDefaultsPostProcessor(logTo:255) - For additional web related logging consider setting the 'logging.level.web' property to 'DEBUG'
2022-10-04 09:52:46,416 [restartedMain] INFO  org.springframework.boot.web.embedded.tomcat.TomcatWebServer(initialize:108) - Tomcat initialized with port(s): 9090 (http)
2022-10-04 09:52:46,522 [restartedMain] INFO  org.springframework.boot.web.servlet.context.ServletWebServerApplicationContext(prepareWebApplicationContext:292) - Root WebApplicationContext: initialization completed in 1043 ms
2022-10-04 09:52:47,007 [restartedMain] INFO  org.springframework.boot.autoconfigure.web.servlet.WelcomePageHandlerMapping(<init>:57) - Adding welcome page template: index
2022-10-04 09:52:47,119 [restartedMain] INFO  org.springframework.security.web.DefaultSecurityFilterChain(<init>:55) - Will secure any request with [org.springframework.security.web.session.DisableEncodeUrlFilter@31cc9dd7, org.springframework.security.web.context.request.async.WebAsyncManagerIntegrationFilter@704e3cfe, org.springframework.security.web.context.SecurityContextPersistenceFilter@5b3832aa, org.springframework.security.web.header.HeaderWriterFilter@207d8021, org.springframework.web.filter.CorsFilter@4fba5ad0, org.springframework.security.web.authentication.logout.LogoutFilter@5287209f, org.springframework.security.web.authentication.UsernamePasswordAuthenticationFilter@6144250, org.springframework.security.web.session.ConcurrentSessionFilter@526d1833, org.springframework.security.web.savedrequest.RequestCacheAwareFilter@50d2c412, org.springframework.security.web.servletapi.SecurityContextHolderAwareRequestFilter@4196b301, org.springframework.security.web.authentication.AnonymousAuthenticationFilter@4a6030b6, org.springframework.security.web.session.SessionManagementFilter@51a94ce1, org.springframework.security.web.access.ExceptionTranslationFilter@52a03d4d, org.springframework.security.web.access.intercept.FilterSecurityInterceptor@5a91d7ac]
2022-10-04 09:52:47,298 [restartedMain] INFO  org.springframework.boot.devtools.autoconfigure.OptionalLiveReloadServer(startServer:58) - LiveReload server is running on port 35729
2022-10-04 09:52:47,327 [restartedMain] INFO  org.springframework.boot.web.embedded.tomcat.TomcatWebServer(start:220) - Tomcat started on port(s): 9090 (http) with context path ''
2022-10-04 09:52:59,606 [http-nio-9090-exec-1] INFO  org.springframework.web.servlet.DispatcherServlet(initServletBean:525) - Initializing Servlet 'dispatcherServlet'
2022-10-04 09:52:59,607 [http-nio-9090-exec-1] INFO  org.springframework.web.servlet.DispatcherServlet(initServletBean:547) - Completed initialization in 1 ms
2022-10-04 09:53:54,397 [SpringApplicationShutdownHook] INFO  org.springframework.boot.web.embedded.tomcat.GracefulShutdown(shutDownGracefully:53) - Commencing graceful shutdown. Waiting for active requests to complete
2022-10-04 09:53:55,298 [tomcat-shutdown] INFO  org.springframework.boot.web.embedded.tomcat.GracefulShutdown(doShutdown:78) - Graceful shutdown complete
2022-10-04 09:56:05,715 [restartedMain] INFO  org.springframework.boot.devtools.restart.ChangeableUrls(logTo:255) - The Class-Path manifest attribute in C:\Users\LAB_01\.gradle\caches\modules-2\files-2.1\com.oracle.database.nls\orai18n\21.5.0.0\a073ce669c94e444c45036c0e528eb03fb30a46e\orai18n-21.5.0.0.jar referenced one or more files that do not exist: file:/C:/Users/LAB_01/.gradle/caches/modules-2/files-2.1/com.oracle.database.nls/orai18n/21.5.0.0/a073ce669c94e444c45036c0e528eb03fb30a46e/orai18n-mapping.jar,file:/C:/Users/LAB_01/.gradle/caches/modules-2/files-2.1/com.oracle.database.nls/orai18n/21.5.0.0/a073ce669c94e444c45036c0e528eb03fb30a46e/orai18n-utility.jar,file:/C:/Users/LAB_01/.gradle/caches/modules-2/files-2.1/com.oracle.database.nls/orai18n/21.5.0.0/a073ce669c94e444c45036c0e528eb03fb30a46e/orai18n-collation.jar,file:/C:/Users/LAB_01/.gradle/caches/modules-2/files-2.1/com.oracle.database.nls/orai18n/21.5.0.0/a073ce669c94e444c45036c0e528eb03fb30a46e/orai18n-translation.jar,file:/C:/Users/LAB_01/.gradle/caches/modules-2/files-2.1/com.oracle.database.nls/orai18n/21.5.0.0/a073ce669c94e444c45036c0e528eb03fb30a46e/orai18n-net.jar,file:/C:/Users/LAB_01/.gradle/caches/modules-2/files-2.1/com.oracle.database.nls/orai18n/21.5.0.0/a073ce669c94e444c45036c0e528eb03fb30a46e/orai18n-servlet.jar,file:/C:/Users/LAB_01/.gradle/caches/modules-2/files-2.1/com.oracle.database.nls/orai18n/21.5.0.0/a073ce669c94e444c45036c0e528eb03fb30a46e/orai18n-lcsd.jar,file:/C:/Users/LAB_01/.gradle/caches/modules-2/files-2.1/com.oracle.database.nls/orai18n/21.5.0.0/a073ce669c94e444c45036c0e528eb03fb30a46e/orai18n-tools.jar,file:/C:/Users/LAB_01/.gradle/caches/modules-2/files-2.1/com.oracle.database.nls/orai18n/21.5.0.0/a073ce669c94e444c45036c0e528eb03fb30a46e/gdk_custom.jar
2022-10-04 09:56:05,716 [restartedMain] INFO  org.springframework.boot.devtools.restart.ChangeableUrls(logTo:255) - The Class-Path manifest attribute in C:\Users\LAB_01\.gradle\caches\modules-2\files-2.1\com.oracle.database.jdbc\ojdbc8\21.5.0.0\eb13f0948ca8675f71d59b5e8a1129d4c6189e7a\ojdbc8-21.5.0.0.jar referenced one or more files that do not exist: file:/C:/Users/LAB_01/.gradle/caches/modules-2/files-2.1/com.oracle.database.jdbc/ojdbc8/21.5.0.0/eb13f0948ca8675f71d59b5e8a1129d4c6189e7a/oraclepki.jar
2022-10-04 09:56:05,716 [restartedMain] INFO  org.springframework.boot.devtools.env.DevToolsPropertyDefaultsPostProcessor(logTo:255) - Devtools property defaults active! Set 'spring.devtools.add-properties' to 'false' to disable
2022-10-04 09:56:05,716 [restartedMain] INFO  org.springframework.boot.devtools.env.DevToolsPropertyDefaultsPostProcessor(logTo:255) - For additional web related logging consider setting the 'logging.level.web' property to 'DEBUG'
2022-10-04 09:56:06,677 [restartedMain] INFO  org.springframework.boot.web.embedded.tomcat.TomcatWebServer(initialize:108) - Tomcat initialized with port(s): 9090 (http)
2022-10-04 09:56:06,759 [restartedMain] INFO  org.springframework.boot.web.servlet.context.ServletWebServerApplicationContext(prepareWebApplicationContext:292) - Root WebApplicationContext: initialization completed in 1042 ms
2022-10-04 09:56:07,253 [restartedMain] INFO  org.springframework.boot.autoconfigure.web.servlet.WelcomePageHandlerMapping(<init>:57) - Adding welcome page template: index
2022-10-04 09:56:07,378 [restartedMain] INFO  org.springframework.security.web.DefaultSecurityFilterChain(<init>:55) - Will secure any request with [org.springframework.security.web.session.DisableEncodeUrlFilter@6588e803, org.springframework.security.web.context.request.async.WebAsyncManagerIntegrationFilter@331c71c3, org.springframework.security.web.context.SecurityContextPersistenceFilter@5ce5ab1b, org.springframework.security.web.header.HeaderWriterFilter@3e149d0e, org.springframework.web.filter.CorsFilter@2fc01c4b, org.springframework.security.web.authentication.logout.LogoutFilter@2ea922b2, org.springframework.security.web.authentication.UsernamePasswordAuthenticationFilter@401d0020, org.springframework.security.web.session.ConcurrentSessionFilter@311f443c, org.springframework.security.web.savedrequest.RequestCacheAwareFilter@3bd681c3, org.springframework.security.web.servletapi.SecurityContextHolderAwareRequestFilter@651c677b, org.springframework.security.web.authentication.AnonymousAuthenticationFilter@5f8dff3f, org.springframework.security.web.session.SessionManagementFilter@1bd30f1e, org.springframework.security.web.access.ExceptionTranslationFilter@171a2d2, org.springframework.security.web.access.intercept.FilterSecurityInterceptor@5e8e574]
2022-10-04 09:56:07,575 [restartedMain] INFO  org.springframework.boot.devtools.autoconfigure.OptionalLiveReloadServer(startServer:58) - LiveReload server is running on port 35729
2022-10-04 09:56:07,604 [restartedMain] INFO  org.springframework.boot.web.embedded.tomcat.TomcatWebServer(start:220) - Tomcat started on port(s): 9090 (http) with context path ''
2022-10-04 09:56:18,676 [http-nio-9090-exec-1] INFO  org.springframework.web.servlet.DispatcherServlet(initServletBean:525) - Initializing Servlet 'dispatcherServlet'
2022-10-04 09:56:18,676 [http-nio-9090-exec-1] INFO  org.springframework.web.servlet.DispatcherServlet(initServletBean:547) - Completed initialization in 0 ms
2022-10-04 09:56:31,784 [SpringApplicationShutdownHook] INFO  org.springframework.boot.web.embedded.tomcat.GracefulShutdown(shutDownGracefully:53) - Commencing graceful shutdown. Waiting for active requests to complete
2022-10-04 09:56:32,722 [tomcat-shutdown] INFO  org.springframework.boot.web.embedded.tomcat.GracefulShutdown(doShutdown:78) - Graceful shutdown complete
